--------------- Clean Started: 07/27/2018 15:03:39 Project: CARD-rev4, Configuration: ARM GCC 5.4-2016-q2-update Debug ---------------
Deleting file ".\CortexM0\ARM_GCC_541\Debug\main.o"
Deleting file ".\CortexM0\ARM_GCC_541\Debug\usbserialprotocol.o"
Deleting file ".\CortexM0\ARM_GCC_541\Debug\gcm.o"
Deleting file ".\CortexM0\ARM_GCC_541\Debug\ccopy.o"
Deleting file ".\CortexM0\ARM_GCC_541\Debug\dec16be.o"
Deleting file ".\CortexM0\ARM_GCC_541\Debug\dec16le.o"
Deleting file ".\CortexM0\ARM_GCC_541\Debug\dec32be.o"
Deleting file ".\CortexM0\ARM_GCC_541\Debug\dec32le.o"
Deleting file ".\CortexM0\ARM_GCC_541\Debug\dec64be.o"
Deleting file ".\CortexM0\ARM_GCC_541\Debug\dec64le.o"
Deleting file ".\CortexM0\ARM_GCC_541\Debug\enc16be.o"
Deleting file ".\CortexM0\ARM_GCC_541\Debug\enc16le.o"
Deleting file ".\CortexM0\ARM_GCC_541\Debug\enc32be.o"
Deleting file ".\CortexM0\ARM_GCC_541\Debug\enc32le.o"
Deleting file ".\CortexM0\ARM_GCC_541\Debug\enc64be.o"
Deleting file ".\CortexM0\ARM_GCC_541\Debug\enc64le.o"
Deleting file ".\CortexM0\ARM_GCC_541\Debug\pemdec.o"
Deleting file ".\CortexM0\ARM_GCC_541\Debug\ec_all_m15.o"
Deleting file ".\CortexM0\ARM_GCC_541\Debug\ec_all_m31.o"
Deleting file ".\CortexM0\ARM_GCC_541\Debug\ec_c25519_i15.o"
Deleting file ".\CortexM0\ARM_GCC_541\Debug\ec_c25519_i31.o"
Deleting file ".\CortexM0\ARM_GCC_541\Debug\ec_c25519_m15.o"
Deleting file ".\CortexM0\ARM_GCC_541\Debug\ec_c25519_m31.o"
Deleting file ".\CortexM0\ARM_GCC_541\Debug\ec_curve25519.o"
Deleting file ".\CortexM0\ARM_GCC_541\Debug\ec_default.o"
Deleting file ".\CortexM0\ARM_GCC_541\Debug\ec_p256_m15.o"
Deleting file ".\CortexM0\ARM_GCC_541\Debug\ec_p256_m31.o"
Deleting file ".\CortexM0\ARM_GCC_541\Debug\ec_prime_i15.o"
Deleting file ".\CortexM0\ARM_GCC_541\Debug\ec_prime_i31.o"
Deleting file ".\CortexM0\ARM_GCC_541\Debug\ec_secp256r1.o"
Deleting file ".\CortexM0\ARM_GCC_541\Debug\ec_secp384r1.o"
Deleting file ".\CortexM0\ARM_GCC_541\Debug\ec_secp521r1.o"
Deleting file ".\CortexM0\ARM_GCC_541\Debug\ecdsa_atr.o"
Deleting file ".\CortexM0\ARM_GCC_541\Debug\ecdsa_default_sign_asn1.o"
Deleting file ".\CortexM0\ARM_GCC_541\Debug\ecdsa_default_sign_raw.o"
Deleting file ".\CortexM0\ARM_GCC_541\Debug\ecdsa_default_vrfy_asn1.o"
Deleting file ".\CortexM0\ARM_GCC_541\Debug\ecdsa_default_vrfy_raw.o"
Deleting file ".\CortexM0\ARM_GCC_541\Debug\ecdsa_i15_bits.o"
Deleting file ".\CortexM0\ARM_GCC_541\Debug\ecdsa_i15_sign_asn1.o"
Deleting file ".\CortexM0\ARM_GCC_541\Debug\ecdsa_i15_sign_raw.o"
Deleting file ".\CortexM0\ARM_GCC_541\Debug\ecdsa_i15_vrfy_asn1.o"
Deleting file ".\CortexM0\ARM_GCC_541\Debug\ecdsa_i15_vrfy_raw.o"
Deleting file ".\CortexM0\ARM_GCC_541\Debug\ecdsa_i31_bits.o"
Deleting file ".\CortexM0\ARM_GCC_541\Debug\ecdsa_i31_sign_asn1.o"
Deleting file ".\CortexM0\ARM_GCC_541\Debug\ecdsa_i31_sign_raw.o"
Deleting file ".\CortexM0\ARM_GCC_541\Debug\ecdsa_i31_vrfy_asn1.o"
Deleting file ".\CortexM0\ARM_GCC_541\Debug\ecdsa_i31_vrfy_raw.o"
Deleting file ".\CortexM0\ARM_GCC_541\Debug\ecdsa_rta.o"
Deleting file ".\CortexM0\ARM_GCC_541\Debug\dig_oid.o"
Deleting file ".\CortexM0\ARM_GCC_541\Debug\dig_size.o"
Deleting file ".\CortexM0\ARM_GCC_541\Debug\ghash_ctmul.o"
Deleting file ".\CortexM0\ARM_GCC_541\Debug\ghash_ctmul32.o"
Deleting file ".\CortexM0\ARM_GCC_541\Debug\ghash_ctmul64.o"
Deleting file ".\CortexM0\ARM_GCC_541\Debug\ghash_pclmul.o"
Deleting file ".\CortexM0\ARM_GCC_541\Debug\ghash_pwr8.o"
Deleting file ".\CortexM0\ARM_GCC_541\Debug\md5.o"
Deleting file ".\CortexM0\ARM_GCC_541\Debug\md5sha1.o"
Deleting file ".\CortexM0\ARM_GCC_541\Debug\multihash.o"
Deleting file ".\CortexM0\ARM_GCC_541\Debug\sha1.o"
Deleting file ".\CortexM0\ARM_GCC_541\Debug\sha2big.o"
Deleting file ".\CortexM0\ARM_GCC_541\Debug\sha2small.o"
Deleting file ".\CortexM0\ARM_GCC_541\Debug\i15_add.o"
Deleting file ".\CortexM0\ARM_GCC_541\Debug\i15_bitlen.o"
Deleting file ".\CortexM0\ARM_GCC_541\Debug\i15_decmod.o"
Deleting file ".\CortexM0\ARM_GCC_541\Debug\i15_decode.o"
Deleting file ".\CortexM0\ARM_GCC_541\Debug\i15_decred.o"
Deleting file ".\CortexM0\ARM_GCC_541\Debug\i15_encode.o"
Deleting file ".\CortexM0\ARM_GCC_541\Debug\i15_fmont.o"
Deleting file ".\CortexM0\ARM_GCC_541\Debug\i15_iszero.o"
Deleting file ".\CortexM0\ARM_GCC_541\Debug\i15_modpow.o"
Deleting file ".\CortexM0\ARM_GCC_541\Debug\i15_modpow2.o"
Deleting file ".\CortexM0\ARM_GCC_541\Debug\i15_montmul.o"
Deleting file ".\CortexM0\ARM_GCC_541\Debug\i15_mulacc.o"
Deleting file ".\CortexM0\ARM_GCC_541\Debug\i15_muladd.o"
Deleting file ".\CortexM0\ARM_GCC_541\Debug\i15_ninv15.o"
Deleting file ".\CortexM0\ARM_GCC_541\Debug\i15_reduce.o"
Deleting file ".\CortexM0\ARM_GCC_541\Debug\i15_rshift.o"
Deleting file ".\CortexM0\ARM_GCC_541\Debug\i15_sub.o"
Deleting file ".\CortexM0\ARM_GCC_541\Debug\i15_tmont.o"
Deleting file ".\CortexM0\ARM_GCC_541\Debug\i31_add.o"
Deleting file ".\CortexM0\ARM_GCC_541\Debug\i31_bitlen.o"
Deleting file ".\CortexM0\ARM_GCC_541\Debug\i31_decmod.o"
Deleting file ".\CortexM0\ARM_GCC_541\Debug\i31_decode.o"
Deleting file ".\CortexM0\ARM_GCC_541\Debug\i31_decred.o"
Deleting file ".\CortexM0\ARM_GCC_541\Debug\i31_encode.o"
Deleting file ".\CortexM0\ARM_GCC_541\Debug\i31_fmont.o"
Deleting file ".\CortexM0\ARM_GCC_541\Debug\i31_iszero.o"
Deleting file ".\CortexM0\ARM_GCC_541\Debug\i31_modpow.o"
Deleting file ".\CortexM0\ARM_GCC_541\Debug\i31_modpow2.o"
Deleting file ".\CortexM0\ARM_GCC_541\Debug\i31_montmul.o"
Deleting file ".\CortexM0\ARM_GCC_541\Debug\i31_mulacc.o"
Deleting file ".\CortexM0\ARM_GCC_541\Debug\i31_muladd.o"
Deleting file ".\CortexM0\ARM_GCC_541\Debug\i31_ninv31.o"
Deleting file ".\CortexM0\ARM_GCC_541\Debug\i31_reduce.o"
Deleting file ".\CortexM0\ARM_GCC_541\Debug\i31_rshift.o"
Deleting file ".\CortexM0\ARM_GCC_541\Debug\i31_sub.o"
Deleting file ".\CortexM0\ARM_GCC_541\Debug\i31_tmont.o"
Deleting file ".\CortexM0\ARM_GCC_541\Debug\i32_add.o"
Deleting file ".\CortexM0\ARM_GCC_541\Debug\i32_bitlen.o"
Deleting file ".\CortexM0\ARM_GCC_541\Debug\i32_decmod.o"
Deleting file ".\CortexM0\ARM_GCC_541\Debug\i32_decode.o"
Deleting file ".\CortexM0\ARM_GCC_541\Debug\i32_decred.o"
Deleting file ".\CortexM0\ARM_GCC_541\Debug\i32_div32.o"
Deleting file ".\CortexM0\ARM_GCC_541\Debug\i32_encode.o"
Deleting file ".\CortexM0\ARM_GCC_541\Debug\i32_fmont.o"
Deleting file ".\CortexM0\ARM_GCC_541\Debug\i32_iszero.o"
Deleting file ".\CortexM0\ARM_GCC_541\Debug\i32_modpow.o"
Deleting file ".\CortexM0\ARM_GCC_541\Debug\i32_montmul.o"
Deleting file ".\CortexM0\ARM_GCC_541\Debug\i32_mulacc.o"
Deleting file ".\CortexM0\ARM_GCC_541\Debug\i32_muladd.o"
Deleting file ".\CortexM0\ARM_GCC_541\Debug\i32_ninv32.o"
Deleting file ".\CortexM0\ARM_GCC_541\Debug\i32_reduce.o"
Deleting file ".\CortexM0\ARM_GCC_541\Debug\i32_sub.o"
Deleting file ".\CortexM0\ARM_GCC_541\Debug\i32_tmont.o"
Deleting file ".\CortexM0\ARM_GCC_541\Debug\i62_modpow2.o"
Deleting file ".\CortexM0\ARM_GCC_541\Debug\hmac.o"
Deleting file ".\CortexM0\ARM_GCC_541\Debug\hmac_ct.o"
Deleting file ".\CortexM0\ARM_GCC_541\Debug\hmac_drbg.o"
Deleting file ".\CortexM0\ARM_GCC_541\Debug\rsa_default_pkcs1_sign.o"
Deleting file ".\CortexM0\ARM_GCC_541\Debug\rsa_default_pkcs1_vrfy.o"
Deleting file ".\CortexM0\ARM_GCC_541\Debug\rsa_default_priv.o"
Deleting file ".\CortexM0\ARM_GCC_541\Debug\rsa_default_pub.o"
Deleting file ".\CortexM0\ARM_GCC_541\Debug\rsa_i15_pkcs1_sign.o"
Deleting file ".\CortexM0\ARM_GCC_541\Debug\rsa_i15_pkcs1_vrfy.o"
Deleting file ".\CortexM0\ARM_GCC_541\Debug\rsa_i15_priv.o"
Deleting file ".\CortexM0\ARM_GCC_541\Debug\rsa_i15_pub.o"
Deleting file ".\CortexM0\ARM_GCC_541\Debug\rsa_i31_pkcs1_sign.o"
Deleting file ".\CortexM0\ARM_GCC_541\Debug\rsa_i31_pkcs1_vrfy.o"
Deleting file ".\CortexM0\ARM_GCC_541\Debug\rsa_i31_priv.o"
Deleting file ".\CortexM0\ARM_GCC_541\Debug\rsa_i31_pub.o"
Deleting file ".\CortexM0\ARM_GCC_541\Debug\rsa_i32_pkcs1_sign.o"
Deleting file ".\CortexM0\ARM_GCC_541\Debug\rsa_i32_pkcs1_vrfy.o"
Deleting file ".\CortexM0\ARM_GCC_541\Debug\rsa_i32_priv.o"
Deleting file ".\CortexM0\ARM_GCC_541\Debug\rsa_i32_pub.o"
Deleting file ".\CortexM0\ARM_GCC_541\Debug\rsa_i62_pkcs1_sign.o"
Deleting file ".\CortexM0\ARM_GCC_541\Debug\rsa_i62_pkcs1_vrfy.o"
Deleting file ".\CortexM0\ARM_GCC_541\Debug\rsa_i62_priv.o"
Deleting file ".\CortexM0\ARM_GCC_541\Debug\rsa_i62_pub.o"
Deleting file ".\CortexM0\ARM_GCC_541\Debug\rsa_pkcs1_sig_pad.o"
Deleting file ".\CortexM0\ARM_GCC_541\Debug\rsa_pkcs1_sig_unpad.o"
Deleting file ".\CortexM0\ARM_GCC_541\Debug\rsa_ssl_decrypt.o"
Deleting file ".\CortexM0\ARM_GCC_541\Debug\prf.o"
Deleting file ".\CortexM0\ARM_GCC_541\Debug\prf_md5sha1.o"
Deleting file ".\CortexM0\ARM_GCC_541\Debug\prf_sha256.o"
Deleting file ".\CortexM0\ARM_GCC_541\Debug\prf_sha384.o"
Deleting file ".\CortexM0\ARM_GCC_541\Debug\ssl_ccert_single_ec.o"
Deleting file ".\CortexM0\ARM_GCC_541\Debug\ssl_ccert_single_rsa.o"
Deleting file ".\CortexM0\ARM_GCC_541\Debug\ssl_client.o"
Deleting file ".\CortexM0\ARM_GCC_541\Debug\ssl_client_default_rsapub.o"
Deleting file ".\CortexM0\ARM_GCC_541\Debug\ssl_client_full.o"
Deleting file ".\CortexM0\ARM_GCC_541\Debug\ssl_engine.o"
Deleting file ".\CortexM0\ARM_GCC_541\Debug\ssl_engine_default_aescbc.o"
Deleting file ".\CortexM0\ARM_GCC_541\Debug\ssl_engine_default_aesgcm.o"
Deleting file ".\CortexM0\ARM_GCC_541\Debug\ssl_engine_default_chapol.o"
Deleting file ".\CortexM0\ARM_GCC_541\Debug\ssl_engine_default_descbc.o"
Deleting file ".\CortexM0\ARM_GCC_541\Debug\ssl_engine_default_ec.o"
Deleting file ".\CortexM0\ARM_GCC_541\Debug\ssl_engine_default_ecdsa.o"
Deleting file ".\CortexM0\ARM_GCC_541\Debug\ssl_engine_default_rsavrfy.o"
Deleting file ".\CortexM0\ARM_GCC_541\Debug\ssl_hashes.o"
Deleting file ".\CortexM0\ARM_GCC_541\Debug\ssl_hs_client.o"
Deleting file ".\CortexM0\ARM_GCC_541\Debug\ssl_hs_server.o"
Deleting file ".\CortexM0\ARM_GCC_541\Debug\ssl_io.o"
Deleting file ".\CortexM0\ARM_GCC_541\Debug\ssl_keyexport.o"
Deleting file ".\CortexM0\ARM_GCC_541\Debug\ssl_lru.o"
Deleting file ".\CortexM0\ARM_GCC_541\Debug\ssl_rec_cbc.o"
Deleting file ".\CortexM0\ARM_GCC_541\Debug\ssl_rec_chapol.o"
Deleting file ".\CortexM0\ARM_GCC_541\Debug\ssl_rec_gcm.o"
Deleting file ".\CortexM0\ARM_GCC_541\Debug\ssl_scert_single_ec.o"
Deleting file ".\CortexM0\ARM_GCC_541\Debug\ssl_scert_single_rsa.o"
Deleting file ".\CortexM0\ARM_GCC_541\Debug\ssl_server.o"
Deleting file ".\CortexM0\ARM_GCC_541\Debug\ssl_server_full_ec.o"
Deleting file ".\CortexM0\ARM_GCC_541\Debug\ssl_server_full_rsa.o"
Deleting file ".\CortexM0\ARM_GCC_541\Debug\ssl_server_mine2c.o"
Deleting file ".\CortexM0\ARM_GCC_541\Debug\ssl_server_mine2g.o"
Deleting file ".\CortexM0\ARM_GCC_541\Debug\ssl_server_minf2c.o"
Deleting file ".\CortexM0\ARM_GCC_541\Debug\ssl_server_minf2g.o"
Deleting file ".\CortexM0\ARM_GCC_541\Debug\ssl_server_minr2g.o"
Deleting file ".\CortexM0\ARM_GCC_541\Debug\ssl_server_minu2g.o"
Deleting file ".\CortexM0\ARM_GCC_541\Debug\ssl_server_minv2g.o"
Deleting file ".\CortexM0\ARM_GCC_541\Debug\aes_big_cbcdec.o"
Deleting file ".\CortexM0\ARM_GCC_541\Debug\aes_big_cbcenc.o"
Deleting file ".\CortexM0\ARM_GCC_541\Debug\aes_big_ctr.o"
Deleting file ".\CortexM0\ARM_GCC_541\Debug\aes_big_dec.o"
Deleting file ".\CortexM0\ARM_GCC_541\Debug\aes_big_enc.o"
Deleting file ".\CortexM0\ARM_GCC_541\Debug\aes_common.o"
Deleting file ".\CortexM0\ARM_GCC_541\Debug\aes_ct.o"
Deleting file ".\CortexM0\ARM_GCC_541\Debug\aes_ct_cbcdec.o"
Deleting file ".\CortexM0\ARM_GCC_541\Debug\aes_ct_cbcenc.o"
Deleting file ".\CortexM0\ARM_GCC_541\Debug\aes_ct_ctr.o"
Deleting file ".\CortexM0\ARM_GCC_541\Debug\aes_ct_dec.o"
Deleting file ".\CortexM0\ARM_GCC_541\Debug\aes_ct_enc.o"
Deleting file ".\CortexM0\ARM_GCC_541\Debug\aes_ct64.o"
Deleting file ".\CortexM0\ARM_GCC_541\Debug\aes_ct64_cbcdec.o"
Deleting file ".\CortexM0\ARM_GCC_541\Debug\aes_ct64_cbcenc.o"
Deleting file ".\CortexM0\ARM_GCC_541\Debug\aes_ct64_ctr.o"
Deleting file ".\CortexM0\ARM_GCC_541\Debug\aes_ct64_dec.o"
Deleting file ".\CortexM0\ARM_GCC_541\Debug\aes_ct64_enc.o"
Deleting file ".\CortexM0\ARM_GCC_541\Debug\aes_pwr8.o"
Deleting file ".\CortexM0\ARM_GCC_541\Debug\aes_pwr8_cbcdec.o"
Deleting file ".\CortexM0\ARM_GCC_541\Debug\aes_pwr8_cbcenc.o"
Deleting file ".\CortexM0\ARM_GCC_541\Debug\aes_pwr8_ctr.o"
Deleting file ".\CortexM0\ARM_GCC_541\Debug\aes_small_cbcdec.o"
Deleting file ".\CortexM0\ARM_GCC_541\Debug\aes_small_cbcenc.o"
Deleting file ".\CortexM0\ARM_GCC_541\Debug\aes_small_ctr.o"
Deleting file ".\CortexM0\ARM_GCC_541\Debug\aes_small_dec.o"
Deleting file ".\CortexM0\ARM_GCC_541\Debug\aes_small_enc.o"
Deleting file ".\CortexM0\ARM_GCC_541\Debug\aes_x86ni.o"
Deleting file ".\CortexM0\ARM_GCC_541\Debug\aes_x86ni_cbcdec.o"
Deleting file ".\CortexM0\ARM_GCC_541\Debug\aes_x86ni_cbcenc.o"
Deleting file ".\CortexM0\ARM_GCC_541\Debug\aes_x86ni_ctr.o"
Deleting file ".\CortexM0\ARM_GCC_541\Debug\chacha20_ct.o"
Deleting file ".\CortexM0\ARM_GCC_541\Debug\chacha20_sse2.o"
Deleting file ".\CortexM0\ARM_GCC_541\Debug\des_ct.o"
Deleting file ".\CortexM0\ARM_GCC_541\Debug\des_ct_cbcdec.o"
Deleting file ".\CortexM0\ARM_GCC_541\Debug\des_ct_cbcenc.o"
Deleting file ".\CortexM0\ARM_GCC_541\Debug\des_support.o"
Deleting file ".\CortexM0\ARM_GCC_541\Debug\des_tab.o"
Deleting file ".\CortexM0\ARM_GCC_541\Debug\des_tab_cbcdec.o"
Deleting file ".\CortexM0\ARM_GCC_541\Debug\des_tab_cbcenc.o"
Deleting file ".\CortexM0\ARM_GCC_541\Debug\poly1305_ctmul.o"
Deleting file ".\CortexM0\ARM_GCC_541\Debug\poly1305_ctmul32.o"
Deleting file ".\CortexM0\ARM_GCC_541\Debug\poly1305_ctmulq.o"
Deleting file ".\CortexM0\ARM_GCC_541\Debug\poly1305_i15.o"
Deleting file ".\CortexM0\ARM_GCC_541\Debug\skey_decoder.o"
Deleting file ".\CortexM0\ARM_GCC_541\Debug\x509_decoder.o"
Deleting file ".\CortexM0\ARM_GCC_541\Debug\x509_knownkey.o"
Deleting file ".\CortexM0\ARM_GCC_541\Debug\x509_minimal.o"
Deleting file ".\CortexM0\ARM_GCC_541\Debug\x509_minimal_full.o"
Deleting file ".\CortexM0\ARM_GCC_541\Debug\cyfitter_cfg.o"
Deleting file ".\CortexM0\ARM_GCC_541\Debug\cymetadata.o"
Deleting file ".\CortexM0\ARM_GCC_541\Debug\UART.o"
Deleting file ".\CortexM0\ARM_GCC_541\Debug\UART_PM.o"
Deleting file ".\CortexM0\ARM_GCC_541\Debug\UART_INT.o"
Deleting file ".\CortexM0\ARM_GCC_541\Debug\UART_BOOT.o"
Deleting file ".\CortexM0\ARM_GCC_541\Debug\UART_IntClock.o"
Deleting file ".\CortexM0\ARM_GCC_541\Debug\cy_em_eeprom.o"
Deleting file ".\CortexM0\ARM_GCC_541\Debug\Cm0Start.o"
Deleting file ".\CortexM0\ARM_GCC_541\Debug\CyFlash.o"
Deleting file ".\CortexM0\ARM_GCC_541\Debug\CyLib.o"
Deleting file ".\CortexM0\ARM_GCC_541\Debug\cyPm.o"
Deleting file ".\CortexM0\ARM_GCC_541\Debug\cyutils.o"
Deleting file ".\CortexM0\ARM_GCC_541\Debug\CyBootAsmGnu.o"
Deleting file ".\CortexM0\ARM_GCC_541\Debug\CyLFClk.o"
Deleting file ".\CortexM0\ARM_GCC_541\Debug\CARD-rev4.hex"
Deleting file ".\CortexM0\ARM_GCC_541\Debug\CARD-rev4.elf"
Deleting file ".\CortexM0\ARM_GCC_541\Debug\CARD-rev4.map"
Deleting file ".\CARD-rev4.cycdx"
Deleting file ".\CARD-rev4.svd"
Deleting file ".\CARD-rev4.rpt"
Deleting file ".\CARD-rev4_timing.html"
Deleting file ".\CortexM0\ARM_GCC_541\Debug\.deps\SOURCE_C__ARM_GCC_GENERIC.P"
Deleting file ".\CortexM0\ARM_GCC_541\Debug\.deps\SOURCE_ASM__ARM_GCC_GENERIC.P"
--------------- Clean Succeeded: 07/27/2018 15:03:39 ---------------
