--------------- Rebuild Started: 07/16/2018 13:25:55 Project: bank-protocol, Configuration: ARM GCC 5.4-2016-q2-update Debug ---------------
Deleting file ".\CortexM0\ARM_GCC_541\Debug\main.o"
Deleting file ".\CortexM0\ARM_GCC_541\Debug\cyfitter_cfg.o"
Deleting file ".\CortexM0\ARM_GCC_541\Debug\cymetadata.o"
Deleting file ".\CortexM0\ARM_GCC_541\Debug\ADC_1P.o"
Deleting file ".\CortexM0\ARM_GCC_541\Debug\ADC_1P_PM.o"
Deleting file ".\CortexM0\ARM_GCC_541\Debug\ADC_0.o"
Deleting file ".\CortexM0\ARM_GCC_541\Debug\ADC_0_PM.o"
Deleting file ".\CortexM0\ARM_GCC_541\Debug\CapSense.o"
Deleting file ".\CortexM0\ARM_GCC_541\Debug\CapSense_PM.o"
Deleting file ".\CortexM0\ARM_GCC_541\Debug\CapSense_CSHL.o"
Deleting file ".\CortexM0\ARM_GCC_541\Debug\CapSense_INT.o"
Deleting file ".\CortexM0\ARM_GCC_541\Debug\CapSense_TunerHelper.o"
Deleting file ".\CortexM0\ARM_GCC_541\Debug\CapSense_SMS.o"
Deleting file ".\CortexM0\ARM_GCC_541\Debug\ADC_EOC_Int.o"
Deleting file ".\CortexM0\ARM_GCC_541\Debug\DieTemp.o"
Deleting file ".\CortexM0\ARM_GCC_541\Debug\ADC_2_Buffer.o"
Deleting file ".\CortexM0\ARM_GCC_541\Debug\ADC_2_Buffer_PM.o"
Deleting file ".\CortexM0\ARM_GCC_541\Debug\ADC_3_Buffer.o"
Deleting file ".\CortexM0\ARM_GCC_541\Debug\ADC_3_Buffer_PM.o"
Deleting file ".\CortexM0\ARM_GCC_541\Debug\ADC_1M.o"
Deleting file ".\CortexM0\ARM_GCC_541\Debug\ADC_1M_PM.o"
Deleting file ".\CortexM0\ARM_GCC_541\Debug\ADC_2.o"
Deleting file ".\CortexM0\ARM_GCC_541\Debug\ADC_2_PM.o"
Deleting file ".\CortexM0\ARM_GCC_541\Debug\ADC_3.o"
Deleting file ".\CortexM0\ARM_GCC_541\Debug\ADC_3_PM.o"
Deleting file ".\CortexM0\ARM_GCC_541\Debug\ADC.o"
Deleting file ".\CortexM0\ARM_GCC_541\Debug\ADC_PM.o"
Deleting file ".\CortexM0\ARM_GCC_541\Debug\ADC_INT.o"
Deleting file ".\CortexM0\ARM_GCC_541\Debug\Comp_0.o"
Deleting file ".\CortexM0\ARM_GCC_541\Debug\Comp_0_PM.o"
Deleting file ".\CortexM0\ARM_GCC_541\Debug\CompP_0.o"
Deleting file ".\CortexM0\ARM_GCC_541\Debug\CompP_0_PM.o"
Deleting file ".\CortexM0\ARM_GCC_541\Debug\CompM_0.o"
Deleting file ".\CortexM0\ARM_GCC_541\Debug\CompM_0_PM.o"
Deleting file ".\CortexM0\ARM_GCC_541\Debug\Comp_1.o"
Deleting file ".\CortexM0\ARM_GCC_541\Debug\Comp_1_PM.o"
Deleting file ".\CortexM0\ARM_GCC_541\Debug\CompP_1.o"
Deleting file ".\CortexM0\ARM_GCC_541\Debug\CompP_1_PM.o"
Deleting file ".\CortexM0\ARM_GCC_541\Debug\CompM_1.o"
Deleting file ".\CortexM0\ARM_GCC_541\Debug\CompM_1_PM.o"
Deleting file ".\CortexM0\ARM_GCC_541\Debug\LPComp_Int.o"
Deleting file ".\CortexM0\ARM_GCC_541\Debug\Wakeup_Pin.o"
Deleting file ".\CortexM0\ARM_GCC_541\Debug\Wakeup_Pin_PM.o"
Deleting file ".\CortexM0\ARM_GCC_541\Debug\Wakeup_Pin_Int.o"
Deleting file ".\CortexM0\ARM_GCC_541\Debug\SPI.o"
Deleting file ".\CortexM0\ARM_GCC_541\Debug\SPI_SPI_UART.o"
Deleting file ".\CortexM0\ARM_GCC_541\Debug\SPI_PM.o"
Deleting file ".\CortexM0\ARM_GCC_541\Debug\SPI_SPI.o"
Deleting file ".\CortexM0\ARM_GCC_541\Debug\SPI_BOOT.o"
Deleting file ".\CortexM0\ARM_GCC_541\Debug\SPI_SPI_BOOT.o"
Deleting file ".\CortexM0\ARM_GCC_541\Debug\Output_Pin_0.o"
Deleting file ".\CortexM0\ARM_GCC_541\Debug\Output_Pin_0_PM.o"
Deleting file ".\CortexM0\ARM_GCC_541\Debug\Output_Pin_1.o"
Deleting file ".\CortexM0\ARM_GCC_541\Debug\Output_Pin_1_PM.o"
Deleting file ".\CortexM0\ARM_GCC_541\Debug\Input_Pin_0.o"
Deleting file ".\CortexM0\ARM_GCC_541\Debug\Input_Pin_0_PM.o"
Deleting file ".\CortexM0\ARM_GCC_541\Debug\Input_Pin_1.o"
Deleting file ".\CortexM0\ARM_GCC_541\Debug\Input_Pin_1_PM.o"
Deleting file ".\CortexM0\ARM_GCC_541\Debug\Input_0_Int.o"
Deleting file ".\CortexM0\ARM_GCC_541\Debug\Input_1_Int.o"
Deleting file ".\CortexM0\ARM_GCC_541\Debug\Timer_Pin.o"
Deleting file ".\CortexM0\ARM_GCC_541\Debug\Timer_Pin_PM.o"
Deleting file ".\CortexM0\ARM_GCC_541\Debug\Timer_Int.o"
Deleting file ".\CortexM0\ARM_GCC_541\Debug\Clock_1MHz.o"
Deleting file ".\CortexM0\ARM_GCC_541\Debug\PWM_0_Int.o"
Deleting file ".\CortexM0\ARM_GCC_541\Debug\PWM_0_Out.o"
Deleting file ".\CortexM0\ARM_GCC_541\Debug\PWM_0_Out_PM.o"
Deleting file ".\CortexM0\ARM_GCC_541\Debug\PWM_1_Out.o"
Deleting file ".\CortexM0\ARM_GCC_541\Debug\PWM_1_Out_PM.o"
Deleting file ".\CortexM0\ARM_GCC_541\Debug\PWM_2_Out.o"
Deleting file ".\CortexM0\ARM_GCC_541\Debug\PWM_2_Out_PM.o"
Deleting file ".\CortexM0\ARM_GCC_541\Debug\Timer.o"
Deleting file ".\CortexM0\ARM_GCC_541\Debug\Timer_PM.o"
Deleting file ".\CortexM0\ARM_GCC_541\Debug\PWM_2.o"
Deleting file ".\CortexM0\ARM_GCC_541\Debug\PWM_2_PM.o"
Deleting file ".\CortexM0\ARM_GCC_541\Debug\PWM_1.o"
Deleting file ".\CortexM0\ARM_GCC_541\Debug\PWM_1_PM.o"
Deleting file ".\CortexM0\ARM_GCC_541\Debug\PWM_0.o"
Deleting file ".\CortexM0\ARM_GCC_541\Debug\PWM_0_PM.o"
Deleting file ".\CortexM0\ARM_GCC_541\Debug\UART.o"
Deleting file ".\CortexM0\ARM_GCC_541\Debug\UART_SPI_UART.o"
Deleting file ".\CortexM0\ARM_GCC_541\Debug\UART_SPI_UART_INT.o"
Deleting file ".\CortexM0\ARM_GCC_541\Debug\UART_PM.o"
Deleting file ".\CortexM0\ARM_GCC_541\Debug\UART_UART.o"
Deleting file ".\CortexM0\ARM_GCC_541\Debug\UART_BOOT.o"
Deleting file ".\CortexM0\ARM_GCC_541\Debug\UART_UART_BOOT.o"
Deleting file ".\CortexM0\ARM_GCC_541\Debug\I2C.o"
Deleting file ".\CortexM0\ARM_GCC_541\Debug\I2C_I2C_INT.o"
Deleting file ".\CortexM0\ARM_GCC_541\Debug\I2C_I2C.o"
Deleting file ".\CortexM0\ARM_GCC_541\Debug\I2C_I2C_BOOT.o"
Deleting file ".\CortexM0\ARM_GCC_541\Debug\I2C_I2C_SLAVE.o"
Deleting file ".\CortexM0\ARM_GCC_541\Debug\I2C_PM.o"
Deleting file ".\CortexM0\ARM_GCC_541\Debug\I2C_BOOT.o"
Deleting file ".\CortexM0\ARM_GCC_541\Debug\CapSense_SampleClk.o"
Deleting file ".\CortexM0\ARM_GCC_541\Debug\CapSense_SenseClk.o"
Deleting file ".\CortexM0\ARM_GCC_541\Debug\ADC_IRQ.o"
Deleting file ".\CortexM0\ARM_GCC_541\Debug\ADC_intClock.o"
Deleting file ".\CortexM0\ARM_GCC_541\Debug\SPI_SCBCLK.o"
Deleting file ".\CortexM0\ARM_GCC_541\Debug\SPI_ss_s.o"
Deleting file ".\CortexM0\ARM_GCC_541\Debug\SPI_ss_s_PM.o"
Deleting file ".\CortexM0\ARM_GCC_541\Debug\SPI_miso_s.o"
Deleting file ".\CortexM0\ARM_GCC_541\Debug\SPI_miso_s_PM.o"
Deleting file ".\CortexM0\ARM_GCC_541\Debug\SPI_sclk_s.o"
Deleting file ".\CortexM0\ARM_GCC_541\Debug\SPI_sclk_s_PM.o"
Deleting file ".\CortexM0\ARM_GCC_541\Debug\SPI_mosi_s.o"
Deleting file ".\CortexM0\ARM_GCC_541\Debug\SPI_mosi_s_PM.o"
Deleting file ".\CortexM0\ARM_GCC_541\Debug\UART_SCBCLK.o"
Deleting file ".\CortexM0\ARM_GCC_541\Debug\UART_tx.o"
Deleting file ".\CortexM0\ARM_GCC_541\Debug\UART_tx_PM.o"
Deleting file ".\CortexM0\ARM_GCC_541\Debug\UART_rx.o"
Deleting file ".\CortexM0\ARM_GCC_541\Debug\UART_rx_PM.o"
Deleting file ".\CortexM0\ARM_GCC_541\Debug\I2C_SCBCLK.o"
Deleting file ".\CortexM0\ARM_GCC_541\Debug\I2C_sda.o"
Deleting file ".\CortexM0\ARM_GCC_541\Debug\I2C_sda_PM.o"
Deleting file ".\CortexM0\ARM_GCC_541\Debug\I2C_scl.o"
Deleting file ".\CortexM0\ARM_GCC_541\Debug\I2C_scl_PM.o"
Deleting file ".\CortexM0\ARM_GCC_541\Debug\I2C_SCB_IRQ.o"
Deleting file ".\CortexM0\ARM_GCC_541\Debug\Cm0Start.o"
Deleting file ".\CortexM0\ARM_GCC_541\Debug\CyFlash.o"
Deleting file ".\CortexM0\ARM_GCC_541\Debug\CyLib.o"
Deleting file ".\CortexM0\ARM_GCC_541\Debug\cyPm.o"
Deleting file ".\CortexM0\ARM_GCC_541\Debug\cyutils.o"
Deleting file ".\CortexM0\ARM_GCC_541\Debug\CyBootAsmGnu.o"
Deleting file ".\CortexM0\ARM_GCC_541\Debug\CyDMA.o"
Deleting file ".\CortexM0\ARM_GCC_541\Debug\CyLFClk.o"
Deleting file ".\CortexM0\ARM_GCC_541\Debug\cy_em_eeprom.o"
Deleting file ".\CortexM0\ARM_GCC_541\Debug\bank-protocol.hex"
Deleting file ".\CortexM0\ARM_GCC_541\Debug\bank-protocol.elf"
Deleting file ".\CortexM0\ARM_GCC_541\Debug\bank-protocol.map"
Deleting file ".\bank-protocol.cycdx"
Deleting file ".\bank-protocol.svd"
Deleting file ".\bank-protocol.rpt"
Deleting file ".\bank-protocol_timing.html"
Deleting file ".\CortexM0\ARM_GCC_541\Debug\.deps\SOURCE_C__ARM_GCC_GENERIC.P"
Deleting file ".\CortexM0\ARM_GCC_541\Debug\.deps\SOURCE_ASM__ARM_GCC_GENERIC.P"
cydsfit.exe -.appdatapath "C:\Users\Larry\AppData\Local\Cypress Semiconductor\PSoC Creator\4.2" -.fdsnotice -.fdswarpdepfile=warp_dependencies.txt -.fdselabdepfile=elab_dependencies.txt -.fdsbldfile=generated_files.txt -.fdsreffile=referenced_files.txt -p "C:\Users\Larry\Documents\PSoC Creator\bwsi\bank-protocol\bank-protocol.cydsn\bank-protocol.cyprj" -d CY8C4247AZI-M485 -s "C:\Users\Larry\Documents\PSoC Creator\bwsi\bank-protocol\bank-protocol.cydsn\Generated_Source\PSoC4" -- -yv2 -q10 -ygs -o2 -v3 -.fftcfgtype=LE
Elaborating Design...
HDL Generation...
Synthesis...
Tech Mapping...
ADD: pft.M0040: information: The following 29 pin(s) will be assigned a location by the fitter: \CapSense:Cmod(0)\, \CapSense:Sns(0)\, \CapSense:Sns(1)\, \I2C:scl(0)\, \I2C:sda(0)\, \SPI:miso_s(0)\, \SPI:mosi_s(0)\, \SPI:sclk_s(0)\, \SPI:ss_s(0)\, \UART:rx(0)\, \UART:tx(0)\, ADC_0(0), ADC_1M(0), ADC_1P(0), ADC_2(0), ADC_3(0), CompM_0(0), CompM_1(0), CompP_0(0), CompP_1(0), Input_Pin_0(0), Input_Pin_1(0), Output_Pin_0(0), Output_Pin_1(0), PWM_0_Out(0), PWM_1_Out(0), PWM_2_Out(0), Timer_Pin(0), Wakeup_Pin(0)
Analog Placement...
Info: plm.M0038: The pin named \I2C:scl(0)\ at location [IOP=(5)][IoId=(0)] prevents usage of special purposes: F(CSD,1). (App=cydsfit)
Analog Routing...
Analog Code Generation...
Digital Placement...
Digital Routing...
Bitstream Generation...
Bitstream Verification...
Static timing analysis...
API Generation...
Dependency Generation...
Cleanup...
arm-none-eabi-gcc.exe -mcpu=cortex-m0 -mthumb -I. -IGenerated_Source\PSoC4 -Wa,-alh=.\CortexM0\ARM_GCC_541\Debug/main.lst -g -D DEBUG -Wall -ffunction-sections -ffat-lto-objects -Og -c main.c -o .\CortexM0\ARM_GCC_541\Debug\main.o
arm-none-eabi-gcc.exe -mcpu=cortex-m0 -mthumb -I. -IGenerated_Source\PSoC4 -Wa,-alh=.\CortexM0\ARM_GCC_541\Debug/cyfitter_cfg.lst -g -D DEBUG -Wall -ffunction-sections -ffat-lto-objects -Og -c Generated_Source\PSoC4\cyfitter_cfg.c -o .\CortexM0\ARM_GCC_541\Debug\cyfitter_cfg.o
arm-none-eabi-gcc.exe -mcpu=cortex-m0 -mthumb -I. -IGenerated_Source\PSoC4 -Wa,-alh=.\CortexM0\ARM_GCC_541\Debug/cymetadata.lst -g -D DEBUG -Wall -ffunction-sections -ffat-lto-objects -Og -c Generated_Source\PSoC4\cymetadata.c -o .\CortexM0\ARM_GCC_541\Debug\cymetadata.o
arm-none-eabi-gcc.exe -mcpu=cortex-m0 -mthumb -I. -IGenerated_Source\PSoC4 -Wa,-alh=.\CortexM0\ARM_GCC_541\Debug/ADC_1P.lst -g -D DEBUG -Wall -ffunction-sections -ffat-lto-objects -Og -c Generated_Source\PSoC4\ADC_1P.c -o .\CortexM0\ARM_GCC_541\Debug\ADC_1P.o
arm-none-eabi-gcc.exe -mcpu=cortex-m0 -mthumb -I. -IGenerated_Source\PSoC4 -Wa,-alh=.\CortexM0\ARM_GCC_541\Debug/ADC_1P_PM.lst -g -D DEBUG -Wall -ffunction-sections -ffat-lto-objects -Og -c Generated_Source\PSoC4\ADC_1P_PM.c -o .\CortexM0\ARM_GCC_541\Debug\ADC_1P_PM.o
arm-none-eabi-gcc.exe -mcpu=cortex-m0 -mthumb -I. -IGenerated_Source\PSoC4 -Wa,-alh=.\CortexM0\ARM_GCC_541\Debug/ADC_0.lst -g -D DEBUG -Wall -ffunction-sections -ffat-lto-objects -Og -c Generated_Source\PSoC4\ADC_0.c -o .\CortexM0\ARM_GCC_541\Debug\ADC_0.o
arm-none-eabi-gcc.exe -mcpu=cortex-m0 -mthumb -I. -IGenerated_Source\PSoC4 -Wa,-alh=.\CortexM0\ARM_GCC_541\Debug/ADC_0_PM.lst -g -D DEBUG -Wall -ffunction-sections -ffat-lto-objects -Og -c Generated_Source\PSoC4\ADC_0_PM.c -o .\CortexM0\ARM_GCC_541\Debug\ADC_0_PM.o
arm-none-eabi-gcc.exe -mcpu=cortex-m0 -mthumb -I. -IGenerated_Source\PSoC4 -Wa,-alh=.\CortexM0\ARM_GCC_541\Debug/CapSense.lst -g -D DEBUG -Wall -ffunction-sections -ffat-lto-objects -Og -c Generated_Source\PSoC4\CapSense.c -o .\CortexM0\ARM_GCC_541\Debug\CapSense.o
arm-none-eabi-gcc.exe -mcpu=cortex-m0 -mthumb -I. -IGenerated_Source\PSoC4 -Wa,-alh=.\CortexM0\ARM_GCC_541\Debug/CapSense_PM.lst -g -D DEBUG -Wall -ffunction-sections -ffat-lto-objects -Og -c Generated_Source\PSoC4\CapSense_PM.c -o .\CortexM0\ARM_GCC_541\Debug\CapSense_PM.o
arm-none-eabi-gcc.exe -mcpu=cortex-m0 -mthumb -I. -IGenerated_Source\PSoC4 -Wa,-alh=.\CortexM0\ARM_GCC_541\Debug/CapSense_CSHL.lst -g -D DEBUG -Wall -ffunction-sections -ffat-lto-objects -Og -c Generated_Source\PSoC4\CapSense_CSHL.c -o .\CortexM0\ARM_GCC_541\Debug\CapSense_CSHL.o
arm-none-eabi-gcc.exe -mcpu=cortex-m0 -mthumb -I. -IGenerated_Source\PSoC4 -Wa,-alh=.\CortexM0\ARM_GCC_541\Debug/CapSense_INT.lst -g -D DEBUG -Wall -ffunction-sections -ffat-lto-objects -Og -c Generated_Source\PSoC4\CapSense_INT.c -o .\CortexM0\ARM_GCC_541\Debug\CapSense_INT.o
arm-none-eabi-gcc.exe -mcpu=cortex-m0 -mthumb -I. -IGenerated_Source\PSoC4 -Wa,-alh=.\CortexM0\ARM_GCC_541\Debug/CapSense_TunerHelper.lst -g -D DEBUG -Wall -ffunction-sections -ffat-lto-objects -Og -c Generated_Source\PSoC4\CapSense_TunerHelper.c -o .\CortexM0\ARM_GCC_541\Debug\CapSense_TunerHelper.o
arm-none-eabi-gcc.exe -mcpu=cortex-m0 -mthumb -I. -IGenerated_Source\PSoC4 -Wa,-alh=.\CortexM0\ARM_GCC_541\Debug/CapSense_SMS.lst -g -D DEBUG -Wall -ffunction-sections -ffat-lto-objects -Og -c Generated_Source\PSoC4\CapSense_SMS.c -o .\CortexM0\ARM_GCC_541\Debug\CapSense_SMS.o
arm-none-eabi-gcc.exe -mcpu=cortex-m0 -mthumb -I. -IGenerated_Source\PSoC4 -Wa,-alh=.\CortexM0\ARM_GCC_541\Debug/ADC_EOC_Int.lst -g -D DEBUG -Wall -ffunction-sections -ffat-lto-objects -Og -c Generated_Source\PSoC4\ADC_EOC_Int.c -o .\CortexM0\ARM_GCC_541\Debug\ADC_EOC_Int.o
arm-none-eabi-gcc.exe -mcpu=cortex-m0 -mthumb -I. -IGenerated_Source\PSoC4 -Wa,-alh=.\CortexM0\ARM_GCC_541\Debug/DieTemp.lst -g -D DEBUG -Wall -ffunction-sections -ffat-lto-objects -Og -c Generated_Source\PSoC4\DieTemp.c -o .\CortexM0\ARM_GCC_541\Debug\DieTemp.o
arm-none-eabi-gcc.exe -mcpu=cortex-m0 -mthumb -I. -IGenerated_Source\PSoC4 -Wa,-alh=.\CortexM0\ARM_GCC_541\Debug/ADC_2_Buffer.lst -g -D DEBUG -Wall -ffunction-sections -ffat-lto-objects -Og -c Generated_Source\PSoC4\ADC_2_Buffer.c -o .\CortexM0\ARM_GCC_541\Debug\ADC_2_Buffer.o
arm-none-eabi-gcc.exe -mcpu=cortex-m0 -mthumb -I. -IGenerated_Source\PSoC4 -Wa,-alh=.\CortexM0\ARM_GCC_541\Debug/ADC_2_Buffer_PM.lst -g -D DEBUG -Wall -ffunction-sections -ffat-lto-objects -Og -c Generated_Source\PSoC4\ADC_2_Buffer_PM.c -o .\CortexM0\ARM_GCC_541\Debug\ADC_2_Buffer_PM.o
arm-none-eabi-gcc.exe -mcpu=cortex-m0 -mthumb -I. -IGenerated_Source\PSoC4 -Wa,-alh=.\CortexM0\ARM_GCC_541\Debug/ADC_3_Buffer.lst -g -D DEBUG -Wall -ffunction-sections -ffat-lto-objects -Og -c Generated_Source\PSoC4\ADC_3_Buffer.c -o .\CortexM0\ARM_GCC_541\Debug\ADC_3_Buffer.o
arm-none-eabi-gcc.exe -mcpu=cortex-m0 -mthumb -I. -IGenerated_Source\PSoC4 -Wa,-alh=.\CortexM0\ARM_GCC_541\Debug/ADC_3_Buffer_PM.lst -g -D DEBUG -Wall -ffunction-sections -ffat-lto-objects -Og -c Generated_Source\PSoC4\ADC_3_Buffer_PM.c -o .\CortexM0\ARM_GCC_541\Debug\ADC_3_Buffer_PM.o
arm-none-eabi-gcc.exe -mcpu=cortex-m0 -mthumb -I. -IGenerated_Source\PSoC4 -Wa,-alh=.\CortexM0\ARM_GCC_541\Debug/ADC_1M.lst -g -D DEBUG -Wall -ffunction-sections -ffat-lto-objects -Og -c Generated_Source\PSoC4\ADC_1M.c -o .\CortexM0\ARM_GCC_541\Debug\ADC_1M.o
arm-none-eabi-gcc.exe -mcpu=cortex-m0 -mthumb -I. -IGenerated_Source\PSoC4 -Wa,-alh=.\CortexM0\ARM_GCC_541\Debug/ADC_1M_PM.lst -g -D DEBUG -Wall -ffunction-sections -ffat-lto-objects -Og -c Generated_Source\PSoC4\ADC_1M_PM.c -o .\CortexM0\ARM_GCC_541\Debug\ADC_1M_PM.o
arm-none-eabi-gcc.exe -mcpu=cortex-m0 -mthumb -I. -IGenerated_Source\PSoC4 -Wa,-alh=.\CortexM0\ARM_GCC_541\Debug/ADC_2.lst -g -D DEBUG -Wall -ffunction-sections -ffat-lto-objects -Og -c Generated_Source\PSoC4\ADC_2.c -o .\CortexM0\ARM_GCC_541\Debug\ADC_2.o
arm-none-eabi-gcc.exe -mcpu=cortex-m0 -mthumb -I. -IGenerated_Source\PSoC4 -Wa,-alh=.\CortexM0\ARM_GCC_541\Debug/ADC_2_PM.lst -g -D DEBUG -Wall -ffunction-sections -ffat-lto-objects -Og -c Generated_Source\PSoC4\ADC_2_PM.c -o .\CortexM0\ARM_GCC_541\Debug\ADC_2_PM.o
arm-none-eabi-gcc.exe -mcpu=cortex-m0 -mthumb -I. -IGenerated_Source\PSoC4 -Wa,-alh=.\CortexM0\ARM_GCC_541\Debug/ADC_3.lst -g -D DEBUG -Wall -ffunction-sections -ffat-lto-objects -Og -c Generated_Source\PSoC4\ADC_3.c -o .\CortexM0\ARM_GCC_541\Debug\ADC_3.o
arm-none-eabi-gcc.exe -mcpu=cortex-m0 -mthumb -I. -IGenerated_Source\PSoC4 -Wa,-alh=.\CortexM0\ARM_GCC_541\Debug/ADC_3_PM.lst -g -D DEBUG -Wall -ffunction-sections -ffat-lto-objects -Og -c Generated_Source\PSoC4\ADC_3_PM.c -o .\CortexM0\ARM_GCC_541\Debug\ADC_3_PM.o
arm-none-eabi-gcc.exe -mcpu=cortex-m0 -mthumb -I. -IGenerated_Source\PSoC4 -Wa,-alh=.\CortexM0\ARM_GCC_541\Debug/ADC.lst -g -D DEBUG -Wall -ffunction-sections -ffat-lto-objects -Og -c Generated_Source\PSoC4\ADC.c -o .\CortexM0\ARM_GCC_541\Debug\ADC.o
arm-none-eabi-gcc.exe -mcpu=cortex-m0 -mthumb -I. -IGenerated_Source\PSoC4 -Wa,-alh=.\CortexM0\ARM_GCC_541\Debug/ADC_PM.lst -g -D DEBUG -Wall -ffunction-sections -ffat-lto-objects -Og -c Generated_Source\PSoC4\ADC_PM.c -o .\CortexM0\ARM_GCC_541\Debug\ADC_PM.o
arm-none-eabi-gcc.exe -mcpu=cortex-m0 -mthumb -I. -IGenerated_Source\PSoC4 -Wa,-alh=.\CortexM0\ARM_GCC_541\Debug/ADC_INT.lst -g -D DEBUG -Wall -ffunction-sections -ffat-lto-objects -Og -c Generated_Source\PSoC4\ADC_INT.c -o .\CortexM0\ARM_GCC_541\Debug\ADC_INT.o
arm-none-eabi-gcc.exe -mcpu=cortex-m0 -mthumb -I. -IGenerated_Source\PSoC4 -Wa,-alh=.\CortexM0\ARM_GCC_541\Debug/Comp_0.lst -g -D DEBUG -Wall -ffunction-sections -ffat-lto-objects -Og -c Generated_Source\PSoC4\Comp_0.c -o .\CortexM0\ARM_GCC_541\Debug\Comp_0.o
arm-none-eabi-gcc.exe -mcpu=cortex-m0 -mthumb -I. -IGenerated_Source\PSoC4 -Wa,-alh=.\CortexM0\ARM_GCC_541\Debug/Comp_0_PM.lst -g -D DEBUG -Wall -ffunction-sections -ffat-lto-objects -Og -c Generated_Source\PSoC4\Comp_0_PM.c -o .\CortexM0\ARM_GCC_541\Debug\Comp_0_PM.o
arm-none-eabi-gcc.exe -mcpu=cortex-m0 -mthumb -I. -IGenerated_Source\PSoC4 -Wa,-alh=.\CortexM0\ARM_GCC_541\Debug/CompP_0.lst -g -D DEBUG -Wall -ffunction-sections -ffat-lto-objects -Og -c Generated_Source\PSoC4\CompP_0.c -o .\CortexM0\ARM_GCC_541\Debug\CompP_0.o
arm-none-eabi-gcc.exe -mcpu=cortex-m0 -mthumb -I. -IGenerated_Source\PSoC4 -Wa,-alh=.\CortexM0\ARM_GCC_541\Debug/CompP_0_PM.lst -g -D DEBUG -Wall -ffunction-sections -ffat-lto-objects -Og -c Generated_Source\PSoC4\CompP_0_PM.c -o .\CortexM0\ARM_GCC_541\Debug\CompP_0_PM.o
arm-none-eabi-gcc.exe -mcpu=cortex-m0 -mthumb -I. -IGenerated_Source\PSoC4 -Wa,-alh=.\CortexM0\ARM_GCC_541\Debug/CompM_0.lst -g -D DEBUG -Wall -ffunction-sections -ffat-lto-objects -Og -c Generated_Source\PSoC4\CompM_0.c -o .\CortexM0\ARM_GCC_541\Debug\CompM_0.o
arm-none-eabi-gcc.exe -mcpu=cortex-m0 -mthumb -I. -IGenerated_Source\PSoC4 -Wa,-alh=.\CortexM0\ARM_GCC_541\Debug/CompM_0_PM.lst -g -D DEBUG -Wall -ffunction-sections -ffat-lto-objects -Og -c Generated_Source\PSoC4\CompM_0_PM.c -o .\CortexM0\ARM_GCC_541\Debug\CompM_0_PM.o
arm-none-eabi-gcc.exe -mcpu=cortex-m0 -mthumb -I. -IGenerated_Source\PSoC4 -Wa,-alh=.\CortexM0\ARM_GCC_541\Debug/Comp_1.lst -g -D DEBUG -Wall -ffunction-sections -ffat-lto-objects -Og -c Generated_Source\PSoC4\Comp_1.c -o .\CortexM0\ARM_GCC_541\Debug\Comp_1.o
arm-none-eabi-gcc.exe -mcpu=cortex-m0 -mthumb -I. -IGenerated_Source\PSoC4 -Wa,-alh=.\CortexM0\ARM_GCC_541\Debug/Comp_1_PM.lst -g -D DEBUG -Wall -ffunction-sections -ffat-lto-objects -Og -c Generated_Source\PSoC4\Comp_1_PM.c -o .\CortexM0\ARM_GCC_541\Debug\Comp_1_PM.o
arm-none-eabi-gcc.exe -mcpu=cortex-m0 -mthumb -I. -IGenerated_Source\PSoC4 -Wa,-alh=.\CortexM0\ARM_GCC_541\Debug/CompP_1.lst -g -D DEBUG -Wall -ffunction-sections -ffat-lto-objects -Og -c Generated_Source\PSoC4\CompP_1.c -o .\CortexM0\ARM_GCC_541\Debug\CompP_1.o
arm-none-eabi-gcc.exe -mcpu=cortex-m0 -mthumb -I. -IGenerated_Source\PSoC4 -Wa,-alh=.\CortexM0\ARM_GCC_541\Debug/CompP_1_PM.lst -g -D DEBUG -Wall -ffunction-sections -ffat-lto-objects -Og -c Generated_Source\PSoC4\CompP_1_PM.c -o .\CortexM0\ARM_GCC_541\Debug\CompP_1_PM.o
arm-none-eabi-gcc.exe -mcpu=cortex-m0 -mthumb -I. -IGenerated_Source\PSoC4 -Wa,-alh=.\CortexM0\ARM_GCC_541\Debug/CompM_1.lst -g -D DEBUG -Wall -ffunction-sections -ffat-lto-objects -Og -c Generated_Source\PSoC4\CompM_1.c -o .\CortexM0\ARM_GCC_541\Debug\CompM_1.o
arm-none-eabi-gcc.exe -mcpu=cortex-m0 -mthumb -I. -IGenerated_Source\PSoC4 -Wa,-alh=.\CortexM0\ARM_GCC_541\Debug/CompM_1_PM.lst -g -D DEBUG -Wall -ffunction-sections -ffat-lto-objects -Og -c Generated_Source\PSoC4\CompM_1_PM.c -o .\CortexM0\ARM_GCC_541\Debug\CompM_1_PM.o
arm-none-eabi-gcc.exe -mcpu=cortex-m0 -mthumb -I. -IGenerated_Source\PSoC4 -Wa,-alh=.\CortexM0\ARM_GCC_541\Debug/LPComp_Int.lst -g -D DEBUG -Wall -ffunction-sections -ffat-lto-objects -Og -c Generated_Source\PSoC4\LPComp_Int.c -o .\CortexM0\ARM_GCC_541\Debug\LPComp_Int.o
arm-none-eabi-gcc.exe -mcpu=cortex-m0 -mthumb -I. -IGenerated_Source\PSoC4 -Wa,-alh=.\CortexM0\ARM_GCC_541\Debug/Wakeup_Pin.lst -g -D DEBUG -Wall -ffunction-sections -ffat-lto-objects -Og -c Generated_Source\PSoC4\Wakeup_Pin.c -o .\CortexM0\ARM_GCC_541\Debug\Wakeup_Pin.o
arm-none-eabi-gcc.exe -mcpu=cortex-m0 -mthumb -I. -IGenerated_Source\PSoC4 -Wa,-alh=.\CortexM0\ARM_GCC_541\Debug/Wakeup_Pin_PM.lst -g -D DEBUG -Wall -ffunction-sections -ffat-lto-objects -Og -c Generated_Source\PSoC4\Wakeup_Pin_PM.c -o .\CortexM0\ARM_GCC_541\Debug\Wakeup_Pin_PM.o
arm-none-eabi-gcc.exe -mcpu=cortex-m0 -mthumb -I. -IGenerated_Source\PSoC4 -Wa,-alh=.\CortexM0\ARM_GCC_541\Debug/Wakeup_Pin_Int.lst -g -D DEBUG -Wall -ffunction-sections -ffat-lto-objects -Og -c Generated_Source\PSoC4\Wakeup_Pin_Int.c -o .\CortexM0\ARM_GCC_541\Debug\Wakeup_Pin_Int.o
arm-none-eabi-gcc.exe -mcpu=cortex-m0 -mthumb -I. -IGenerated_Source\PSoC4 -Wa,-alh=.\CortexM0\ARM_GCC_541\Debug/SPI.lst -g -D DEBUG -Wall -ffunction-sections -ffat-lto-objects -Og -c Generated_Source\PSoC4\SPI.c -o .\CortexM0\ARM_GCC_541\Debug\SPI.o
arm-none-eabi-gcc.exe -mcpu=cortex-m0 -mthumb -I. -IGenerated_Source\PSoC4 -Wa,-alh=.\CortexM0\ARM_GCC_541\Debug/SPI_SPI_UART.lst -g -D DEBUG -Wall -ffunction-sections -ffat-lto-objects -Og -c Generated_Source\PSoC4\SPI_SPI_UART.c -o .\CortexM0\ARM_GCC_541\Debug\SPI_SPI_UART.o
arm-none-eabi-gcc.exe -mcpu=cortex-m0 -mthumb -I. -IGenerated_Source\PSoC4 -Wa,-alh=.\CortexM0\ARM_GCC_541\Debug/SPI_PM.lst -g -D DEBUG -Wall -ffunction-sections -ffat-lto-objects -Og -c Generated_Source\PSoC4\SPI_PM.c -o .\CortexM0\ARM_GCC_541\Debug\SPI_PM.o
arm-none-eabi-gcc.exe -mcpu=cortex-m0 -mthumb -I. -IGenerated_Source\PSoC4 -Wa,-alh=.\CortexM0\ARM_GCC_541\Debug/SPI_SPI.lst -g -D DEBUG -Wall -ffunction-sections -ffat-lto-objects -Og -c Generated_Source\PSoC4\SPI_SPI.c -o .\CortexM0\ARM_GCC_541\Debug\SPI_SPI.o
arm-none-eabi-gcc.exe -mcpu=cortex-m0 -mthumb -I. -IGenerated_Source\PSoC4 -Wa,-alh=.\CortexM0\ARM_GCC_541\Debug/SPI_BOOT.lst -g -D DEBUG -Wall -ffunction-sections -ffat-lto-objects -Og -c Generated_Source\PSoC4\SPI_BOOT.c -o .\CortexM0\ARM_GCC_541\Debug\SPI_BOOT.o
arm-none-eabi-gcc.exe -mcpu=cortex-m0 -mthumb -I. -IGenerated_Source\PSoC4 -Wa,-alh=.\CortexM0\ARM_GCC_541\Debug/SPI_SPI_BOOT.lst -g -D DEBUG -Wall -ffunction-sections -ffat-lto-objects -Og -c Generated_Source\PSoC4\SPI_SPI_BOOT.c -o .\CortexM0\ARM_GCC_541\Debug\SPI_SPI_BOOT.o
arm-none-eabi-gcc.exe -mcpu=cortex-m0 -mthumb -I. -IGenerated_Source\PSoC4 -Wa,-alh=.\CortexM0\ARM_GCC_541\Debug/Output_Pin_0.lst -g -D DEBUG -Wall -ffunction-sections -ffat-lto-objects -Og -c Generated_Source\PSoC4\Output_Pin_0.c -o .\CortexM0\ARM_GCC_541\Debug\Output_Pin_0.o
arm-none-eabi-gcc.exe -mcpu=cortex-m0 -mthumb -I. -IGenerated_Source\PSoC4 -Wa,-alh=.\CortexM0\ARM_GCC_541\Debug/Output_Pin_0_PM.lst -g -D DEBUG -Wall -ffunction-sections -ffat-lto-objects -Og -c Generated_Source\PSoC4\Output_Pin_0_PM.c -o .\CortexM0\ARM_GCC_541\Debug\Output_Pin_0_PM.o
arm-none-eabi-gcc.exe -mcpu=cortex-m0 -mthumb -I. -IGenerated_Source\PSoC4 -Wa,-alh=.\CortexM0\ARM_GCC_541\Debug/Output_Pin_1.lst -g -D DEBUG -Wall -ffunction-sections -ffat-lto-objects -Og -c Generated_Source\PSoC4\Output_Pin_1.c -o .\CortexM0\ARM_GCC_541\Debug\Output_Pin_1.o
arm-none-eabi-gcc.exe -mcpu=cortex-m0 -mthumb -I. -IGenerated_Source\PSoC4 -Wa,-alh=.\CortexM0\ARM_GCC_541\Debug/Output_Pin_1_PM.lst -g -D DEBUG -Wall -ffunction-sections -ffat-lto-objects -Og -c Generated_Source\PSoC4\Output_Pin_1_PM.c -o .\CortexM0\ARM_GCC_541\Debug\Output_Pin_1_PM.o
arm-none-eabi-gcc.exe -mcpu=cortex-m0 -mthumb -I. -IGenerated_Source\PSoC4 -Wa,-alh=.\CortexM0\ARM_GCC_541\Debug/Input_Pin_0.lst -g -D DEBUG -Wall -ffunction-sections -ffat-lto-objects -Og -c Generated_Source\PSoC4\Input_Pin_0.c -o .\CortexM0\ARM_GCC_541\Debug\Input_Pin_0.o
arm-none-eabi-gcc.exe -mcpu=cortex-m0 -mthumb -I. -IGenerated_Source\PSoC4 -Wa,-alh=.\CortexM0\ARM_GCC_541\Debug/Input_Pin_0_PM.lst -g -D DEBUG -Wall -ffunction-sections -ffat-lto-objects -Og -c Generated_Source\PSoC4\Input_Pin_0_PM.c -o .\CortexM0\ARM_GCC_541\Debug\Input_Pin_0_PM.o
arm-none-eabi-gcc.exe -mcpu=cortex-m0 -mthumb -I. -IGenerated_Source\PSoC4 -Wa,-alh=.\CortexM0\ARM_GCC_541\Debug/Input_Pin_1.lst -g -D DEBUG -Wall -ffunction-sections -ffat-lto-objects -Og -c Generated_Source\PSoC4\Input_Pin_1.c -o .\CortexM0\ARM_GCC_541\Debug\Input_Pin_1.o
arm-none-eabi-gcc.exe -mcpu=cortex-m0 -mthumb -I. -IGenerated_Source\PSoC4 -Wa,-alh=.\CortexM0\ARM_GCC_541\Debug/Input_Pin_1_PM.lst -g -D DEBUG -Wall -ffunction-sections -ffat-lto-objects -Og -c Generated_Source\PSoC4\Input_Pin_1_PM.c -o .\CortexM0\ARM_GCC_541\Debug\Input_Pin_1_PM.o
arm-none-eabi-gcc.exe -mcpu=cortex-m0 -mthumb -I. -IGenerated_Source\PSoC4 -Wa,-alh=.\CortexM0\ARM_GCC_541\Debug/Input_0_Int.lst -g -D DEBUG -Wall -ffunction-sections -ffat-lto-objects -Og -c Generated_Source\PSoC4\Input_0_Int.c -o .\CortexM0\ARM_GCC_541\Debug\Input_0_Int.o
arm-none-eabi-gcc.exe -mcpu=cortex-m0 -mthumb -I. -IGenerated_Source\PSoC4 -Wa,-alh=.\CortexM0\ARM_GCC_541\Debug/Input_1_Int.lst -g -D DEBUG -Wall -ffunction-sections -ffat-lto-objects -Og -c Generated_Source\PSoC4\Input_1_Int.c -o .\CortexM0\ARM_GCC_541\Debug\Input_1_Int.o
arm-none-eabi-gcc.exe -mcpu=cortex-m0 -mthumb -I. -IGenerated_Source\PSoC4 -Wa,-alh=.\CortexM0\ARM_GCC_541\Debug/Timer_Pin.lst -g -D DEBUG -Wall -ffunction-sections -ffat-lto-objects -Og -c Generated_Source\PSoC4\Timer_Pin.c -o .\CortexM0\ARM_GCC_541\Debug\Timer_Pin.o
arm-none-eabi-gcc.exe -mcpu=cortex-m0 -mthumb -I. -IGenerated_Source\PSoC4 -Wa,-alh=.\CortexM0\ARM_GCC_541\Debug/Timer_Pin_PM.lst -g -D DEBUG -Wall -ffunction-sections -ffat-lto-objects -Og -c Generated_Source\PSoC4\Timer_Pin_PM.c -o .\CortexM0\ARM_GCC_541\Debug\Timer_Pin_PM.o
arm-none-eabi-gcc.exe -mcpu=cortex-m0 -mthumb -I. -IGenerated_Source\PSoC4 -Wa,-alh=.\CortexM0\ARM_GCC_541\Debug/Timer_Int.lst -g -D DEBUG -Wall -ffunction-sections -ffat-lto-objects -Og -c Generated_Source\PSoC4\Timer_Int.c -o .\CortexM0\ARM_GCC_541\Debug\Timer_Int.o
arm-none-eabi-gcc.exe -mcpu=cortex-m0 -mthumb -I. -IGenerated_Source\PSoC4 -Wa,-alh=.\CortexM0\ARM_GCC_541\Debug/Clock_1MHz.lst -g -D DEBUG -Wall -ffunction-sections -ffat-lto-objects -Og -c Generated_Source\PSoC4\Clock_1MHz.c -o .\CortexM0\ARM_GCC_541\Debug\Clock_1MHz.o
arm-none-eabi-gcc.exe -mcpu=cortex-m0 -mthumb -I. -IGenerated_Source\PSoC4 -Wa,-alh=.\CortexM0\ARM_GCC_541\Debug/PWM_0_Int.lst -g -D DEBUG -Wall -ffunction-sections -ffat-lto-objects -Og -c Generated_Source\PSoC4\PWM_0_Int.c -o .\CortexM0\ARM_GCC_541\Debug\PWM_0_Int.o
arm-none-eabi-gcc.exe -mcpu=cortex-m0 -mthumb -I. -IGenerated_Source\PSoC4 -Wa,-alh=.\CortexM0\ARM_GCC_541\Debug/PWM_0_Out.lst -g -D DEBUG -Wall -ffunction-sections -ffat-lto-objects -Og -c Generated_Source\PSoC4\PWM_0_Out.c -o .\CortexM0\ARM_GCC_541\Debug\PWM_0_Out.o
arm-none-eabi-gcc.exe -mcpu=cortex-m0 -mthumb -I. -IGenerated_Source\PSoC4 -Wa,-alh=.\CortexM0\ARM_GCC_541\Debug/PWM_0_Out_PM.lst -g -D DEBUG -Wall -ffunction-sections -ffat-lto-objects -Og -c Generated_Source\PSoC4\PWM_0_Out_PM.c -o .\CortexM0\ARM_GCC_541\Debug\PWM_0_Out_PM.o
arm-none-eabi-gcc.exe -mcpu=cortex-m0 -mthumb -I. -IGenerated_Source\PSoC4 -Wa,-alh=.\CortexM0\ARM_GCC_541\Debug/PWM_1_Out.lst -g -D DEBUG -Wall -ffunction-sections -ffat-lto-objects -Og -c Generated_Source\PSoC4\PWM_1_Out.c -o .\CortexM0\ARM_GCC_541\Debug\PWM_1_Out.o
arm-none-eabi-gcc.exe -mcpu=cortex-m0 -mthumb -I. -IGenerated_Source\PSoC4 -Wa,-alh=.\CortexM0\ARM_GCC_541\Debug/PWM_1_Out_PM.lst -g -D DEBUG -Wall -ffunction-sections -ffat-lto-objects -Og -c Generated_Source\PSoC4\PWM_1_Out_PM.c -o .\CortexM0\ARM_GCC_541\Debug\PWM_1_Out_PM.o
arm-none-eabi-gcc.exe -mcpu=cortex-m0 -mthumb -I. -IGenerated_Source\PSoC4 -Wa,-alh=.\CortexM0\ARM_GCC_541\Debug/PWM_2_Out.lst -g -D DEBUG -Wall -ffunction-sections -ffat-lto-objects -Og -c Generated_Source\PSoC4\PWM_2_Out.c -o .\CortexM0\ARM_GCC_541\Debug\PWM_2_Out.o
arm-none-eabi-gcc.exe -mcpu=cortex-m0 -mthumb -I. -IGenerated_Source\PSoC4 -Wa,-alh=.\CortexM0\ARM_GCC_541\Debug/PWM_2_Out_PM.lst -g -D DEBUG -Wall -ffunction-sections -ffat-lto-objects -Og -c Generated_Source\PSoC4\PWM_2_Out_PM.c -o .\CortexM0\ARM_GCC_541\Debug\PWM_2_Out_PM.o
arm-none-eabi-gcc.exe -mcpu=cortex-m0 -mthumb -I. -IGenerated_Source\PSoC4 -Wa,-alh=.\CortexM0\ARM_GCC_541\Debug/Timer.lst -g -D DEBUG -Wall -ffunction-sections -ffat-lto-objects -Og -c Generated_Source\PSoC4\Timer.c -o .\CortexM0\ARM_GCC_541\Debug\Timer.o
arm-none-eabi-gcc.exe -mcpu=cortex-m0 -mthumb -I. -IGenerated_Source\PSoC4 -Wa,-alh=.\CortexM0\ARM_GCC_541\Debug/Timer_PM.lst -g -D DEBUG -Wall -ffunction-sections -ffat-lto-objects -Og -c Generated_Source\PSoC4\Timer_PM.c -o .\CortexM0\ARM_GCC_541\Debug\Timer_PM.o
arm-none-eabi-gcc.exe -mcpu=cortex-m0 -mthumb -I. -IGenerated_Source\PSoC4 -Wa,-alh=.\CortexM0\ARM_GCC_541\Debug/PWM_2.lst -g -D DEBUG -Wall -ffunction-sections -ffat-lto-objects -Og -c Generated_Source\PSoC4\PWM_2.c -o .\CortexM0\ARM_GCC_541\Debug\PWM_2.o
arm-none-eabi-gcc.exe -mcpu=cortex-m0 -mthumb -I. -IGenerated_Source\PSoC4 -Wa,-alh=.\CortexM0\ARM_GCC_541\Debug/PWM_2_PM.lst -g -D DEBUG -Wall -ffunction-sections -ffat-lto-objects -Og -c Generated_Source\PSoC4\PWM_2_PM.c -o .\CortexM0\ARM_GCC_541\Debug\PWM_2_PM.o
arm-none-eabi-gcc.exe -mcpu=cortex-m0 -mthumb -I. -IGenerated_Source\PSoC4 -Wa,-alh=.\CortexM0\ARM_GCC_541\Debug/PWM_1.lst -g -D DEBUG -Wall -ffunction-sections -ffat-lto-objects -Og -c Generated_Source\PSoC4\PWM_1.c -o .\CortexM0\ARM_GCC_541\Debug\PWM_1.o
arm-none-eabi-gcc.exe -mcpu=cortex-m0 -mthumb -I. -IGenerated_Source\PSoC4 -Wa,-alh=.\CortexM0\ARM_GCC_541\Debug/PWM_1_PM.lst -g -D DEBUG -Wall -ffunction-sections -ffat-lto-objects -Og -c Generated_Source\PSoC4\PWM_1_PM.c -o .\CortexM0\ARM_GCC_541\Debug\PWM_1_PM.o
arm-none-eabi-gcc.exe -mcpu=cortex-m0 -mthumb -I. -IGenerated_Source\PSoC4 -Wa,-alh=.\CortexM0\ARM_GCC_541\Debug/PWM_0.lst -g -D DEBUG -Wall -ffunction-sections -ffat-lto-objects -Og -c Generated_Source\PSoC4\PWM_0.c -o .\CortexM0\ARM_GCC_541\Debug\PWM_0.o
arm-none-eabi-gcc.exe -mcpu=cortex-m0 -mthumb -I. -IGenerated_Source\PSoC4 -Wa,-alh=.\CortexM0\ARM_GCC_541\Debug/PWM_0_PM.lst -g -D DEBUG -Wall -ffunction-sections -ffat-lto-objects -Og -c Generated_Source\PSoC4\PWM_0_PM.c -o .\CortexM0\ARM_GCC_541\Debug\PWM_0_PM.o
arm-none-eabi-gcc.exe -mcpu=cortex-m0 -mthumb -I. -IGenerated_Source\PSoC4 -Wa,-alh=.\CortexM0\ARM_GCC_541\Debug/UART.lst -g -D DEBUG -Wall -ffunction-sections -ffat-lto-objects -Og -c Generated_Source\PSoC4\UART.c -o .\CortexM0\ARM_GCC_541\Debug\UART.o
arm-none-eabi-gcc.exe -mcpu=cortex-m0 -mthumb -I. -IGenerated_Source\PSoC4 -Wa,-alh=.\CortexM0\ARM_GCC_541\Debug/UART_SPI_UART.lst -g -D DEBUG -Wall -ffunction-sections -ffat-lto-objects -Og -c Generated_Source\PSoC4\UART_SPI_UART.c -o .\CortexM0\ARM_GCC_541\Debug\UART_SPI_UART.o
arm-none-eabi-gcc.exe -mcpu=cortex-m0 -mthumb -I. -IGenerated_Source\PSoC4 -Wa,-alh=.\CortexM0\ARM_GCC_541\Debug/UART_SPI_UART_INT.lst -g -D DEBUG -Wall -ffunction-sections -ffat-lto-objects -Og -c Generated_Source\PSoC4\UART_SPI_UART_INT.c -o .\CortexM0\ARM_GCC_541\Debug\UART_SPI_UART_INT.o
arm-none-eabi-gcc.exe -mcpu=cortex-m0 -mthumb -I. -IGenerated_Source\PSoC4 -Wa,-alh=.\CortexM0\ARM_GCC_541\Debug/UART_PM.lst -g -D DEBUG -Wall -ffunction-sections -ffat-lto-objects -Og -c Generated_Source\PSoC4\UART_PM.c -o .\CortexM0\ARM_GCC_541\Debug\UART_PM.o
arm-none-eabi-gcc.exe -mcpu=cortex-m0 -mthumb -I. -IGenerated_Source\PSoC4 -Wa,-alh=.\CortexM0\ARM_GCC_541\Debug/UART_UART.lst -g -D DEBUG -Wall -ffunction-sections -ffat-lto-objects -Og -c Generated_Source\PSoC4\UART_UART.c -o .\CortexM0\ARM_GCC_541\Debug\UART_UART.o
arm-none-eabi-gcc.exe -mcpu=cortex-m0 -mthumb -I. -IGenerated_Source\PSoC4 -Wa,-alh=.\CortexM0\ARM_GCC_541\Debug/UART_BOOT.lst -g -D DEBUG -Wall -ffunction-sections -ffat-lto-objects -Og -c Generated_Source\PSoC4\UART_BOOT.c -o .\CortexM0\ARM_GCC_541\Debug\UART_BOOT.o
arm-none-eabi-gcc.exe -mcpu=cortex-m0 -mthumb -I. -IGenerated_Source\PSoC4 -Wa,-alh=.\CortexM0\ARM_GCC_541\Debug/UART_UART_BOOT.lst -g -D DEBUG -Wall -ffunction-sections -ffat-lto-objects -Og -c Generated_Source\PSoC4\UART_UART_BOOT.c -o .\CortexM0\ARM_GCC_541\Debug\UART_UART_BOOT.o
arm-none-eabi-gcc.exe -mcpu=cortex-m0 -mthumb -I. -IGenerated_Source\PSoC4 -Wa,-alh=.\CortexM0\ARM_GCC_541\Debug/I2C.lst -g -D DEBUG -Wall -ffunction-sections -ffat-lto-objects -Og -c Generated_Source\PSoC4\I2C.c -o .\CortexM0\ARM_GCC_541\Debug\I2C.o
arm-none-eabi-gcc.exe -mcpu=cortex-m0 -mthumb -I. -IGenerated_Source\PSoC4 -Wa,-alh=.\CortexM0\ARM_GCC_541\Debug/I2C_I2C_INT.lst -g -D DEBUG -Wall -ffunction-sections -ffat-lto-objects -Og -c Generated_Source\PSoC4\I2C_I2C_INT.c -o .\CortexM0\ARM_GCC_541\Debug\I2C_I2C_INT.o
arm-none-eabi-gcc.exe -mcpu=cortex-m0 -mthumb -I. -IGenerated_Source\PSoC4 -Wa,-alh=.\CortexM0\ARM_GCC_541\Debug/I2C_I2C.lst -g -D DEBUG -Wall -ffunction-sections -ffat-lto-objects -Og -c Generated_Source\PSoC4\I2C_I2C.c -o .\CortexM0\ARM_GCC_541\Debug\I2C_I2C.o
arm-none-eabi-gcc.exe -mcpu=cortex-m0 -mthumb -I. -IGenerated_Source\PSoC4 -Wa,-alh=.\CortexM0\ARM_GCC_541\Debug/I2C_I2C_BOOT.lst -g -D DEBUG -Wall -ffunction-sections -ffat-lto-objects -Og -c Generated_Source\PSoC4\I2C_I2C_BOOT.c -o .\CortexM0\ARM_GCC_541\Debug\I2C_I2C_BOOT.o
arm-none-eabi-gcc.exe -mcpu=cortex-m0 -mthumb -I. -IGenerated_Source\PSoC4 -Wa,-alh=.\CortexM0\ARM_GCC_541\Debug/I2C_I2C_SLAVE.lst -g -D DEBUG -Wall -ffunction-sections -ffat-lto-objects -Og -c Generated_Source\PSoC4\I2C_I2C_SLAVE.c -o .\CortexM0\ARM_GCC_541\Debug\I2C_I2C_SLAVE.o
arm-none-eabi-gcc.exe -mcpu=cortex-m0 -mthumb -I. -IGenerated_Source\PSoC4 -Wa,-alh=.\CortexM0\ARM_GCC_541\Debug/I2C_PM.lst -g -D DEBUG -Wall -ffunction-sections -ffat-lto-objects -Og -c Generated_Source\PSoC4\I2C_PM.c -o .\CortexM0\ARM_GCC_541\Debug\I2C_PM.o
arm-none-eabi-gcc.exe -mcpu=cortex-m0 -mthumb -I. -IGenerated_Source\PSoC4 -Wa,-alh=.\CortexM0\ARM_GCC_541\Debug/I2C_BOOT.lst -g -D DEBUG -Wall -ffunction-sections -ffat-lto-objects -Og -c Generated_Source\PSoC4\I2C_BOOT.c -o .\CortexM0\ARM_GCC_541\Debug\I2C_BOOT.o
arm-none-eabi-gcc.exe -mcpu=cortex-m0 -mthumb -I. -IGenerated_Source\PSoC4 -Wa,-alh=.\CortexM0\ARM_GCC_541\Debug/CapSense_SampleClk.lst -g -D DEBUG -Wall -ffunction-sections -ffat-lto-objects -Og -c Generated_Source\PSoC4\CapSense_SampleClk.c -o .\CortexM0\ARM_GCC_541\Debug\CapSense_SampleClk.o
arm-none-eabi-gcc.exe -mcpu=cortex-m0 -mthumb -I. -IGenerated_Source\PSoC4 -Wa,-alh=.\CortexM0\ARM_GCC_541\Debug/CapSense_SenseClk.lst -g -D DEBUG -Wall -ffunction-sections -ffat-lto-objects -Og -c Generated_Source\PSoC4\CapSense_SenseClk.c -o .\CortexM0\ARM_GCC_541\Debug\CapSense_SenseClk.o
arm-none-eabi-gcc.exe -mcpu=cortex-m0 -mthumb -I. -IGenerated_Source\PSoC4 -Wa,-alh=.\CortexM0\ARM_GCC_541\Debug/ADC_IRQ.lst -g -D DEBUG -Wall -ffunction-sections -ffat-lto-objects -Og -c Generated_Source\PSoC4\ADC_IRQ.c -o .\CortexM0\ARM_GCC_541\Debug\ADC_IRQ.o
arm-none-eabi-gcc.exe -mcpu=cortex-m0 -mthumb -I. -IGenerated_Source\PSoC4 -Wa,-alh=.\CortexM0\ARM_GCC_541\Debug/ADC_intClock.lst -g -D DEBUG -Wall -ffunction-sections -ffat-lto-objects -Og -c Generated_Source\PSoC4\ADC_intClock.c -o .\CortexM0\ARM_GCC_541\Debug\ADC_intClock.o
arm-none-eabi-gcc.exe -mcpu=cortex-m0 -mthumb -I. -IGenerated_Source\PSoC4 -Wa,-alh=.\CortexM0\ARM_GCC_541\Debug/SPI_SCBCLK.lst -g -D DEBUG -Wall -ffunction-sections -ffat-lto-objects -Og -c Generated_Source\PSoC4\SPI_SCBCLK.c -o .\CortexM0\ARM_GCC_541\Debug\SPI_SCBCLK.o
arm-none-eabi-gcc.exe -mcpu=cortex-m0 -mthumb -I. -IGenerated_Source\PSoC4 -Wa,-alh=.\CortexM0\ARM_GCC_541\Debug/SPI_ss_s.lst -g -D DEBUG -Wall -ffunction-sections -ffat-lto-objects -Og -c Generated_Source\PSoC4\SPI_ss_s.c -o .\CortexM0\ARM_GCC_541\Debug\SPI_ss_s.o
arm-none-eabi-gcc.exe -mcpu=cortex-m0 -mthumb -I. -IGenerated_Source\PSoC4 -Wa,-alh=.\CortexM0\ARM_GCC_541\Debug/SPI_ss_s_PM.lst -g -D DEBUG -Wall -ffunction-sections -ffat-lto-objects -Og -c Generated_Source\PSoC4\SPI_ss_s_PM.c -o .\CortexM0\ARM_GCC_541\Debug\SPI_ss_s_PM.o
arm-none-eabi-gcc.exe -mcpu=cortex-m0 -mthumb -I. -IGenerated_Source\PSoC4 -Wa,-alh=.\CortexM0\ARM_GCC_541\Debug/SPI_miso_s.lst -g -D DEBUG -Wall -ffunction-sections -ffat-lto-objects -Og -c Generated_Source\PSoC4\SPI_miso_s.c -o .\CortexM0\ARM_GCC_541\Debug\SPI_miso_s.o
arm-none-eabi-gcc.exe -mcpu=cortex-m0 -mthumb -I. -IGenerated_Source\PSoC4 -Wa,-alh=.\CortexM0\ARM_GCC_541\Debug/SPI_miso_s_PM.lst -g -D DEBUG -Wall -ffunction-sections -ffat-lto-objects -Og -c Generated_Source\PSoC4\SPI_miso_s_PM.c -o .\CortexM0\ARM_GCC_541\Debug\SPI_miso_s_PM.o
arm-none-eabi-gcc.exe -mcpu=cortex-m0 -mthumb -I. -IGenerated_Source\PSoC4 -Wa,-alh=.\CortexM0\ARM_GCC_541\Debug/SPI_sclk_s.lst -g -D DEBUG -Wall -ffunction-sections -ffat-lto-objects -Og -c Generated_Source\PSoC4\SPI_sclk_s.c -o .\CortexM0\ARM_GCC_541\Debug\SPI_sclk_s.o
arm-none-eabi-gcc.exe -mcpu=cortex-m0 -mthumb -I. -IGenerated_Source\PSoC4 -Wa,-alh=.\CortexM0\ARM_GCC_541\Debug/SPI_sclk_s_PM.lst -g -D DEBUG -Wall -ffunction-sections -ffat-lto-objects -Og -c Generated_Source\PSoC4\SPI_sclk_s_PM.c -o .\CortexM0\ARM_GCC_541\Debug\SPI_sclk_s_PM.o
arm-none-eabi-gcc.exe -mcpu=cortex-m0 -mthumb -I. -IGenerated_Source\PSoC4 -Wa,-alh=.\CortexM0\ARM_GCC_541\Debug/SPI_mosi_s.lst -g -D DEBUG -Wall -ffunction-sections -ffat-lto-objects -Og -c Generated_Source\PSoC4\SPI_mosi_s.c -o .\CortexM0\ARM_GCC_541\Debug\SPI_mosi_s.o
arm-none-eabi-gcc.exe -mcpu=cortex-m0 -mthumb -I. -IGenerated_Source\PSoC4 -Wa,-alh=.\CortexM0\ARM_GCC_541\Debug/SPI_mosi_s_PM.lst -g -D DEBUG -Wall -ffunction-sections -ffat-lto-objects -Og -c Generated_Source\PSoC4\SPI_mosi_s_PM.c -o .\CortexM0\ARM_GCC_541\Debug\SPI_mosi_s_PM.o
arm-none-eabi-gcc.exe -mcpu=cortex-m0 -mthumb -I. -IGenerated_Source\PSoC4 -Wa,-alh=.\CortexM0\ARM_GCC_541\Debug/UART_SCBCLK.lst -g -D DEBUG -Wall -ffunction-sections -ffat-lto-objects -Og -c Generated_Source\PSoC4\UART_SCBCLK.c -o .\CortexM0\ARM_GCC_541\Debug\UART_SCBCLK.o
arm-none-eabi-gcc.exe -mcpu=cortex-m0 -mthumb -I. -IGenerated_Source\PSoC4 -Wa,-alh=.\CortexM0\ARM_GCC_541\Debug/UART_tx.lst -g -D DEBUG -Wall -ffunction-sections -ffat-lto-objects -Og -c Generated_Source\PSoC4\UART_tx.c -o .\CortexM0\ARM_GCC_541\Debug\UART_tx.o
arm-none-eabi-gcc.exe -mcpu=cortex-m0 -mthumb -I. -IGenerated_Source\PSoC4 -Wa,-alh=.\CortexM0\ARM_GCC_541\Debug/UART_tx_PM.lst -g -D DEBUG -Wall -ffunction-sections -ffat-lto-objects -Og -c Generated_Source\PSoC4\UART_tx_PM.c -o .\CortexM0\ARM_GCC_541\Debug\UART_tx_PM.o
arm-none-eabi-gcc.exe -mcpu=cortex-m0 -mthumb -I. -IGenerated_Source\PSoC4 -Wa,-alh=.\CortexM0\ARM_GCC_541\Debug/UART_rx.lst -g -D DEBUG -Wall -ffunction-sections -ffat-lto-objects -Og -c Generated_Source\PSoC4\UART_rx.c -o .\CortexM0\ARM_GCC_541\Debug\UART_rx.o
arm-none-eabi-gcc.exe -mcpu=cortex-m0 -mthumb -I. -IGenerated_Source\PSoC4 -Wa,-alh=.\CortexM0\ARM_GCC_541\Debug/UART_rx_PM.lst -g -D DEBUG -Wall -ffunction-sections -ffat-lto-objects -Og -c Generated_Source\PSoC4\UART_rx_PM.c -o .\CortexM0\ARM_GCC_541\Debug\UART_rx_PM.o
arm-none-eabi-gcc.exe -mcpu=cortex-m0 -mthumb -I. -IGenerated_Source\PSoC4 -Wa,-alh=.\CortexM0\ARM_GCC_541\Debug/I2C_SCBCLK.lst -g -D DEBUG -Wall -ffunction-sections -ffat-lto-objects -Og -c Generated_Source\PSoC4\I2C_SCBCLK.c -o .\CortexM0\ARM_GCC_541\Debug\I2C_SCBCLK.o
arm-none-eabi-gcc.exe -mcpu=cortex-m0 -mthumb -I. -IGenerated_Source\PSoC4 -Wa,-alh=.\CortexM0\ARM_GCC_541\Debug/I2C_sda.lst -g -D DEBUG -Wall -ffunction-sections -ffat-lto-objects -Og -c Generated_Source\PSoC4\I2C_sda.c -o .\CortexM0\ARM_GCC_541\Debug\I2C_sda.o
arm-none-eabi-gcc.exe -mcpu=cortex-m0 -mthumb -I. -IGenerated_Source\PSoC4 -Wa,-alh=.\CortexM0\ARM_GCC_541\Debug/I2C_sda_PM.lst -g -D DEBUG -Wall -ffunction-sections -ffat-lto-objects -Og -c Generated_Source\PSoC4\I2C_sda_PM.c -o .\CortexM0\ARM_GCC_541\Debug\I2C_sda_PM.o
arm-none-eabi-gcc.exe -mcpu=cortex-m0 -mthumb -I. -IGenerated_Source\PSoC4 -Wa,-alh=.\CortexM0\ARM_GCC_541\Debug/I2C_scl.lst -g -D DEBUG -Wall -ffunction-sections -ffat-lto-objects -Og -c Generated_Source\PSoC4\I2C_scl.c -o .\CortexM0\ARM_GCC_541\Debug\I2C_scl.o
arm-none-eabi-gcc.exe -mcpu=cortex-m0 -mthumb -I. -IGenerated_Source\PSoC4 -Wa,-alh=.\CortexM0\ARM_GCC_541\Debug/I2C_scl_PM.lst -g -D DEBUG -Wall -ffunction-sections -ffat-lto-objects -Og -c Generated_Source\PSoC4\I2C_scl_PM.c -o .\CortexM0\ARM_GCC_541\Debug\I2C_scl_PM.o
arm-none-eabi-gcc.exe -mcpu=cortex-m0 -mthumb -I. -IGenerated_Source\PSoC4 -Wa,-alh=.\CortexM0\ARM_GCC_541\Debug/I2C_SCB_IRQ.lst -g -D DEBUG -Wall -ffunction-sections -ffat-lto-objects -Og -c Generated_Source\PSoC4\I2C_SCB_IRQ.c -o .\CortexM0\ARM_GCC_541\Debug\I2C_SCB_IRQ.o
arm-none-eabi-gcc.exe -mcpu=cortex-m0 -mthumb -I. -IGenerated_Source\PSoC4 -Wa,-alh=.\CortexM0\ARM_GCC_541\Debug/Cm0Start.lst -g -D DEBUG -Wall -ffunction-sections -ffat-lto-objects -Og -c Generated_Source\PSoC4\Cm0Start.c -o .\CortexM0\ARM_GCC_541\Debug\Cm0Start.o
arm-none-eabi-gcc.exe -mcpu=cortex-m0 -mthumb -I. -IGenerated_Source\PSoC4 -Wa,-alh=.\CortexM0\ARM_GCC_541\Debug/CyFlash.lst -g -D DEBUG -Wall -ffunction-sections -ffat-lto-objects -Og -c Generated_Source\PSoC4\CyFlash.c -o .\CortexM0\ARM_GCC_541\Debug\CyFlash.o
arm-none-eabi-gcc.exe -mcpu=cortex-m0 -mthumb -I. -IGenerated_Source\PSoC4 -Wa,-alh=.\CortexM0\ARM_GCC_541\Debug/CyLib.lst -g -D DEBUG -Wall -ffunction-sections -ffat-lto-objects -Og -c Generated_Source\PSoC4\CyLib.c -o .\CortexM0\ARM_GCC_541\Debug\CyLib.o
arm-none-eabi-gcc.exe -mcpu=cortex-m0 -mthumb -I. -IGenerated_Source\PSoC4 -Wa,-alh=.\CortexM0\ARM_GCC_541\Debug/cyPm.lst -g -D DEBUG -Wall -ffunction-sections -ffat-lto-objects -Og -c Generated_Source\PSoC4\cyPm.c -o .\CortexM0\ARM_GCC_541\Debug\cyPm.o
arm-none-eabi-gcc.exe -mcpu=cortex-m0 -mthumb -I. -IGenerated_Source\PSoC4 -Wa,-alh=.\CortexM0\ARM_GCC_541\Debug/cyutils.lst -g -D DEBUG -Wall -ffunction-sections -ffat-lto-objects -Og -c Generated_Source\PSoC4\cyutils.c -o .\CortexM0\ARM_GCC_541\Debug\cyutils.o
arm-none-eabi-gcc.exe -mcpu=cortex-m0 -mthumb -I. -IGenerated_Source\PSoC4 -Wa,-alh=.\CortexM0\ARM_GCC_541\Debug/CyDMA.lst -g -D DEBUG -Wall -ffunction-sections -ffat-lto-objects -Og -c Generated_Source\PSoC4\CyDMA.c -o .\CortexM0\ARM_GCC_541\Debug\CyDMA.o
arm-none-eabi-gcc.exe -mcpu=cortex-m0 -mthumb -I. -IGenerated_Source\PSoC4 -Wa,-alh=.\CortexM0\ARM_GCC_541\Debug/CyLFClk.lst -g -D DEBUG -Wall -ffunction-sections -ffat-lto-objects -Og -c Generated_Source\PSoC4\CyLFClk.c -o .\CortexM0\ARM_GCC_541\Debug\CyLFClk.o
arm-none-eabi-gcc.exe -mcpu=cortex-m0 -mthumb -I. -IGenerated_Source\PSoC4 -Wa,-alh=.\CortexM0\ARM_GCC_541\Debug/cy_em_eeprom.lst -g -D DEBUG -Wall -ffunction-sections -ffat-lto-objects -Og -c Generated_Source\PSoC4\cy_em_eeprom.c -o .\CortexM0\ARM_GCC_541\Debug\cy_em_eeprom.o
arm-none-eabi-as.exe -mcpu=cortex-m0 -mthumb -I. -IGenerated_Source\PSoC4 -alh=.\CortexM0\ARM_GCC_541\Debug/CyBootAsmGnu.lst -g -W -o .\CortexM0\ARM_GCC_541\Debug\CyBootAsmGnu.o Generated_Source\PSoC4\CyBootAsmGnu.s
arm-none-eabi-ar.exe -rs .\CortexM0\ARM_GCC_541\Debug\bank-protocol.a .\CortexM0\ARM_GCC_541\Debug\ADC_1P.o .\CortexM0\ARM_GCC_541\Debug\ADC_1P_PM.o .\CortexM0\ARM_GCC_541\Debug\ADC_0.o .\CortexM0\ARM_GCC_541\Debug\ADC_0_PM.o .\CortexM0\ARM_GCC_541\Debug\CapSense.o .\CortexM0\ARM_GCC_541\Debug\CapSense_PM.o .\CortexM0\ARM_GCC_541\Debug\CapSense_CSHL.o .\CortexM0\ARM_GCC_541\Debug\CapSense_INT.o .\CortexM0\ARM_GCC_541\Debug\CapSense_TunerHelper.o .\CortexM0\ARM_GCC_541\Debug\CapSense_SMS.o .\CortexM0\ARM_GCC_541\Debug\ADC_EOC_Int.o .\CortexM0\ARM_GCC_541\Debug\DieTemp.o .\CortexM0\ARM_GCC_541\Debug\ADC_2_Buffer.o .\CortexM0\ARM_GCC_541\Debug\ADC_2_Buffer_PM.o .\CortexM0\ARM_GCC_541\Debug\ADC_3_Buffer.o .\CortexM0\ARM_GCC_541\Debug\ADC_3_Buffer_PM.o .\CortexM0\ARM_GCC_541\Debug\ADC_1M.o .\CortexM0\ARM_GCC_541\Debug\ADC_1M_PM.o .\CortexM0\ARM_GCC_541\Debug\ADC_2.o .\CortexM0\ARM_GCC_541\Debug\ADC_2_PM.o .\CortexM0\ARM_GCC_541\Debug\ADC_3.o .\CortexM0\ARM_GCC_541\Debug\ADC_3_PM.o .\CortexM0\ARM_GCC_541\Debug\ADC.o .\CortexM0\ARM_GCC_541\Debug\ADC_PM.o .\CortexM0\ARM_GCC_541\Debug\ADC_INT.o .\CortexM0\ARM_GCC_541\Debug\Comp_0.o .\CortexM0\ARM_GCC_541\Debug\Comp_0_PM.o .\CortexM0\ARM_GCC_541\Debug\CompP_0.o .\CortexM0\ARM_GCC_541\Debug\CompP_0_PM.o .\CortexM0\ARM_GCC_541\Debug\CompM_0.o .\CortexM0\ARM_GCC_541\Debug\CompM_0_PM.o .\CortexM0\ARM_GCC_541\Debug\Comp_1.o .\CortexM0\ARM_GCC_541\Debug\Comp_1_PM.o .\CortexM0\ARM_GCC_541\Debug\CompP_1.o .\CortexM0\ARM_GCC_541\Debug\CompP_1_PM.o .\CortexM0\ARM_GCC_541\Debug\CompM_1.o .\CortexM0\ARM_GCC_541\Debug\CompM_1_PM.o .\CortexM0\ARM_GCC_541\Debug\LPComp_Int.o .\CortexM0\ARM_GCC_541\Debug\Wakeup_Pin.o .\CortexM0\ARM_GCC_541\Debug\Wakeup_Pin_PM.o .\CortexM0\ARM_GCC_541\Debug\Wakeup_Pin_Int.o .\CortexM0\ARM_GCC_541\Debug\SPI.o .\CortexM0\ARM_GCC_541\Debug\SPI_SPI_UART.o .\CortexM0\ARM_GCC_541\Debug\SPI_PM.o .\CortexM0\ARM_GCC_541\Debug\SPI_SPI.o .\CortexM0\ARM_GCC_541\Debug\SPI_BOOT.o .\CortexM0\ARM_GCC_541\Debug\SPI_SPI_BOOT.o .\CortexM0\ARM_GCC_541\Debug\Output_Pin_0.o .\CortexM0\ARM_GCC_541\Debug\Output_Pin_0_PM.o .\CortexM0\ARM_GCC_541\Debug\Output_Pin_1.o .\CortexM0\ARM_GCC_541\Debug\Output_Pin_1_PM.o .\CortexM0\ARM_GCC_541\Debug\Input_Pin_0.o .\CortexM0\ARM_GCC_541\Debug\Input_Pin_0_PM.o .\CortexM0\ARM_GCC_541\Debug\Input_Pin_1.o .\CortexM0\ARM_GCC_541\Debug\Input_Pin_1_PM.o .\CortexM0\ARM_GCC_541\Debug\Input_0_Int.o .\CortexM0\ARM_GCC_541\Debug\Input_1_Int.o .\CortexM0\ARM_GCC_541\Debug\Timer_Pin.o .\CortexM0\ARM_GCC_541\Debug\Timer_Pin_PM.o .\CortexM0\ARM_GCC_541\Debug\Timer_Int.o .\CortexM0\ARM_GCC_541\Debug\Clock_1MHz.o .\CortexM0\ARM_GCC_541\Debug\PWM_0_Int.o .\CortexM0\ARM_GCC_541\Debug\PWM_0_Out.o .\CortexM0\ARM_GCC_541\Debug\PWM_0_Out_PM.o .\CortexM0\ARM_GCC_541\Debug\PWM_1_Out.o .\CortexM0\ARM_GCC_541\Debug\PWM_1_Out_PM.o .\CortexM0\ARM_GCC_541\Debug\PWM_2_Out.o .\CortexM0\ARM_GCC_541\Debug\PWM_2_Out_PM.o .\CortexM0\ARM_GCC_541\Debug\Timer.o .\CortexM0\ARM_GCC_541\Debug\Timer_PM.o .\CortexM0\ARM_GCC_541\Debug\PWM_2.o .\CortexM0\ARM_GCC_541\Debug\PWM_2_PM.o .\CortexM0\ARM_GCC_541\Debug\PWM_1.o .\CortexM0\ARM_GCC_541\Debug\PWM_1_PM.o .\CortexM0\ARM_GCC_541\Debug\PWM_0.o .\CortexM0\ARM_GCC_541\Debug\PWM_0_PM.o .\CortexM0\ARM_GCC_541\Debug\UART.o .\CortexM0\ARM_GCC_541\Debug\UART_SPI_UART.o .\CortexM0\ARM_GCC_541\Debug\UART_SPI_UART_INT.o .\CortexM0\ARM_GCC_541\Debug\UART_PM.o .\CortexM0\ARM_GCC_541\Debug\UART_UART.o .\CortexM0\ARM_GCC_541\Debug\UART_BOOT.o .\CortexM0\ARM_GCC_541\Debug\UART_UART_BOOT.o .\CortexM0\ARM_GCC_541\Debug\I2C.o .\CortexM0\ARM_GCC_541\Debug\I2C_I2C_INT.o .\CortexM0\ARM_GCC_541\Debug\I2C_I2C.o .\CortexM0\ARM_GCC_541\Debug\I2C_I2C_BOOT.o .\CortexM0\ARM_GCC_541\Debug\I2C_I2C_SLAVE.o .\CortexM0\ARM_GCC_541\Debug\I2C_PM.o .\CortexM0\ARM_GCC_541\Debug\I2C_BOOT.o .\CortexM0\ARM_GCC_541\Debug\CapSense_SampleClk.o .\CortexM0\ARM_GCC_541\Debug\CapSense_SenseClk.o .\CortexM0\ARM_GCC_541\Debug\ADC_IRQ.o .\CortexM0\ARM_GCC_541\Debug\ADC_intClock.o .\CortexM0\ARM_GCC_541\Debug\SPI_SCBCLK.o .\CortexM0\ARM_GCC_541\Debug\SPI_ss_s.o .\CortexM0\ARM_GCC_541\Debug\SPI_ss_s_PM.o .\CortexM0\ARM_GCC_541\Debug\SPI_miso_s.o .\CortexM0\ARM_GCC_541\Debug\SPI_miso_s_PM.o .\CortexM0\ARM_GCC_541\Debug\SPI_sclk_s.o .\CortexM0\ARM_GCC_541\Debug\SPI_sclk_s_PM.o .\CortexM0\ARM_GCC_541\Debug\SPI_mosi_s.o .\CortexM0\ARM_GCC_541\Debug\SPI_mosi_s_PM.o .\CortexM0\ARM_GCC_541\Debug\UART_SCBCLK.o .\CortexM0\ARM_GCC_541\Debug\UART_tx.o .\CortexM0\ARM_GCC_541\Debug\UART_tx_PM.o .\CortexM0\ARM_GCC_541\Debug\UART_rx.o .\CortexM0\ARM_GCC_541\Debug\UART_rx_PM.o .\CortexM0\ARM_GCC_541\Debug\I2C_SCBCLK.o .\CortexM0\ARM_GCC_541\Debug\I2C_sda.o .\CortexM0\ARM_GCC_541\Debug\I2C_sda_PM.o .\CortexM0\ARM_GCC_541\Debug\I2C_scl.o .\CortexM0\ARM_GCC_541\Debug\I2C_scl_PM.o .\CortexM0\ARM_GCC_541\Debug\I2C_SCB_IRQ.o .\CortexM0\ARM_GCC_541\Debug\CyFlash.o .\CortexM0\ARM_GCC_541\Debug\CyLib.o .\CortexM0\ARM_GCC_541\Debug\cyPm.o .\CortexM0\ARM_GCC_541\Debug\cyutils.o .\CortexM0\ARM_GCC_541\Debug\CyDMA.o .\CortexM0\ARM_GCC_541\Debug\CyLFClk.o .\CortexM0\ARM_GCC_541\Debug\cy_em_eeprom.o .\CortexM0\ARM_GCC_541\Debug\CyBootAsmGnu.o
arm-none-eabi-ar.exe: creating .\CortexM0\ARM_GCC_541\Debug\bank-protocol.a
arm-none-eabi-gcc.exe -Wl,--start-group -o "C:\Users\Larry\Documents\PSoC Creator\bwsi\bank-protocol\bank-protocol.cydsn\CortexM0\ARM_GCC_541\Debug\bank-protocol.elf" .\CortexM0\ARM_GCC_541\Debug\main.o .\CortexM0\ARM_GCC_541\Debug\cyfitter_cfg.o .\CortexM0\ARM_GCC_541\Debug\cymetadata.o .\CortexM0\ARM_GCC_541\Debug\Cm0Start.o .\CortexM0\ARM_GCC_541\Debug\bank-protocol.a "C:\Program Files (x86)\Cypress\PSoC Creator\4.2\PSoC Creator\psoc\content\CyComponentLibrary\CyComponentLibrary.cylib\CapSense_CSD_P4_v2_60\PSoC4\Library\CapsenseP4Library_GCC.a" -mcpu=cortex-m0 -mthumb -L Generated_Source\PSoC4 -Wl,-Map,.\CortexM0\ARM_GCC_541\Debug/bank-protocol.map -T Generated_Source\PSoC4\cm0gcc.ld -specs=nano.specs -Wl,--gc-sections -g -ffunction-sections -Og -ffat-lto-objects -Wl,--end-group
cyelftool.exe -C "C:\Users\Larry\Documents\PSoC Creator\bwsi\bank-protocol\bank-protocol.cydsn\CortexM0\ARM_GCC_541\Debug\bank-protocol.elf" --flash_row_size 128 --flash_size 131072 --flash_offset 0x00000000
No ELF section .cychecksum found, creating one
Application checksum calculated and stored in ELF section .cychecksum
Checksum calculated and stored in ELF section .cymeta
cyelftool.exe -S "C:\Users\Larry\Documents\PSoC Creator\bwsi\bank-protocol\bank-protocol.cydsn\CortexM0\ARM_GCC_541\Debug\bank-protocol.elf"
Flash used: 2856 of 131072 bytes (2.2%).
SRAM used: 2576 of 16384 bytes (15.7%). Stack: 2048 bytes. Heap: 128 bytes.
--------------- Rebuild Succeeded: 07/16/2018 13:26:35 ---------------
