--------------- Build Started: 07/27/2018 15:55:33 Project: CARD-rev5, Configuration: ARM GCC 5.4-2016-q2-update Debug ---------------
The code generation step is up to date.
arm-none-eabi-gcc.exe -mcpu=cortex-m0 -mthumb -I. -IGenerated_Source\PSoC4 -Wa,-alh=.\CortexM0\ARM_GCC_541\Debug/ecdh.lst -g -D DEBUG -D CY_CORE_ID=0 -Wall -ffunction-sections -ffat-lto-objects -Og -c ecdh.c -o .\CortexM0\ARM_GCC_541\Debug\ecdh.o
ecdh.c: In function 'ecdsa_sign':
ecdh.c:847:9: warning: implicit declaration of function 'printf' [-Wimplicit-function-declaration]
         printf("reduction r\n");
         ^
ecdh.c:847:9: warning: incompatible implicit declaration of built-in function 'printf'
ecdh.c:847:9: note: include '<stdio.h>' or provide a declaration of 'printf'
ecdh.c:856:9: warning: incompatible implicit declaration of built-in function 'printf'
         printf("reduction s\n");
         ^
ecdh.c:856:9: note: include '<stdio.h>' or provide a declaration of 'printf'
ecdh.c: In function 'ecdsa_verify':
ecdh.c:913:7: warning: incompatible implicit declaration of built-in function 'printf'
       printf("reduction on w\n");
       ^
ecdh.c:913:7: note: include '<stdio.h>' or provide a declaration of 'printf'
ecdh.c:922:7: warning: incompatible implicit declaration of built-in function 'printf'
       printf("reduction on u1\n");
       ^
ecdh.c:922:7: note: include '<stdio.h>' or provide a declaration of 'printf'
ecdh.c:929:7: warning: incompatible implicit declaration of built-in function 'printf'
       printf("reduction on u2\n");
       ^
ecdh.c:929:7: note: include '<stdio.h>' or provide a declaration of 'printf'
ecdh.c:946:7: warning: incompatible implicit declaration of built-in function 'printf'
       printf("reduction on x1\n");
       ^
ecdh.c:946:7: note: include '<stdio.h>' or provide a declaration of 'printf'
ecdh.c:954:7: warning: incompatible implicit declaration of built-in function 'printf'
       printf("x = '");
       ^
ecdh.c:954:7: note: include '<stdio.h>' or provide a declaration of 'printf'
ecdh.c:957:16: warning: format '%x' expects argument of type 'unsigned int', but argument 2 has type 'uint32_t {aka long unsigned int}' [-Wformat=]
         printf("%.08x", x1[i]);
                ^
ecdh.c:959:14: warning: format '%u' expects argument of type 'unsigned int', but argument 2 has type 'uint32_t {aka long unsigned int}' [-Wformat=]
       printf("' [%u]\n", i);
              ^
ecdh.c:963:16: warning: format '%x' expects argument of type 'unsigned int', but argument 2 has type 'uint32_t {aka long unsigned int}' [-Wformat=]
         printf("%.08x", r[i]);
                ^
ecdh.c:965:14: warning: format '%u' expects argument of type 'unsigned int', but argument 2 has type 'uint32_t {aka long unsigned int}' [-Wformat=]
       printf("' [%u]\n", i);
              ^
ecdh.c:970:5: warning: incompatible implicit declaration of built-in function 'printf'
     printf("(s or r) == zero\n");
     ^
ecdh.c:970:5: note: include '<stdio.h>' or provide a declaration of 'printf'
arm-none-eabi-ar.exe -rs .\CortexM0\ARM_GCC_541\Debug\CARD-rev5.a .\CortexM0\ARM_GCC_541\Debug\UART.o .\CortexM0\ARM_GCC_541\Debug\UART_PM.o .\CortexM0\ARM_GCC_541\Debug\UART_INT.o .\CortexM0\ARM_GCC_541\Debug\UART_BOOT.o .\CortexM0\ARM_GCC_541\Debug\UART_IntClock.o .\CortexM0\ARM_GCC_541\Debug\CyFlash.o .\CortexM0\ARM_GCC_541\Debug\CyLib.o .\CortexM0\ARM_GCC_541\Debug\cyPm.o .\CortexM0\ARM_GCC_541\Debug\cyutils.o .\CortexM0\ARM_GCC_541\Debug\CyLFClk.o .\CortexM0\ARM_GCC_541\Debug\CyBootAsmGnu.o
arm-none-eabi-ar.exe: creating .\CortexM0\ARM_GCC_541\Debug\CARD-rev5.a
arm-none-eabi-gcc.exe -Wl,--start-group -o "C:\Users\Heckerman\PSoC Creator Projects\bank-protocol\CARD-rev5.cydsn\CortexM0\ARM_GCC_541\Debug\CARD-rev5.elf" .\CortexM0\ARM_GCC_541\Debug\main.o .\CortexM0\ARM_GCC_541\Debug\usbserialprotocol.o .\CortexM0\ARM_GCC_541\Debug\aes.o .\CortexM0\ARM_GCC_541\Debug\blockwise.o .\CortexM0\ARM_GCC_541\Debug\cbcmac.o .\CortexM0\ARM_GCC_541\Debug\ccm.o .\CortexM0\ARM_GCC_541\Debug\chacha20.o .\CortexM0\ARM_GCC_541\Debug\chacha20poly1305.o .\CortexM0\ARM_GCC_541\Debug\chash.o .\CortexM0\ARM_GCC_541\Debug\cmac.o .\CortexM0\ARM_GCC_541\Debug\drbg.o .\CortexM0\ARM_GCC_541\Debug\eax.o .\CortexM0\ARM_GCC_541\Debug\gcm.o .\CortexM0\ARM_GCC_541\Debug\gf128.o .\CortexM0\ARM_GCC_541\Debug\hmac.o .\CortexM0\ARM_GCC_541\Debug\modes.o .\CortexM0\ARM_GCC_541\Debug\norx.o .\CortexM0\ARM_GCC_541\Debug\ocb.o .\CortexM0\ARM_GCC_541\Debug\pbkdf2.o .\CortexM0\ARM_GCC_541\Debug\poly1305.o .\CortexM0\ARM_GCC_541\Debug\salsa20.o .\CortexM0\ARM_GCC_541\Debug\sha1.o .\CortexM0\ARM_GCC_541\Debug\sha3.o .\CortexM0\ARM_GCC_541\Debug\sha256.o .\CortexM0\ARM_GCC_541\Debug\sha512.o .\CortexM0\ARM_GCC_541\Debug\scalarmult.o .\CortexM0\ARM_GCC_541\Debug\ecdh.o .\CortexM0\ARM_GCC_541\Debug\cyfitter_cfg.o .\CortexM0\ARM_GCC_541\Debug\cymetadata.o .\CortexM0\ARM_GCC_541\Debug\Cm0Start.o .\CortexM0\ARM_GCC_541\Debug\CARD-rev5.a -mcpu=cortex-m0 -mthumb -L Generated_Source\PSoC4 -Wl,-Map,.\CortexM0\ARM_GCC_541\Debug/CARD-rev5.map -T Generated_Source\PSoC4\cm0gcc.ld -specs=nano.specs -Wl,--gc-sections -g -ffunction-sections -Og -ffat-lto-objects -Wl,--end-group
cyelftool.exe -C "C:\Users\Heckerman\PSoC Creator Projects\bank-protocol\CARD-rev5.cydsn\CortexM0\ARM_GCC_541\Debug\CARD-rev5.elf" --flash_row_size 128 --flash_size 32768 --flash_offset 0x00000000
No ELF section .cychecksum found, creating one
Application checksum calculated and stored in ELF section .cychecksum
Checksum calculated and stored in ELF section .cymeta
cyelftool.exe -S "C:\Users\Heckerman\PSoC Creator Projects\bank-protocol\CARD-rev5.cydsn\CortexM0\ARM_GCC_541\Debug\CARD-rev5.elf"
Flash used: 4160 of 32768 bytes (12.7%).
SRAM used: 1544 of 4096 bytes (37.7%). Stack: 1024 bytes. Heap: 128 bytes.
--------------- Build Succeeded: 07/27/2018 15:55:35 ---------------
