--------------- Build Started: 07/17/2018 20:56:00 Project: bank-protocol-rev2, Configuration: ARM GCC 5.4-2016-q2-update Debug ---------------
The code generation step is up to date.
arm-none-eabi-gcc.exe -mcpu=cortex-m0 -mthumb -I. -IGenerated_Source\PSoC4 -Wa,-alh=.\CortexM0\ARM_GCC_541\Debug/main.lst -g -D DEBUG -Wall -ffunction-sections -ffat-lto-objects -Og -c main.c -o .\CortexM0\ARM_GCC_541\Debug\main.o
arm-none-eabi-gcc.exe -mcpu=cortex-m0 -mthumb -I. -IGenerated_Source\PSoC4 -Wa,-alh=.\CortexM0\ARM_GCC_541\Debug/aes.lst -g -D DEBUG -Wall -ffunction-sections -ffat-lto-objects -Og -c aes.c -o .\CortexM0\ARM_GCC_541\Debug\aes.o
arm-none-eabi-gcc.exe -mcpu=cortex-m0 -mthumb -I. -IGenerated_Source\PSoC4 -Wa,-alh=.\CortexM0\ARM_GCC_541\Debug/aesni.lst -g -D DEBUG -Wall -ffunction-sections -ffat-lto-objects -Og -c aesni.c -o .\CortexM0\ARM_GCC_541\Debug\aesni.o
arm-none-eabi-gcc.exe -mcpu=cortex-m0 -mthumb -I. -IGenerated_Source\PSoC4 -Wa,-alh=.\CortexM0\ARM_GCC_541\Debug/arc4.lst -g -D DEBUG -Wall -ffunction-sections -ffat-lto-objects -Og -c arc4.c -o .\CortexM0\ARM_GCC_541\Debug\arc4.o
arm-none-eabi-gcc.exe -mcpu=cortex-m0 -mthumb -I. -IGenerated_Source\PSoC4 -Wa,-alh=.\CortexM0\ARM_GCC_541\Debug/asn1parse.lst -g -D DEBUG -Wall -ffunction-sections -ffat-lto-objects -Og -c asn1parse.c -o .\CortexM0\ARM_GCC_541\Debug\asn1parse.o
arm-none-eabi-gcc.exe -mcpu=cortex-m0 -mthumb -I. -IGenerated_Source\PSoC4 -Wa,-alh=.\CortexM0\ARM_GCC_541\Debug/asn1write.lst -g -D DEBUG -Wall -ffunction-sections -ffat-lto-objects -Og -c asn1write.c -o .\CortexM0\ARM_GCC_541\Debug\asn1write.o
arm-none-eabi-gcc.exe -mcpu=cortex-m0 -mthumb -I. -IGenerated_Source\PSoC4 -Wa,-alh=.\CortexM0\ARM_GCC_541\Debug/base64.lst -g -D DEBUG -Wall -ffunction-sections -ffat-lto-objects -Og -c base64.c -o .\CortexM0\ARM_GCC_541\Debug\base64.o
arm-none-eabi-gcc.exe -mcpu=cortex-m0 -mthumb -I. -IGenerated_Source\PSoC4 -Wa,-alh=.\CortexM0\ARM_GCC_541\Debug/bignum.lst -g -D DEBUG -Wall -ffunction-sections -ffat-lto-objects -Og -c bignum.c -o .\CortexM0\ARM_GCC_541\Debug\bignum.o
arm-none-eabi-gcc.exe -mcpu=cortex-m0 -mthumb -I. -IGenerated_Source\PSoC4 -Wa,-alh=.\CortexM0\ARM_GCC_541\Debug/blowfish.lst -g -D DEBUG -Wall -ffunction-sections -ffat-lto-objects -Og -c blowfish.c -o .\CortexM0\ARM_GCC_541\Debug\blowfish.o
arm-none-eabi-gcc.exe -mcpu=cortex-m0 -mthumb -I. -IGenerated_Source\PSoC4 -Wa,-alh=.\CortexM0\ARM_GCC_541\Debug/camellia.lst -g -D DEBUG -Wall -ffunction-sections -ffat-lto-objects -Og -c camellia.c -o .\CortexM0\ARM_GCC_541\Debug\camellia.o
arm-none-eabi-gcc.exe -mcpu=cortex-m0 -mthumb -I. -IGenerated_Source\PSoC4 -Wa,-alh=.\CortexM0\ARM_GCC_541\Debug/ccm.lst -g -D DEBUG -Wall -ffunction-sections -ffat-lto-objects -Og -c ccm.c -o .\CortexM0\ARM_GCC_541\Debug\ccm.o
arm-none-eabi-gcc.exe -mcpu=cortex-m0 -mthumb -I. -IGenerated_Source\PSoC4 -Wa,-alh=.\CortexM0\ARM_GCC_541\Debug/certs.lst -g -D DEBUG -Wall -ffunction-sections -ffat-lto-objects -Og -c certs.c -o .\CortexM0\ARM_GCC_541\Debug\certs.o
arm-none-eabi-gcc.exe -mcpu=cortex-m0 -mthumb -I. -IGenerated_Source\PSoC4 -Wa,-alh=.\CortexM0\ARM_GCC_541\Debug/cipher.lst -g -D DEBUG -Wall -ffunction-sections -ffat-lto-objects -Og -c cipher.c -o .\CortexM0\ARM_GCC_541\Debug\cipher.o
arm-none-eabi-gcc.exe -mcpu=cortex-m0 -mthumb -I. -IGenerated_Source\PSoC4 -Wa,-alh=.\CortexM0\ARM_GCC_541\Debug/cipher_wrap.lst -g -D DEBUG -Wall -ffunction-sections -ffat-lto-objects -Og -c cipher_wrap.c -o .\CortexM0\ARM_GCC_541\Debug\cipher_wrap.o
arm-none-eabi-gcc.exe -mcpu=cortex-m0 -mthumb -I. -IGenerated_Source\PSoC4 -Wa,-alh=.\CortexM0\ARM_GCC_541\Debug/cmac.lst -g -D DEBUG -Wall -ffunction-sections -ffat-lto-objects -Og -c cmac.c -o .\CortexM0\ARM_GCC_541\Debug\cmac.o
arm-none-eabi-gcc.exe -mcpu=cortex-m0 -mthumb -I. -IGenerated_Source\PSoC4 -Wa,-alh=.\CortexM0\ARM_GCC_541\Debug/ctr_drbg.lst -g -D DEBUG -Wall -ffunction-sections -ffat-lto-objects -Og -c ctr_drbg.c -o .\CortexM0\ARM_GCC_541\Debug\ctr_drbg.o
arm-none-eabi-gcc.exe -mcpu=cortex-m0 -mthumb -I. -IGenerated_Source\PSoC4 -Wa,-alh=.\CortexM0\ARM_GCC_541\Debug/debug.lst -g -D DEBUG -Wall -ffunction-sections -ffat-lto-objects -Og -c debug.c -o .\CortexM0\ARM_GCC_541\Debug\debug.o
arm-none-eabi-gcc.exe -mcpu=cortex-m0 -mthumb -I. -IGenerated_Source\PSoC4 -Wa,-alh=.\CortexM0\ARM_GCC_541\Debug/des.lst -g -D DEBUG -Wall -ffunction-sections -ffat-lto-objects -Og -c des.c -o .\CortexM0\ARM_GCC_541\Debug\des.o
arm-none-eabi-gcc.exe -mcpu=cortex-m0 -mthumb -I. -IGenerated_Source\PSoC4 -Wa,-alh=.\CortexM0\ARM_GCC_541\Debug/dhm.lst -g -D DEBUG -Wall -ffunction-sections -ffat-lto-objects -Og -c dhm.c -o .\CortexM0\ARM_GCC_541\Debug\dhm.o
arm-none-eabi-gcc.exe -mcpu=cortex-m0 -mthumb -I. -IGenerated_Source\PSoC4 -Wa,-alh=.\CortexM0\ARM_GCC_541\Debug/ecdh.lst -g -D DEBUG -Wall -ffunction-sections -ffat-lto-objects -Og -c ecdh.c -o .\CortexM0\ARM_GCC_541\Debug\ecdh.o
arm-none-eabi-gcc.exe -mcpu=cortex-m0 -mthumb -I. -IGenerated_Source\PSoC4 -Wa,-alh=.\CortexM0\ARM_GCC_541\Debug/ecdsa.lst -g -D DEBUG -Wall -ffunction-sections -ffat-lto-objects -Og -c ecdsa.c -o .\CortexM0\ARM_GCC_541\Debug\ecdsa.o
arm-none-eabi-gcc.exe -mcpu=cortex-m0 -mthumb -I. -IGenerated_Source\PSoC4 -Wa,-alh=.\CortexM0\ARM_GCC_541\Debug/ecjpake.lst -g -D DEBUG -Wall -ffunction-sections -ffat-lto-objects -Og -c ecjpake.c -o .\CortexM0\ARM_GCC_541\Debug\ecjpake.o
arm-none-eabi-gcc.exe -mcpu=cortex-m0 -mthumb -I. -IGenerated_Source\PSoC4 -Wa,-alh=.\CortexM0\ARM_GCC_541\Debug/ecp.lst -g -D DEBUG -Wall -ffunction-sections -ffat-lto-objects -Og -c ecp.c -o .\CortexM0\ARM_GCC_541\Debug\ecp.o
arm-none-eabi-gcc.exe -mcpu=cortex-m0 -mthumb -I. -IGenerated_Source\PSoC4 -Wa,-alh=.\CortexM0\ARM_GCC_541\Debug/ecp_curves.lst -g -D DEBUG -Wall -ffunction-sections -ffat-lto-objects -Og -c ecp_curves.c -o .\CortexM0\ARM_GCC_541\Debug\ecp_curves.o
arm-none-eabi-gcc.exe -mcpu=cortex-m0 -mthumb -I. -IGenerated_Source\PSoC4 -Wa,-alh=.\CortexM0\ARM_GCC_541\Debug/entropy.lst -g -D DEBUG -Wall -ffunction-sections -ffat-lto-objects -Og -c entropy.c -o .\CortexM0\ARM_GCC_541\Debug\entropy.o
arm-none-eabi-gcc.exe -mcpu=cortex-m0 -mthumb -I. -IGenerated_Source\PSoC4 -Wa,-alh=.\CortexM0\ARM_GCC_541\Debug/entropy_poll.lst -g -D DEBUG -Wall -ffunction-sections -ffat-lto-objects -Og -c entropy_poll.c -o .\CortexM0\ARM_GCC_541\Debug\entropy_poll.o
arm-none-eabi-gcc.exe -mcpu=cortex-m0 -mthumb -I. -IGenerated_Source\PSoC4 -Wa,-alh=.\CortexM0\ARM_GCC_541\Debug/error.lst -g -D DEBUG -Wall -ffunction-sections -ffat-lto-objects -Og -c error.c -o .\CortexM0\ARM_GCC_541\Debug\error.o
arm-none-eabi-gcc.exe -mcpu=cortex-m0 -mthumb -I. -IGenerated_Source\PSoC4 -Wa,-alh=.\CortexM0\ARM_GCC_541\Debug/gcm.lst -g -D DEBUG -Wall -ffunction-sections -ffat-lto-objects -Og -c gcm.c -o .\CortexM0\ARM_GCC_541\Debug\gcm.o
arm-none-eabi-gcc.exe -mcpu=cortex-m0 -mthumb -I. -IGenerated_Source\PSoC4 -Wa,-alh=.\CortexM0\ARM_GCC_541\Debug/havege.lst -g -D DEBUG -Wall -ffunction-sections -ffat-lto-objects -Og -c havege.c -o .\CortexM0\ARM_GCC_541\Debug\havege.o
arm-none-eabi-gcc.exe -mcpu=cortex-m0 -mthumb -I. -IGenerated_Source\PSoC4 -Wa,-alh=.\CortexM0\ARM_GCC_541\Debug/hmac_drbg.lst -g -D DEBUG -Wall -ffunction-sections -ffat-lto-objects -Og -c hmac_drbg.c -o .\CortexM0\ARM_GCC_541\Debug\hmac_drbg.o
arm-none-eabi-gcc.exe -mcpu=cortex-m0 -mthumb -I. -IGenerated_Source\PSoC4 -Wa,-alh=.\CortexM0\ARM_GCC_541\Debug/md.lst -g -D DEBUG -Wall -ffunction-sections -ffat-lto-objects -Og -c md.c -o .\CortexM0\ARM_GCC_541\Debug\md.o
arm-none-eabi-gcc.exe -mcpu=cortex-m0 -mthumb -I. -IGenerated_Source\PSoC4 -Wa,-alh=.\CortexM0\ARM_GCC_541\Debug/md_wrap.lst -g -D DEBUG -Wall -ffunction-sections -ffat-lto-objects -Og -c md_wrap.c -o .\CortexM0\ARM_GCC_541\Debug\md_wrap.o
arm-none-eabi-gcc.exe -mcpu=cortex-m0 -mthumb -I. -IGenerated_Source\PSoC4 -Wa,-alh=.\CortexM0\ARM_GCC_541\Debug/md2.lst -g -D DEBUG -Wall -ffunction-sections -ffat-lto-objects -Og -c md2.c -o .\CortexM0\ARM_GCC_541\Debug\md2.o
arm-none-eabi-gcc.exe -mcpu=cortex-m0 -mthumb -I. -IGenerated_Source\PSoC4 -Wa,-alh=.\CortexM0\ARM_GCC_541\Debug/md4.lst -g -D DEBUG -Wall -ffunction-sections -ffat-lto-objects -Og -c md4.c -o .\CortexM0\ARM_GCC_541\Debug\md4.o
arm-none-eabi-gcc.exe -mcpu=cortex-m0 -mthumb -I. -IGenerated_Source\PSoC4 -Wa,-alh=.\CortexM0\ARM_GCC_541\Debug/md5.lst -g -D DEBUG -Wall -ffunction-sections -ffat-lto-objects -Og -c md5.c -o .\CortexM0\ARM_GCC_541\Debug\md5.o
arm-none-eabi-gcc.exe -mcpu=cortex-m0 -mthumb -I. -IGenerated_Source\PSoC4 -Wa,-alh=.\CortexM0\ARM_GCC_541\Debug/memory_buffer_alloc.lst -g -D DEBUG -Wall -ffunction-sections -ffat-lto-objects -Og -c memory_buffer_alloc.c -o .\CortexM0\ARM_GCC_541\Debug\memory_buffer_alloc.o
arm-none-eabi-gcc.exe -mcpu=cortex-m0 -mthumb -I. -IGenerated_Source\PSoC4 -Wa,-alh=.\CortexM0\ARM_GCC_541\Debug/net_sockets.lst -g -D DEBUG -Wall -ffunction-sections -ffat-lto-objects -Og -c net_sockets.c -o .\CortexM0\ARM_GCC_541\Debug\net_sockets.o
arm-none-eabi-gcc.exe -mcpu=cortex-m0 -mthumb -I. -IGenerated_Source\PSoC4 -Wa,-alh=.\CortexM0\ARM_GCC_541\Debug/oid.lst -g -D DEBUG -Wall -ffunction-sections -ffat-lto-objects -Og -c oid.c -o .\CortexM0\ARM_GCC_541\Debug\oid.o
arm-none-eabi-gcc.exe -mcpu=cortex-m0 -mthumb -I. -IGenerated_Source\PSoC4 -Wa,-alh=.\CortexM0\ARM_GCC_541\Debug/padlock.lst -g -D DEBUG -Wall -ffunction-sections -ffat-lto-objects -Og -c padlock.c -o .\CortexM0\ARM_GCC_541\Debug\padlock.o
arm-none-eabi-gcc.exe -mcpu=cortex-m0 -mthumb -I. -IGenerated_Source\PSoC4 -Wa,-alh=.\CortexM0\ARM_GCC_541\Debug/pem.lst -g -D DEBUG -Wall -ffunction-sections -ffat-lto-objects -Og -c pem.c -o .\CortexM0\ARM_GCC_541\Debug\pem.o
arm-none-eabi-gcc.exe -mcpu=cortex-m0 -mthumb -I. -IGenerated_Source\PSoC4 -Wa,-alh=.\CortexM0\ARM_GCC_541\Debug/pk.lst -g -D DEBUG -Wall -ffunction-sections -ffat-lto-objects -Og -c pk.c -o .\CortexM0\ARM_GCC_541\Debug\pk.o
pk.c: In function 'mbedtls_pk_setup':
pk.c:103:5: warning: implicit declaration of function 'printf' [-Wimplicit-function-declaration]
     printf("%d\n",__LINE__);
     ^
pk.c:103:5: warning: incompatible implicit declaration of built-in function 'printf'
pk.c:103:5: note: include '<stdio.h>' or provide a declaration of 'printf'
pk.c: In function 'mbedtls_pk_verify':
pk.c:183:5: warning: incompatible implicit declaration of built-in function 'printf'
     printf("%d\n",__LINE__);
     ^
pk.c:183:5: note: include '<stdio.h>' or provide a declaration of 'printf'
pk.c: In function 'mbedtls_pk_verify_ext':
pk.c:203:5: warning: incompatible implicit declaration of built-in function 'printf'
     printf("%d\n",__LINE__);
     ^
pk.c:203:5: note: include '<stdio.h>' or provide a declaration of 'printf'
pk.c: In function 'mbedtls_pk_sign':
pk.c:259:5: warning: incompatible implicit declaration of built-in function 'printf'
     printf("%d\n",__LINE__);
     ^
pk.c:259:5: note: include '<stdio.h>' or provide a declaration of 'printf'
pk.c: In function 'mbedtls_pk_decrypt':
pk.c:279:5: warning: incompatible implicit declaration of built-in function 'printf'
     printf("%d\n",__LINE__);
     ^
pk.c:279:5: note: include '<stdio.h>' or provide a declaration of 'printf'
pk.c: In function 'mbedtls_pk_encrypt':
pk.c:300:5: warning: incompatible implicit declaration of built-in function 'printf'
     printf("%d\n",__LINE__);
     ^
pk.c:300:5: note: include '<stdio.h>' or provide a declaration of 'printf'
pk.c: In function 'mbedtls_pk_check_pair':
pk.c:320:5: warning: incompatible implicit declaration of built-in function 'printf'
     printf("%d\n",__LINE__);
     ^
pk.c:320:5: note: include '<stdio.h>' or provide a declaration of 'printf'
pk.c: In function 'mbedtls_pk_debug':
pk.c:354:5: warning: incompatible implicit declaration of built-in function 'printf'
     printf("%d\n",__LINE__);
     ^
pk.c:354:5: note: include '<stdio.h>' or provide a declaration of 'printf'
arm-none-eabi-gcc.exe -mcpu=cortex-m0 -mthumb -I. -IGenerated_Source\PSoC4 -Wa,-alh=.\CortexM0\ARM_GCC_541\Debug/pk_wrap.lst -g -D DEBUG -Wall -ffunction-sections -ffat-lto-objects -Og -c pk_wrap.c -o .\CortexM0\ARM_GCC_541\Debug\pk_wrap.o
arm-none-eabi-gcc.exe -mcpu=cortex-m0 -mthumb -I. -IGenerated_Source\PSoC4 -Wa,-alh=.\CortexM0\ARM_GCC_541\Debug/pkcs5.lst -g -D DEBUG -Wall -ffunction-sections -ffat-lto-objects -Og -c pkcs5.c -o .\CortexM0\ARM_GCC_541\Debug\pkcs5.o
arm-none-eabi-gcc.exe -mcpu=cortex-m0 -mthumb -I. -IGenerated_Source\PSoC4 -Wa,-alh=.\CortexM0\ARM_GCC_541\Debug/pkcs11.lst -g -D DEBUG -Wall -ffunction-sections -ffat-lto-objects -Og -c pkcs11.c -o .\CortexM0\ARM_GCC_541\Debug\pkcs11.o
arm-none-eabi-gcc.exe -mcpu=cortex-m0 -mthumb -I. -IGenerated_Source\PSoC4 -Wa,-alh=.\CortexM0\ARM_GCC_541\Debug/pkcs12.lst -g -D DEBUG -Wall -ffunction-sections -ffat-lto-objects -Og -c pkcs12.c -o .\CortexM0\ARM_GCC_541\Debug\pkcs12.o
arm-none-eabi-gcc.exe -mcpu=cortex-m0 -mthumb -I. -IGenerated_Source\PSoC4 -Wa,-alh=.\CortexM0\ARM_GCC_541\Debug/pkparse.lst -g -D DEBUG -Wall -ffunction-sections -ffat-lto-objects -Og -c pkparse.c -o .\CortexM0\ARM_GCC_541\Debug\pkparse.o
arm-none-eabi-gcc.exe -mcpu=cortex-m0 -mthumb -I. -IGenerated_Source\PSoC4 -Wa,-alh=.\CortexM0\ARM_GCC_541\Debug/pkwrite.lst -g -D DEBUG -Wall -ffunction-sections -ffat-lto-objects -Og -c pkwrite.c -o .\CortexM0\ARM_GCC_541\Debug\pkwrite.o
arm-none-eabi-gcc.exe -mcpu=cortex-m0 -mthumb -I. -IGenerated_Source\PSoC4 -Wa,-alh=.\CortexM0\ARM_GCC_541\Debug/platform.lst -g -D DEBUG -Wall -ffunction-sections -ffat-lto-objects -Og -c platform.c -o .\CortexM0\ARM_GCC_541\Debug\platform.o
arm-none-eabi-gcc.exe -mcpu=cortex-m0 -mthumb -I. -IGenerated_Source\PSoC4 -Wa,-alh=.\CortexM0\ARM_GCC_541\Debug/ripemd160.lst -g -D DEBUG -Wall -ffunction-sections -ffat-lto-objects -Og -c ripemd160.c -o .\CortexM0\ARM_GCC_541\Debug\ripemd160.o
arm-none-eabi-gcc.exe -mcpu=cortex-m0 -mthumb -I. -IGenerated_Source\PSoC4 -Wa,-alh=.\CortexM0\ARM_GCC_541\Debug/rsa.lst -g -D DEBUG -Wall -ffunction-sections -ffat-lto-objects -Og -c rsa.c -o .\CortexM0\ARM_GCC_541\Debug\rsa.o
arm-none-eabi-gcc.exe -mcpu=cortex-m0 -mthumb -I. -IGenerated_Source\PSoC4 -Wa,-alh=.\CortexM0\ARM_GCC_541\Debug/sha1.lst -g -D DEBUG -Wall -ffunction-sections -ffat-lto-objects -Og -c sha1.c -o .\CortexM0\ARM_GCC_541\Debug\sha1.o
arm-none-eabi-gcc.exe -mcpu=cortex-m0 -mthumb -I. -IGenerated_Source\PSoC4 -Wa,-alh=.\CortexM0\ARM_GCC_541\Debug/sha256.lst -g -D DEBUG -Wall -ffunction-sections -ffat-lto-objects -Og -c sha256.c -o .\CortexM0\ARM_GCC_541\Debug\sha256.o
arm-none-eabi-gcc.exe -mcpu=cortex-m0 -mthumb -I. -IGenerated_Source\PSoC4 -Wa,-alh=.\CortexM0\ARM_GCC_541\Debug/sha512.lst -g -D DEBUG -Wall -ffunction-sections -ffat-lto-objects -Og -c sha512.c -o .\CortexM0\ARM_GCC_541\Debug\sha512.o
arm-none-eabi-gcc.exe -mcpu=cortex-m0 -mthumb -I. -IGenerated_Source\PSoC4 -Wa,-alh=.\CortexM0\ARM_GCC_541\Debug/ssl_cache.lst -g -D DEBUG -Wall -ffunction-sections -ffat-lto-objects -Og -c ssl_cache.c -o .\CortexM0\ARM_GCC_541\Debug\ssl_cache.o
arm-none-eabi-gcc.exe -mcpu=cortex-m0 -mthumb -I. -IGenerated_Source\PSoC4 -Wa,-alh=.\CortexM0\ARM_GCC_541\Debug/ssl_ciphersuites.lst -g -D DEBUG -Wall -ffunction-sections -ffat-lto-objects -Og -c ssl_ciphersuites.c -o .\CortexM0\ARM_GCC_541\Debug\ssl_ciphersuites.o
arm-none-eabi-gcc.exe -mcpu=cortex-m0 -mthumb -I. -IGenerated_Source\PSoC4 -Wa,-alh=.\CortexM0\ARM_GCC_541\Debug/ssl_cli.lst -g -D DEBUG -Wall -ffunction-sections -ffat-lto-objects -Og -c ssl_cli.c -o .\CortexM0\ARM_GCC_541\Debug\ssl_cli.o
arm-none-eabi-gcc.exe -mcpu=cortex-m0 -mthumb -I. -IGenerated_Source\PSoC4 -Wa,-alh=.\CortexM0\ARM_GCC_541\Debug/ssl_cookie.lst -g -D DEBUG -Wall -ffunction-sections -ffat-lto-objects -Og -c ssl_cookie.c -o .\CortexM0\ARM_GCC_541\Debug\ssl_cookie.o
arm-none-eabi-gcc.exe -mcpu=cortex-m0 -mthumb -I. -IGenerated_Source\PSoC4 -Wa,-alh=.\CortexM0\ARM_GCC_541\Debug/ssl_srv.lst -g -D DEBUG -Wall -ffunction-sections -ffat-lto-objects -Og -c ssl_srv.c -o .\CortexM0\ARM_GCC_541\Debug\ssl_srv.o
arm-none-eabi-gcc.exe -mcpu=cortex-m0 -mthumb -I. -IGenerated_Source\PSoC4 -Wa,-alh=.\CortexM0\ARM_GCC_541\Debug/ssl_ticket.lst -g -D DEBUG -Wall -ffunction-sections -ffat-lto-objects -Og -c ssl_ticket.c -o .\CortexM0\ARM_GCC_541\Debug\ssl_ticket.o
ssl_ticket.c: In function 'mbedtls_ssl_ticket_write':
ssl_ticket.c:341:17: warning: implicit declaration of function 'mbedtls_cipher_auth_encrypt' [-Wimplicit-function-declaration]
     if( ( ret = mbedtls_cipher_auth_encrypt( &key->ctx,
                 ^
ssl_ticket.c: In function 'mbedtls_ssl_ticket_parse':
ssl_ticket.c:432:17: warning: implicit declaration of function 'mbedtls_cipher_auth_decrypt' [-Wimplicit-function-declaration]
     if( ( ret = mbedtls_cipher_auth_decrypt( &key->ctx, iv, 12,
                 ^
arm-none-eabi-gcc.exe -mcpu=cortex-m0 -mthumb -I. -IGenerated_Source\PSoC4 -Wa,-alh=.\CortexM0\ARM_GCC_541\Debug/ssl_tls.lst -g -D DEBUG -Wall -ffunction-sections -ffat-lto-objects -Og -c ssl_tls.c -o .\CortexM0\ARM_GCC_541\Debug\ssl_tls.o
arm-none-eabi-gcc.exe -mcpu=cortex-m0 -mthumb -I. -IGenerated_Source\PSoC4 -Wa,-alh=.\CortexM0\ARM_GCC_541\Debug/threading.lst -g -D DEBUG -Wall -ffunction-sections -ffat-lto-objects -Og -c threading.c -o .\CortexM0\ARM_GCC_541\Debug\threading.o
arm-none-eabi-gcc.exe -mcpu=cortex-m0 -mthumb -I. -IGenerated_Source\PSoC4 -Wa,-alh=.\CortexM0\ARM_GCC_541\Debug/timing.lst -g -D DEBUG -Wall -ffunction-sections -ffat-lto-objects -Og -c timing.c -o .\CortexM0\ARM_GCC_541\Debug\timing.o
arm-none-eabi-gcc.exe -mcpu=cortex-m0 -mthumb -I. -IGenerated_Source\PSoC4 -Wa,-alh=.\CortexM0\ARM_GCC_541\Debug/version.lst -g -D DEBUG -Wall -ffunction-sections -ffat-lto-objects -Og -c version.c -o .\CortexM0\ARM_GCC_541\Debug\version.o
arm-none-eabi-gcc.exe -mcpu=cortex-m0 -mthumb -I. -IGenerated_Source\PSoC4 -Wa,-alh=.\CortexM0\ARM_GCC_541\Debug/version_features.lst -g -D DEBUG -Wall -ffunction-sections -ffat-lto-objects -Og -c version_features.c -o .\CortexM0\ARM_GCC_541\Debug\version_features.o
arm-none-eabi-gcc.exe -mcpu=cortex-m0 -mthumb -I. -IGenerated_Source\PSoC4 -Wa,-alh=.\CortexM0\ARM_GCC_541\Debug/x509.lst -g -D DEBUG -Wall -ffunction-sections -ffat-lto-objects -Og -c x509.c -o .\CortexM0\ARM_GCC_541\Debug\x509.o
arm-none-eabi-gcc.exe -mcpu=cortex-m0 -mthumb -I. -IGenerated_Source\PSoC4 -Wa,-alh=.\CortexM0\ARM_GCC_541\Debug/x509_create.lst -g -D DEBUG -Wall -ffunction-sections -ffat-lto-objects -Og -c x509_create.c -o .\CortexM0\ARM_GCC_541\Debug\x509_create.o
arm-none-eabi-gcc.exe -mcpu=cortex-m0 -mthumb -I. -IGenerated_Source\PSoC4 -Wa,-alh=.\CortexM0\ARM_GCC_541\Debug/x509_crl.lst -g -D DEBUG -Wall -ffunction-sections -ffat-lto-objects -Og -c x509_crl.c -o .\CortexM0\ARM_GCC_541\Debug\x509_crl.o
arm-none-eabi-gcc.exe -mcpu=cortex-m0 -mthumb -I. -IGenerated_Source\PSoC4 -Wa,-alh=.\CortexM0\ARM_GCC_541\Debug/x509_crt.lst -g -D DEBUG -Wall -ffunction-sections -ffat-lto-objects -Og -c x509_crt.c -o .\CortexM0\ARM_GCC_541\Debug\x509_crt.o
arm-none-eabi-gcc.exe -mcpu=cortex-m0 -mthumb -I. -IGenerated_Source\PSoC4 -Wa,-alh=.\CortexM0\ARM_GCC_541\Debug/x509_csr.lst -g -D DEBUG -Wall -ffunction-sections -ffat-lto-objects -Og -c x509_csr.c -o .\CortexM0\ARM_GCC_541\Debug\x509_csr.o
arm-none-eabi-gcc.exe -mcpu=cortex-m0 -mthumb -I. -IGenerated_Source\PSoC4 -Wa,-alh=.\CortexM0\ARM_GCC_541\Debug/x509write_crt.lst -g -D DEBUG -Wall -ffunction-sections -ffat-lto-objects -Og -c x509write_crt.c -o .\CortexM0\ARM_GCC_541\Debug\x509write_crt.o
arm-none-eabi-gcc.exe -mcpu=cortex-m0 -mthumb -I. -IGenerated_Source\PSoC4 -Wa,-alh=.\CortexM0\ARM_GCC_541\Debug/x509write_csr.lst -g -D DEBUG -Wall -ffunction-sections -ffat-lto-objects -Og -c x509write_csr.c -o .\CortexM0\ARM_GCC_541\Debug\x509write_csr.o
arm-none-eabi-gcc.exe -mcpu=cortex-m0 -mthumb -I. -IGenerated_Source\PSoC4 -Wa,-alh=.\CortexM0\ARM_GCC_541\Debug/xtea.lst -g -D DEBUG -Wall -ffunction-sections -ffat-lto-objects -Og -c xtea.c -o .\CortexM0\ARM_GCC_541\Debug\xtea.o
arm-none-eabi-ar.exe -rs .\CortexM0\ARM_GCC_541\Debug\bank-protocol-rev2.a .\CortexM0\ARM_GCC_541\Debug\UART.o .\CortexM0\ARM_GCC_541\Debug\UART_PM.o .\CortexM0\ARM_GCC_541\Debug\UART_BOOT.o .\CortexM0\ARM_GCC_541\Debug\UART_INT.o .\CortexM0\ARM_GCC_541\Debug\PWM_0.o .\CortexM0\ARM_GCC_541\Debug\PWM_0_PM.o .\CortexM0\ARM_GCC_541\Debug\I2C.o .\CortexM0\ARM_GCC_541\Debug\I2C_I2C_INT.o .\CortexM0\ARM_GCC_541\Debug\I2C_I2C.o .\CortexM0\ARM_GCC_541\Debug\I2C_I2C_BOOT.o .\CortexM0\ARM_GCC_541\Debug\I2C_I2C_SLAVE.o .\CortexM0\ARM_GCC_541\Debug\I2C_PM.o .\CortexM0\ARM_GCC_541\Debug\I2C_BOOT.o .\CortexM0\ARM_GCC_541\Debug\PWM_1.o .\CortexM0\ARM_GCC_541\Debug\PWM_1_PM.o .\CortexM0\ARM_GCC_541\Debug\PWM_2.o .\CortexM0\ARM_GCC_541\Debug\PWM_2_PM.o .\CortexM0\ARM_GCC_541\Debug\Timer.o .\CortexM0\ARM_GCC_541\Debug\Timer_PM.o .\CortexM0\ARM_GCC_541\Debug\PWM_2_Out.o .\CortexM0\ARM_GCC_541\Debug\PWM_2_Out_PM.o .\CortexM0\ARM_GCC_541\Debug\PWM_1_Out.o .\CortexM0\ARM_GCC_541\Debug\PWM_1_Out_PM.o .\CortexM0\ARM_GCC_541\Debug\PWM_0_Out.o .\CortexM0\ARM_GCC_541\Debug\PWM_0_Out_PM.o .\CortexM0\ARM_GCC_541\Debug\PWM_0_Int.o .\CortexM0\ARM_GCC_541\Debug\Clock_1MHz.o .\CortexM0\ARM_GCC_541\Debug\Timer_Int.o .\CortexM0\ARM_GCC_541\Debug\Timer_Pin.o .\CortexM0\ARM_GCC_541\Debug\Timer_Pin_PM.o .\CortexM0\ARM_GCC_541\Debug\Wakeup_Pin_Int.o .\CortexM0\ARM_GCC_541\Debug\Wakeup_Pin.o .\CortexM0\ARM_GCC_541\Debug\Wakeup_Pin_PM.o .\CortexM0\ARM_GCC_541\Debug\Comp_0.o .\CortexM0\ARM_GCC_541\Debug\Comp_0_PM.o .\CortexM0\ARM_GCC_541\Debug\Input_1_Int.o .\CortexM0\ARM_GCC_541\Debug\Input_0_Int.o .\CortexM0\ARM_GCC_541\Debug\Input_Pin_1.o .\CortexM0\ARM_GCC_541\Debug\Input_Pin_1_PM.o .\CortexM0\ARM_GCC_541\Debug\Input_Pin_0.o .\CortexM0\ARM_GCC_541\Debug\Input_Pin_0_PM.o .\CortexM0\ARM_GCC_541\Debug\CompP_0.o .\CortexM0\ARM_GCC_541\Debug\CompP_0_PM.o .\CortexM0\ARM_GCC_541\Debug\CompM_0.o .\CortexM0\ARM_GCC_541\Debug\CompM_0_PM.o .\CortexM0\ARM_GCC_541\Debug\Comp_1.o .\CortexM0\ARM_GCC_541\Debug\Comp_1_PM.o .\CortexM0\ARM_GCC_541\Debug\CompP_1.o .\CortexM0\ARM_GCC_541\Debug\CompP_1_PM.o .\CortexM0\ARM_GCC_541\Debug\CompM_1.o .\CortexM0\ARM_GCC_541\Debug\CompM_1_PM.o .\CortexM0\ARM_GCC_541\Debug\Output_Pin_0.o .\CortexM0\ARM_GCC_541\Debug\Output_Pin_0_PM.o .\CortexM0\ARM_GCC_541\Debug\Output_Pin_1.o .\CortexM0\ARM_GCC_541\Debug\Output_Pin_1_PM.o .\CortexM0\ARM_GCC_541\Debug\LPComp_Int.o .\CortexM0\ARM_GCC_541\Debug\ADC.o .\CortexM0\ARM_GCC_541\Debug\ADC_PM.o .\CortexM0\ARM_GCC_541\Debug\ADC_INT.o .\CortexM0\ARM_GCC_541\Debug\ADC_3.o .\CortexM0\ARM_GCC_541\Debug\ADC_3_PM.o .\CortexM0\ARM_GCC_541\Debug\ADC_EOC_Int.o .\CortexM0\ARM_GCC_541\Debug\DieTemp.o .\CortexM0\ARM_GCC_541\Debug\ADC_2_Buffer.o .\CortexM0\ARM_GCC_541\Debug\ADC_2_Buffer_PM.o .\CortexM0\ARM_GCC_541\Debug\ADC_3_Buffer.o .\CortexM0\ARM_GCC_541\Debug\ADC_3_Buffer_PM.o .\CortexM0\ARM_GCC_541\Debug\ADC_0.o .\CortexM0\ARM_GCC_541\Debug\ADC_0_PM.o .\CortexM0\ARM_GCC_541\Debug\ADC_1P.o .\CortexM0\ARM_GCC_541\Debug\ADC_1P_PM.o .\CortexM0\ARM_GCC_541\Debug\ADC_1M.o .\CortexM0\ARM_GCC_541\Debug\ADC_1M_PM.o .\CortexM0\ARM_GCC_541\Debug\ADC_2.o .\CortexM0\ARM_GCC_541\Debug\ADC_2_PM.o .\CortexM0\ARM_GCC_541\Debug\CapSense.o .\CortexM0\ARM_GCC_541\Debug\CapSense_PM.o .\CortexM0\ARM_GCC_541\Debug\CapSense_CSHL.o .\CortexM0\ARM_GCC_541\Debug\CapSense_INT.o .\CortexM0\ARM_GCC_541\Debug\CapSense_TunerHelper.o .\CortexM0\ARM_GCC_541\Debug\CapSense_SMS.o .\CortexM0\ARM_GCC_541\Debug\I2C_SCBCLK.o .\CortexM0\ARM_GCC_541\Debug\I2C_sda.o .\CortexM0\ARM_GCC_541\Debug\I2C_sda_PM.o .\CortexM0\ARM_GCC_541\Debug\I2C_scl.o .\CortexM0\ARM_GCC_541\Debug\I2C_scl_PM.o .\CortexM0\ARM_GCC_541\Debug\I2C_SCB_IRQ.o .\CortexM0\ARM_GCC_541\Debug\ADC_IRQ.o .\CortexM0\ARM_GCC_541\Debug\ADC_intClock.o .\CortexM0\ARM_GCC_541\Debug\CapSense_SampleClk.o .\CortexM0\ARM_GCC_541\Debug\CapSense_SenseClk.o .\CortexM0\ARM_GCC_541\Debug\cy_em_eeprom.o .\CortexM0\ARM_GCC_541\Debug\CyFlash.o .\CortexM0\ARM_GCC_541\Debug\CyLib.o .\CortexM0\ARM_GCC_541\Debug\cyPm.o .\CortexM0\ARM_GCC_541\Debug\cyutils.o .\CortexM0\ARM_GCC_541\Debug\CyLFClk.o .\CortexM0\ARM_GCC_541\Debug\UART_IntClock.o .\CortexM0\ARM_GCC_541\Debug\CyBootAsmGnu.o
arm-none-eabi-ar.exe: creating .\CortexM0\ARM_GCC_541\Debug\bank-protocol-rev2.a
arm-none-eabi-gcc.exe -Wl,--start-group -o "C:\Users\Larry\Documents\PSoC Creator\bwsi\bank-protocol\bank-protocol-rev2.cydsn\CortexM0\ARM_GCC_541\Debug\bank-protocol-rev2.elf" .\CortexM0\ARM_GCC_541\Debug\main.o .\CortexM0\ARM_GCC_541\Debug\aes.o .\CortexM0\ARM_GCC_541\Debug\aesni.o .\CortexM0\ARM_GCC_541\Debug\arc4.o .\CortexM0\ARM_GCC_541\Debug\asn1parse.o .\CortexM0\ARM_GCC_541\Debug\asn1write.o .\CortexM0\ARM_GCC_541\Debug\base64.o .\CortexM0\ARM_GCC_541\Debug\bignum.o .\CortexM0\ARM_GCC_541\Debug\blowfish.o .\CortexM0\ARM_GCC_541\Debug\camellia.o .\CortexM0\ARM_GCC_541\Debug\ccm.o .\CortexM0\ARM_GCC_541\Debug\certs.o .\CortexM0\ARM_GCC_541\Debug\cipher.o .\CortexM0\ARM_GCC_541\Debug\cipher_wrap.o .\CortexM0\ARM_GCC_541\Debug\cmac.o .\CortexM0\ARM_GCC_541\Debug\ctr_drbg.o .\CortexM0\ARM_GCC_541\Debug\debug.o .\CortexM0\ARM_GCC_541\Debug\des.o .\CortexM0\ARM_GCC_541\Debug\dhm.o .\CortexM0\ARM_GCC_541\Debug\ecdh.o .\CortexM0\ARM_GCC_541\Debug\ecdsa.o .\CortexM0\ARM_GCC_541\Debug\ecjpake.o .\CortexM0\ARM_GCC_541\Debug\ecp.o .\CortexM0\ARM_GCC_541\Debug\ecp_curves.o .\CortexM0\ARM_GCC_541\Debug\entropy.o .\CortexM0\ARM_GCC_541\Debug\entropy_poll.o .\CortexM0\ARM_GCC_541\Debug\error.o .\CortexM0\ARM_GCC_541\Debug\gcm.o .\CortexM0\ARM_GCC_541\Debug\havege.o .\CortexM0\ARM_GCC_541\Debug\hmac_drbg.o .\CortexM0\ARM_GCC_541\Debug\md.o .\CortexM0\ARM_GCC_541\Debug\md_wrap.o .\CortexM0\ARM_GCC_541\Debug\md2.o .\CortexM0\ARM_GCC_541\Debug\md4.o .\CortexM0\ARM_GCC_541\Debug\md5.o .\CortexM0\ARM_GCC_541\Debug\memory_buffer_alloc.o .\CortexM0\ARM_GCC_541\Debug\net_sockets.o .\CortexM0\ARM_GCC_541\Debug\oid.o .\CortexM0\ARM_GCC_541\Debug\padlock.o .\CortexM0\ARM_GCC_541\Debug\pem.o .\CortexM0\ARM_GCC_541\Debug\pk.o .\CortexM0\ARM_GCC_541\Debug\pk_wrap.o .\CortexM0\ARM_GCC_541\Debug\pkcs5.o .\CortexM0\ARM_GCC_541\Debug\pkcs11.o .\CortexM0\ARM_GCC_541\Debug\pkcs12.o .\CortexM0\ARM_GCC_541\Debug\pkparse.o .\CortexM0\ARM_GCC_541\Debug\pkwrite.o .\CortexM0\ARM_GCC_541\Debug\platform.o .\CortexM0\ARM_GCC_541\Debug\ripemd160.o .\CortexM0\ARM_GCC_541\Debug\rsa.o .\CortexM0\ARM_GCC_541\Debug\sha1.o .\CortexM0\ARM_GCC_541\Debug\sha256.o .\CortexM0\ARM_GCC_541\Debug\sha512.o .\CortexM0\ARM_GCC_541\Debug\ssl_cache.o .\CortexM0\ARM_GCC_541\Debug\ssl_ciphersuites.o .\CortexM0\ARM_GCC_541\Debug\ssl_cli.o .\CortexM0\ARM_GCC_541\Debug\ssl_cookie.o .\CortexM0\ARM_GCC_541\Debug\ssl_srv.o .\CortexM0\ARM_GCC_541\Debug\ssl_ticket.o .\CortexM0\ARM_GCC_541\Debug\ssl_tls.o .\CortexM0\ARM_GCC_541\Debug\threading.o .\CortexM0\ARM_GCC_541\Debug\timing.o .\CortexM0\ARM_GCC_541\Debug\version.o .\CortexM0\ARM_GCC_541\Debug\version_features.o .\CortexM0\ARM_GCC_541\Debug\x509.o .\CortexM0\ARM_GCC_541\Debug\x509_create.o .\CortexM0\ARM_GCC_541\Debug\x509_crl.o .\CortexM0\ARM_GCC_541\Debug\x509_crt.o .\CortexM0\ARM_GCC_541\Debug\x509_csr.o .\CortexM0\ARM_GCC_541\Debug\x509write_crt.o .\CortexM0\ARM_GCC_541\Debug\x509write_csr.o .\CortexM0\ARM_GCC_541\Debug\xtea.o .\CortexM0\ARM_GCC_541\Debug\cyfitter_cfg.o .\CortexM0\ARM_GCC_541\Debug\cymetadata.o .\CortexM0\ARM_GCC_541\Debug\Cm0Start.o .\CortexM0\ARM_GCC_541\Debug\bank-protocol-rev2.a "C:\Program Files (x86)\Cypress\PSoC Creator\4.2\PSoC Creator\psoc\content\CyComponentLibrary\CyComponentLibrary.cylib\CapSense_CSD_P4_v2_60\PSoC4\Library\CapsenseP4Library_GCC.a" -mcpu=cortex-m0 -mthumb -L Generated_Source\PSoC4 -Wl,-Map,.\CortexM0\ARM_GCC_541\Debug/bank-protocol-rev2.map -T Generated_Source\PSoC4\cm0gcc.ld -specs=nano.specs -Wl,--gc-sections -g -ffunction-sections -Og -ffat-lto-objects -Wl,--end-group
cyelftool.exe -C "C:\Users\Larry\Documents\PSoC Creator\bwsi\bank-protocol\bank-protocol-rev2.cydsn\CortexM0\ARM_GCC_541\Debug\bank-protocol-rev2.elf" --flash_row_size 128 --flash_size 32768 --flash_offset 0x00000000
No ELF section .cychecksum found, creating one
Application checksum calculated and stored in ELF section .cychecksum
Checksum calculated and stored in ELF section .cymeta
cyelftool.exe -S "C:\Users\Larry\Documents\PSoC Creator\bwsi\bank-protocol\bank-protocol-rev2.cydsn\CortexM0\ARM_GCC_541\Debug\bank-protocol-rev2.elf"
Flash used: 3606 of 32768 bytes (11.0%).
SRAM used: 1536 of 4096 bytes (37.5%). Stack: 1024 bytes. Heap: 128 bytes.
--------------- Build Succeeded: 07/17/2018 20:56:20 ---------------
