--------------- Clean Started: 07/17/2018 15:56:56 Project: bank-protocol-rev2, Configuration: ARM GCC 5.4-2016-q2-update Debug ---------------
Deleting file ".\CortexM0\ARM_GCC_541\Debug\main.o"
Deleting file ".\CortexM0\ARM_GCC_541\Debug\aes.o"
Deleting file ".\CortexM0\ARM_GCC_541\Debug\aesni.o"
Deleting file ".\CortexM0\ARM_GCC_541\Debug\arc4.o"
Deleting file ".\CortexM0\ARM_GCC_541\Debug\asn1parse.o"
Deleting file ".\CortexM0\ARM_GCC_541\Debug\asn1write.o"
Deleting file ".\CortexM0\ARM_GCC_541\Debug\base64.o"
Deleting file ".\CortexM0\ARM_GCC_541\Debug\bignum.o"
Deleting file ".\CortexM0\ARM_GCC_541\Debug\blowfish.o"
Deleting file ".\CortexM0\ARM_GCC_541\Debug\camellia.o"
Deleting file ".\CortexM0\ARM_GCC_541\Debug\ccm.o"
Deleting file ".\CortexM0\ARM_GCC_541\Debug\certs.o"
Deleting file ".\CortexM0\ARM_GCC_541\Debug\cipher.o"
Deleting file ".\CortexM0\ARM_GCC_541\Debug\cipher_wrap.o"
Deleting file ".\CortexM0\ARM_GCC_541\Debug\cmac.o"
Deleting file ".\CortexM0\ARM_GCC_541\Debug\ctr_drbg.o"
Deleting file ".\CortexM0\ARM_GCC_541\Debug\debug.o"
Deleting file ".\CortexM0\ARM_GCC_541\Debug\des.o"
Deleting file ".\CortexM0\ARM_GCC_541\Debug\dhm.o"
Deleting file ".\CortexM0\ARM_GCC_541\Debug\ecdh.o"
Deleting file ".\CortexM0\ARM_GCC_541\Debug\ecdsa.o"
Deleting file ".\CortexM0\ARM_GCC_541\Debug\ecjpake.o"
Deleting file ".\CortexM0\ARM_GCC_541\Debug\ecp.o"
Deleting file ".\CortexM0\ARM_GCC_541\Debug\ecp_curves.o"
Deleting file ".\CortexM0\ARM_GCC_541\Debug\entropy.o"
Deleting file ".\bank-protocol-rev2.cycdx"
Deleting file ".\bank-protocol-rev2.svd"
Deleting file ".\bank-protocol-rev2.rpt"
Deleting file ".\bank-protocol-rev2_timing.html"
--------------- Clean Succeeded: 07/17/2018 15:56:56 ---------------
