--------------- Clean Started: 07/18/2018 22:24:09 Project: bank-protocol-rev3, Configuration: ARM GCC 5.4-2016-q2-update Debug ---------------
Deleting file ".\CortexM0\ARM_GCC_541\Debug\main.o"
Deleting file ".\CortexM0\ARM_GCC_541\Debug\aes.o"
Deleting file ".\CortexM0\ARM_GCC_541\Debug\blockwise.o"
Deleting file ".\CortexM0\ARM_GCC_541\Debug\cbcmac.o"
Deleting file ".\CortexM0\ARM_GCC_541\Debug\ccm.o"
Deleting file ".\CortexM0\ARM_GCC_541\Debug\chash.o"
Deleting file ".\CortexM0\ARM_GCC_541\Debug\cmac.o"
Deleting file ".\CortexM0\ARM_GCC_541\Debug\drbg.o"
Deleting file ".\CortexM0\ARM_GCC_541\Debug\eax.o"
Deleting file ".\CortexM0\ARM_GCC_541\Debug\gcm.o"
Deleting file ".\CortexM0\ARM_GCC_541\Debug\gf128.o"
Deleting file ".\CortexM0\ARM_GCC_541\Debug\hmac.o"
Deleting file ".\CortexM0\ARM_GCC_541\Debug\modes.o"
Deleting file ".\CortexM0\ARM_GCC_541\Debug\norx.o"
Deleting file ".\CortexM0\ARM_GCC_541\Debug\ocb.o"
Deleting file ".\CortexM0\ARM_GCC_541\Debug\pbkdf2.o"
Deleting file ".\CortexM0\ARM_GCC_541\Debug\poly1305.o"
Deleting file ".\CortexM0\ARM_GCC_541\Debug\cyfitter_cfg.o"
Deleting file ".\CortexM0\ARM_GCC_541\Debug\cymetadata.o"
Deleting file ".\CortexM0\ARM_GCC_541\Debug\UART.o"
Deleting file ".\CortexM0\ARM_GCC_541\Debug\UART_SPI_UART.o"
Deleting file ".\CortexM0\ARM_GCC_541\Debug\UART_SPI_UART_INT.o"
Deleting file ".\CortexM0\ARM_GCC_541\Debug\UART_PM.o"
Deleting file ".\CortexM0\ARM_GCC_541\Debug\UART_UART.o"
Deleting file ".\CortexM0\ARM_GCC_541\Debug\UART_BOOT.o"
Deleting file ".\CortexM0\ARM_GCC_541\Debug\UART_UART_BOOT.o"
Deleting file ".\CortexM0\ARM_GCC_541\Debug\PWM_0.o"
Deleting file ".\CortexM0\ARM_GCC_541\Debug\PWM_0_PM.o"
Deleting file ".\CortexM0\ARM_GCC_541\Debug\I2C.o"
Deleting file ".\CortexM0\ARM_GCC_541\Debug\I2C_I2C_INT.o"
Deleting file ".\CortexM0\ARM_GCC_541\Debug\I2C_I2C.o"
Deleting file ".\CortexM0\ARM_GCC_541\Debug\I2C_I2C_BOOT.o"
Deleting file ".\CortexM0\ARM_GCC_541\Debug\I2C_I2C_SLAVE.o"
Deleting file ".\CortexM0\ARM_GCC_541\Debug\I2C_PM.o"
Deleting file ".\CortexM0\ARM_GCC_541\Debug\I2C_BOOT.o"
Deleting file ".\CortexM0\ARM_GCC_541\Debug\PWM_1.o"
Deleting file ".\CortexM0\ARM_GCC_541\Debug\PWM_1_PM.o"
Deleting file ".\CortexM0\ARM_GCC_541\Debug\PWM_2.o"
Deleting file ".\CortexM0\ARM_GCC_541\Debug\PWM_2_PM.o"
Deleting file ".\CortexM0\ARM_GCC_541\Debug\Timer.o"
Deleting file ".\CortexM0\ARM_GCC_541\Debug\Timer_PM.o"
Deleting file ".\CortexM0\ARM_GCC_541\Debug\PWM_2_Out.o"
Deleting file ".\CortexM0\ARM_GCC_541\Debug\PWM_2_Out_PM.o"
Deleting file ".\CortexM0\ARM_GCC_541\Debug\PWM_1_Out.o"
Deleting file ".\CortexM0\ARM_GCC_541\Debug\PWM_1_Out_PM.o"
Deleting file ".\CortexM0\ARM_GCC_541\Debug\PWM_0_Out.o"
Deleting file ".\CortexM0\ARM_GCC_541\Debug\PWM_0_Out_PM.o"
Deleting file ".\CortexM0\ARM_GCC_541\Debug\PWM_0_Int.o"
Deleting file ".\CortexM0\ARM_GCC_541\Debug\Clock_1MHz.o"
Deleting file ".\CortexM0\ARM_GCC_541\Debug\Timer_Int.o"
Deleting file ".\CortexM0\ARM_GCC_541\Debug\Timer_Pin.o"
Deleting file ".\CortexM0\ARM_GCC_541\Debug\Timer_Pin_PM.o"
Deleting file ".\CortexM0\ARM_GCC_541\Debug\Wakeup_Pin_Int.o"
Deleting file ".\CortexM0\ARM_GCC_541\Debug\Wakeup_Pin.o"
Deleting file ".\CortexM0\ARM_GCC_541\Debug\Wakeup_Pin_PM.o"
Deleting file ".\CortexM0\ARM_GCC_541\Debug\Comp_0.o"
Deleting file ".\CortexM0\ARM_GCC_541\Debug\Comp_0_PM.o"
Deleting file ".\CortexM0\ARM_GCC_541\Debug\Input_1_Int.o"
Deleting file ".\CortexM0\ARM_GCC_541\Debug\Input_0_Int.o"
Deleting file ".\CortexM0\ARM_GCC_541\Debug\Input_Pin_1.o"
Deleting file ".\CortexM0\ARM_GCC_541\Debug\Input_Pin_1_PM.o"
Deleting file ".\CortexM0\ARM_GCC_541\Debug\Input_Pin_0.o"
Deleting file ".\CortexM0\ARM_GCC_541\Debug\Input_Pin_0_PM.o"
Deleting file ".\CortexM0\ARM_GCC_541\Debug\CompP_0.o"
Deleting file ".\CortexM0\ARM_GCC_541\Debug\CompP_0_PM.o"
Deleting file ".\CortexM0\ARM_GCC_541\Debug\CompM_0.o"
Deleting file ".\CortexM0\ARM_GCC_541\Debug\CompM_0_PM.o"
Deleting file ".\CortexM0\ARM_GCC_541\Debug\Comp_1.o"
Deleting file ".\CortexM0\ARM_GCC_541\Debug\Comp_1_PM.o"
Deleting file ".\CortexM0\ARM_GCC_541\Debug\CompP_1.o"
Deleting file ".\CortexM0\ARM_GCC_541\Debug\CompP_1_PM.o"
Deleting file ".\CortexM0\ARM_GCC_541\Debug\CompM_1.o"
Deleting file ".\CortexM0\ARM_GCC_541\Debug\CompM_1_PM.o"
Deleting file ".\CortexM0\ARM_GCC_541\Debug\Output_Pin_0.o"
Deleting file ".\CortexM0\ARM_GCC_541\Debug\Output_Pin_0_PM.o"
Deleting file ".\CortexM0\ARM_GCC_541\Debug\Output_Pin_1.o"
Deleting file ".\CortexM0\ARM_GCC_541\Debug\Output_Pin_1_PM.o"
Deleting file ".\CortexM0\ARM_GCC_541\Debug\LPComp_Int.o"
Deleting file ".\CortexM0\ARM_GCC_541\Debug\ADC.o"
Deleting file ".\CortexM0\ARM_GCC_541\Debug\ADC_PM.o"
Deleting file ".\CortexM0\ARM_GCC_541\Debug\ADC_INT.o"
Deleting file ".\CortexM0\ARM_GCC_541\Debug\ADC_3.o"
Deleting file ".\CortexM0\ARM_GCC_541\Debug\ADC_3_PM.o"
Deleting file ".\CortexM0\ARM_GCC_541\Debug\ADC_EOC_Int.o"
Deleting file ".\CortexM0\ARM_GCC_541\Debug\DieTemp.o"
Deleting file ".\CortexM0\ARM_GCC_541\Debug\ADC_2_Buffer.o"
Deleting file ".\CortexM0\ARM_GCC_541\Debug\ADC_2_Buffer_PM.o"
Deleting file ".\CortexM0\ARM_GCC_541\Debug\ADC_3_Buffer.o"
Deleting file ".\CortexM0\ARM_GCC_541\Debug\ADC_3_Buffer_PM.o"
Deleting file ".\CortexM0\ARM_GCC_541\Debug\ADC_0.o"
Deleting file ".\CortexM0\ARM_GCC_541\Debug\ADC_0_PM.o"
Deleting file ".\CortexM0\ARM_GCC_541\Debug\ADC_1P.o"
Deleting file ".\CortexM0\ARM_GCC_541\Debug\ADC_1P_PM.o"
Deleting file ".\CortexM0\ARM_GCC_541\Debug\ADC_1M.o"
Deleting file ".\CortexM0\ARM_GCC_541\Debug\ADC_1M_PM.o"
Deleting file ".\CortexM0\ARM_GCC_541\Debug\ADC_2.o"
Deleting file ".\CortexM0\ARM_GCC_541\Debug\ADC_2_PM.o"
Deleting file ".\CortexM0\ARM_GCC_541\Debug\CapSense.o"
Deleting file ".\CortexM0\ARM_GCC_541\Debug\CapSense_PM.o"
Deleting file ".\CortexM0\ARM_GCC_541\Debug\CapSense_CSHL.o"
Deleting file ".\CortexM0\ARM_GCC_541\Debug\CapSense_INT.o"
Deleting file ".\CortexM0\ARM_GCC_541\Debug\CapSense_TunerHelper.o"
Deleting file ".\CortexM0\ARM_GCC_541\Debug\CapSense_SMS.o"
Deleting file ".\CortexM0\ARM_GCC_541\Debug\UART_SCBCLK.o"
Deleting file ".\CortexM0\ARM_GCC_541\Debug\UART_tx.o"
Deleting file ".\CortexM0\ARM_GCC_541\Debug\UART_tx_PM.o"
Deleting file ".\CortexM0\ARM_GCC_541\Debug\UART_rx.o"
Deleting file ".\CortexM0\ARM_GCC_541\Debug\UART_rx_PM.o"
Deleting file ".\CortexM0\ARM_GCC_541\Debug\I2C_SCBCLK.o"
Deleting file ".\CortexM0\ARM_GCC_541\Debug\I2C_sda.o"
Deleting file ".\CortexM0\ARM_GCC_541\Debug\I2C_sda_PM.o"
Deleting file ".\CortexM0\ARM_GCC_541\Debug\I2C_scl.o"
Deleting file ".\CortexM0\ARM_GCC_541\Debug\I2C_scl_PM.o"
Deleting file ".\CortexM0\ARM_GCC_541\Debug\I2C_SCB_IRQ.o"
Deleting file ".\CortexM0\ARM_GCC_541\Debug\ADC_IRQ.o"
Deleting file ".\CortexM0\ARM_GCC_541\Debug\ADC_intClock.o"
Deleting file ".\CortexM0\ARM_GCC_541\Debug\CapSense_SampleClk.o"
Deleting file ".\CortexM0\ARM_GCC_541\Debug\CapSense_SenseClk.o"
Deleting file ".\CortexM0\ARM_GCC_541\Debug\Cm0Start.o"
Deleting file ".\CortexM0\ARM_GCC_541\Debug\CyFlash.o"
Deleting file ".\CortexM0\ARM_GCC_541\Debug\CyLib.o"
Deleting file ".\CortexM0\ARM_GCC_541\Debug\cyPm.o"
Deleting file ".\CortexM0\ARM_GCC_541\Debug\cyutils.o"
Deleting file ".\CortexM0\ARM_GCC_541\Debug\CyBootAsmGnu.o"
Deleting file ".\CortexM0\ARM_GCC_541\Debug\CyLFClk.o"
Deleting file ".\CortexM0\ARM_GCC_541\Debug\bank-protocol-rev3.hex"
Deleting file ".\CortexM0\ARM_GCC_541\Debug\bank-protocol-rev3.elf"
Deleting file ".\CortexM0\ARM_GCC_541\Debug\bank-protocol-rev3.map"
Deleting file ".\bank-protocol-rev3.cycdx"
Deleting file ".\bank-protocol-rev3.svd"
Deleting file ".\bank-protocol-rev3.rpt"
Deleting file ".\bank-protocol-rev3_timing.html"
Deleting file ".\CortexM0\ARM_GCC_541\Debug\.deps\SOURCE_C__ARM_GCC_GENERIC.P"
Deleting file ".\CortexM0\ARM_GCC_541\Debug\.deps\SOURCE_ASM__ARM_GCC_GENERIC.P"
--------------- Clean Succeeded: 07/18/2018 22:24:09 ---------------
