--------------- Rebuild Started: 07/20/2018 16:17:51 Project: CARD-rev2, Configuration: ARM GCC 5.4-2016-q2-update Debug ---------------
Deleting file ".\CortexM0\ARM_GCC_541\Debug\main.o"
Deleting file ".\CortexM0\ARM_GCC_541\Debug\usbserialprotocol.o"
Deleting file ".\CortexM0\ARM_GCC_541\Debug\cyfitter_cfg.o"
Deleting file ".\CortexM0\ARM_GCC_541\Debug\cymetadata.o"
Deleting file ".\CortexM0\ARM_GCC_541\Debug\UART.o"
Deleting file ".\CortexM0\ARM_GCC_541\Debug\UART_PM.o"
Deleting file ".\CortexM0\ARM_GCC_541\Debug\UART_INT.o"
Deleting file ".\CortexM0\ARM_GCC_541\Debug\UART_BOOT.o"
Deleting file ".\CortexM0\ARM_GCC_541\Debug\EEPROM.o"
Deleting file ".\CortexM0\ARM_GCC_541\Debug\UART_IntClock.o"
Deleting file ".\CortexM0\ARM_GCC_541\Debug\cy_em_eeprom.o"
Deleting file ".\CortexM0\ARM_GCC_541\Debug\Cm0Start.o"
Deleting file ".\CortexM0\ARM_GCC_541\Debug\CyFlash.o"
Deleting file ".\CortexM0\ARM_GCC_541\Debug\CyLib.o"
Deleting file ".\CortexM0\ARM_GCC_541\Debug\cyPm.o"
Deleting file ".\CortexM0\ARM_GCC_541\Debug\cyutils.o"
Deleting file ".\CortexM0\ARM_GCC_541\Debug\CyBootAsmGnu.o"
Deleting file ".\CortexM0\ARM_GCC_541\Debug\CyLFClk.o"
Deleting file ".\CortexM0\ARM_GCC_541\Debug\CARD-rev2.hex"
Deleting file ".\CortexM0\ARM_GCC_541\Debug\CARD-rev2.elf"
Deleting file ".\CortexM0\ARM_GCC_541\Debug\CARD-rev2.map"
Deleting file ".\CARD-rev2.cycdx"
Deleting file ".\CARD-rev2.svd"
Deleting file ".\CARD-rev2.rpt"
Deleting file ".\CARD-rev2_timing.html"
Deleting file ".\CortexM0\ARM_GCC_541\Debug\.deps\SOURCE_C__ARM_GCC_GENERIC.P"
Deleting file ".\CortexM0\ARM_GCC_541\Debug\.deps\SOURCE_ASM__ARM_GCC_GENERIC.P"
cydsfit.exe -.appdatapath "C:\Users\Larry\AppData\Local\Cypress Semiconductor\PSoC Creator\4.2" -.fdsnotice -.fdswarpdepfile=warp_dependencies.txt -.fdselabdepfile=elab_dependencies.txt -.fdsbldfile=generated_files.txt -.fdsreffile=referenced_files.txt -p "C:\Users\Larry\Documents\PSoC Creator\bwsi\bank-protocol\CARD-rev2.cydsn\CARD-rev2.cyprj" -d CY8C4245AXI-483 -s "C:\Users\Larry\Documents\PSoC Creator\bwsi\bank-protocol\CARD-rev2.cydsn\Generated_Source\PSoC4" -- -yv2 -q10 -ygs -o2 -v3 -.fftcfgtype=LE
Elaborating Design...
HDL Generation...
Synthesis...
Tech Mapping...
Analog Placement...
Analog Routing...
Analog Code Generation...
Digital Placement...
Digital Routing...
Bitstream Generation...
Bitstream Verification...
Static timing analysis...
API Generation...
Dependency Generation...
Cleanup...
arm-none-eabi-gcc.exe -mcpu=cortex-m0 -mthumb -I. -IGenerated_Source\PSoC4 -Wa,-alh=.\CortexM0\ARM_GCC_541\Debug/main.lst -g -D DEBUG -D CY_CORE_ID=0 -Wall -ffunction-sections -ffat-lto-objects -Og -c main.c -o .\CortexM0\ARM_GCC_541\Debug\main.o
arm-none-eabi-gcc.exe -mcpu=cortex-m0 -mthumb -I. -IGenerated_Source\PSoC4 -Wa,-alh=.\CortexM0\ARM_GCC_541\Debug/usbserialprotocol.lst -g -D DEBUG -D CY_CORE_ID=0 -Wall -ffunction-sections -ffat-lto-objects -Og -c usbserialprotocol.c -o .\CortexM0\ARM_GCC_541\Debug\usbserialprotocol.o
arm-none-eabi-gcc.exe -mcpu=cortex-m0 -mthumb -I. -IGenerated_Source\PSoC4 -Wa,-alh=.\CortexM0\ARM_GCC_541\Debug/gcm.lst -g -D DEBUG -D CY_CORE_ID=0 -Wall -ffunction-sections -ffat-lto-objects -Og -c src\aead\gcm.c -o .\CortexM0\ARM_GCC_541\Debug\gcm.o
arm-none-eabi-gcc.exe -mcpu=cortex-m0 -mthumb -I. -IGenerated_Source\PSoC4 -Wa,-alh=.\CortexM0\ARM_GCC_541\Debug/ccopy.lst -g -D DEBUG -D CY_CORE_ID=0 -Wall -ffunction-sections -ffat-lto-objects -Og -c src\codec\ccopy.c -o .\CortexM0\ARM_GCC_541\Debug\ccopy.o
arm-none-eabi-gcc.exe -mcpu=cortex-m0 -mthumb -I. -IGenerated_Source\PSoC4 -Wa,-alh=.\CortexM0\ARM_GCC_541\Debug/dec16be.lst -g -D DEBUG -D CY_CORE_ID=0 -Wall -ffunction-sections -ffat-lto-objects -Og -c src\codec\dec16be.c -o .\CortexM0\ARM_GCC_541\Debug\dec16be.o
arm-none-eabi-gcc.exe -mcpu=cortex-m0 -mthumb -I. -IGenerated_Source\PSoC4 -Wa,-alh=.\CortexM0\ARM_GCC_541\Debug/dec16le.lst -g -D DEBUG -D CY_CORE_ID=0 -Wall -ffunction-sections -ffat-lto-objects -Og -c src\codec\dec16le.c -o .\CortexM0\ARM_GCC_541\Debug\dec16le.o
arm-none-eabi-gcc.exe -mcpu=cortex-m0 -mthumb -I. -IGenerated_Source\PSoC4 -Wa,-alh=.\CortexM0\ARM_GCC_541\Debug/dec32be.lst -g -D DEBUG -D CY_CORE_ID=0 -Wall -ffunction-sections -ffat-lto-objects -Og -c src\codec\dec32be.c -o .\CortexM0\ARM_GCC_541\Debug\dec32be.o
arm-none-eabi-gcc.exe -mcpu=cortex-m0 -mthumb -I. -IGenerated_Source\PSoC4 -Wa,-alh=.\CortexM0\ARM_GCC_541\Debug/dec32le.lst -g -D DEBUG -D CY_CORE_ID=0 -Wall -ffunction-sections -ffat-lto-objects -Og -c src\codec\dec32le.c -o .\CortexM0\ARM_GCC_541\Debug\dec32le.o
arm-none-eabi-gcc.exe -mcpu=cortex-m0 -mthumb -I. -IGenerated_Source\PSoC4 -Wa,-alh=.\CortexM0\ARM_GCC_541\Debug/dec64be.lst -g -D DEBUG -D CY_CORE_ID=0 -Wall -ffunction-sections -ffat-lto-objects -Og -c src\codec\dec64be.c -o .\CortexM0\ARM_GCC_541\Debug\dec64be.o
arm-none-eabi-gcc.exe -mcpu=cortex-m0 -mthumb -I. -IGenerated_Source\PSoC4 -Wa,-alh=.\CortexM0\ARM_GCC_541\Debug/dec64le.lst -g -D DEBUG -D CY_CORE_ID=0 -Wall -ffunction-sections -ffat-lto-objects -Og -c src\codec\dec64le.c -o .\CortexM0\ARM_GCC_541\Debug\dec64le.o
arm-none-eabi-gcc.exe -mcpu=cortex-m0 -mthumb -I. -IGenerated_Source\PSoC4 -Wa,-alh=.\CortexM0\ARM_GCC_541\Debug/enc16be.lst -g -D DEBUG -D CY_CORE_ID=0 -Wall -ffunction-sections -ffat-lto-objects -Og -c src\codec\enc16be.c -o .\CortexM0\ARM_GCC_541\Debug\enc16be.o
arm-none-eabi-gcc.exe -mcpu=cortex-m0 -mthumb -I. -IGenerated_Source\PSoC4 -Wa,-alh=.\CortexM0\ARM_GCC_541\Debug/enc16le.lst -g -D DEBUG -D CY_CORE_ID=0 -Wall -ffunction-sections -ffat-lto-objects -Og -c src\codec\enc16le.c -o .\CortexM0\ARM_GCC_541\Debug\enc16le.o
arm-none-eabi-gcc.exe -mcpu=cortex-m0 -mthumb -I. -IGenerated_Source\PSoC4 -Wa,-alh=.\CortexM0\ARM_GCC_541\Debug/enc32be.lst -g -D DEBUG -D CY_CORE_ID=0 -Wall -ffunction-sections -ffat-lto-objects -Og -c src\codec\enc32be.c -o .\CortexM0\ARM_GCC_541\Debug\enc32be.o
arm-none-eabi-gcc.exe -mcpu=cortex-m0 -mthumb -I. -IGenerated_Source\PSoC4 -Wa,-alh=.\CortexM0\ARM_GCC_541\Debug/enc32le.lst -g -D DEBUG -D CY_CORE_ID=0 -Wall -ffunction-sections -ffat-lto-objects -Og -c src\codec\enc32le.c -o .\CortexM0\ARM_GCC_541\Debug\enc32le.o
arm-none-eabi-gcc.exe -mcpu=cortex-m0 -mthumb -I. -IGenerated_Source\PSoC4 -Wa,-alh=.\CortexM0\ARM_GCC_541\Debug/enc64be.lst -g -D DEBUG -D CY_CORE_ID=0 -Wall -ffunction-sections -ffat-lto-objects -Og -c src\codec\enc64be.c -o .\CortexM0\ARM_GCC_541\Debug\enc64be.o
arm-none-eabi-gcc.exe -mcpu=cortex-m0 -mthumb -I. -IGenerated_Source\PSoC4 -Wa,-alh=.\CortexM0\ARM_GCC_541\Debug/enc64le.lst -g -D DEBUG -D CY_CORE_ID=0 -Wall -ffunction-sections -ffat-lto-objects -Og -c src\codec\enc64le.c -o .\CortexM0\ARM_GCC_541\Debug\enc64le.o
arm-none-eabi-gcc.exe -mcpu=cortex-m0 -mthumb -I. -IGenerated_Source\PSoC4 -Wa,-alh=.\CortexM0\ARM_GCC_541\Debug/pemdec.lst -g -D DEBUG -D CY_CORE_ID=0 -Wall -ffunction-sections -ffat-lto-objects -Og -c src\codec\pemdec.c -o .\CortexM0\ARM_GCC_541\Debug\pemdec.o
arm-none-eabi-gcc.exe -mcpu=cortex-m0 -mthumb -I. -IGenerated_Source\PSoC4 -Wa,-alh=.\CortexM0\ARM_GCC_541\Debug/ec_all_m15.lst -g -D DEBUG -D CY_CORE_ID=0 -Wall -ffunction-sections -ffat-lto-objects -Og -c src\ec\ec_all_m15.c -o .\CortexM0\ARM_GCC_541\Debug\ec_all_m15.o
arm-none-eabi-gcc.exe -mcpu=cortex-m0 -mthumb -I. -IGenerated_Source\PSoC4 -Wa,-alh=.\CortexM0\ARM_GCC_541\Debug/ec_all_m31.lst -g -D DEBUG -D CY_CORE_ID=0 -Wall -ffunction-sections -ffat-lto-objects -Og -c src\ec\ec_all_m31.c -o .\CortexM0\ARM_GCC_541\Debug\ec_all_m31.o
arm-none-eabi-gcc.exe -mcpu=cortex-m0 -mthumb -I. -IGenerated_Source\PSoC4 -Wa,-alh=.\CortexM0\ARM_GCC_541\Debug/ec_c25519_i15.lst -g -D DEBUG -D CY_CORE_ID=0 -Wall -ffunction-sections -ffat-lto-objects -Og -c src\ec\ec_c25519_i15.c -o .\CortexM0\ARM_GCC_541\Debug\ec_c25519_i15.o
arm-none-eabi-gcc.exe -mcpu=cortex-m0 -mthumb -I. -IGenerated_Source\PSoC4 -Wa,-alh=.\CortexM0\ARM_GCC_541\Debug/ec_c25519_i31.lst -g -D DEBUG -D CY_CORE_ID=0 -Wall -ffunction-sections -ffat-lto-objects -Og -c src\ec\ec_c25519_i31.c -o .\CortexM0\ARM_GCC_541\Debug\ec_c25519_i31.o
arm-none-eabi-gcc.exe -mcpu=cortex-m0 -mthumb -I. -IGenerated_Source\PSoC4 -Wa,-alh=.\CortexM0\ARM_GCC_541\Debug/ec_c25519_m15.lst -g -D DEBUG -D CY_CORE_ID=0 -Wall -ffunction-sections -ffat-lto-objects -Og -c src\ec\ec_c25519_m15.c -o .\CortexM0\ARM_GCC_541\Debug\ec_c25519_m15.o
arm-none-eabi-gcc.exe -mcpu=cortex-m0 -mthumb -I. -IGenerated_Source\PSoC4 -Wa,-alh=.\CortexM0\ARM_GCC_541\Debug/ec_c25519_m31.lst -g -D DEBUG -D CY_CORE_ID=0 -Wall -ffunction-sections -ffat-lto-objects -Og -c src\ec\ec_c25519_m31.c -o .\CortexM0\ARM_GCC_541\Debug\ec_c25519_m31.o
arm-none-eabi-gcc.exe -mcpu=cortex-m0 -mthumb -I. -IGenerated_Source\PSoC4 -Wa,-alh=.\CortexM0\ARM_GCC_541\Debug/ec_curve25519.lst -g -D DEBUG -D CY_CORE_ID=0 -Wall -ffunction-sections -ffat-lto-objects -Og -c src\ec\ec_curve25519.c -o .\CortexM0\ARM_GCC_541\Debug\ec_curve25519.o
arm-none-eabi-gcc.exe -mcpu=cortex-m0 -mthumb -I. -IGenerated_Source\PSoC4 -Wa,-alh=.\CortexM0\ARM_GCC_541\Debug/ec_default.lst -g -D DEBUG -D CY_CORE_ID=0 -Wall -ffunction-sections -ffat-lto-objects -Og -c src\ec\ec_default.c -o .\CortexM0\ARM_GCC_541\Debug\ec_default.o
arm-none-eabi-gcc.exe -mcpu=cortex-m0 -mthumb -I. -IGenerated_Source\PSoC4 -Wa,-alh=.\CortexM0\ARM_GCC_541\Debug/ec_p256_m15.lst -g -D DEBUG -D CY_CORE_ID=0 -Wall -ffunction-sections -ffat-lto-objects -Og -c src\ec\ec_p256_m15.c -o .\CortexM0\ARM_GCC_541\Debug\ec_p256_m15.o
arm-none-eabi-gcc.exe -mcpu=cortex-m0 -mthumb -I. -IGenerated_Source\PSoC4 -Wa,-alh=.\CortexM0\ARM_GCC_541\Debug/ec_p256_m31.lst -g -D DEBUG -D CY_CORE_ID=0 -Wall -ffunction-sections -ffat-lto-objects -Og -c src\ec\ec_p256_m31.c -o .\CortexM0\ARM_GCC_541\Debug\ec_p256_m31.o
arm-none-eabi-gcc.exe -mcpu=cortex-m0 -mthumb -I. -IGenerated_Source\PSoC4 -Wa,-alh=.\CortexM0\ARM_GCC_541\Debug/ec_prime_i15.lst -g -D DEBUG -D CY_CORE_ID=0 -Wall -ffunction-sections -ffat-lto-objects -Og -c src\ec\ec_prime_i15.c -o .\CortexM0\ARM_GCC_541\Debug\ec_prime_i15.o
arm-none-eabi-gcc.exe -mcpu=cortex-m0 -mthumb -I. -IGenerated_Source\PSoC4 -Wa,-alh=.\CortexM0\ARM_GCC_541\Debug/ec_prime_i31.lst -g -D DEBUG -D CY_CORE_ID=0 -Wall -ffunction-sections -ffat-lto-objects -Og -c src\ec\ec_prime_i31.c -o .\CortexM0\ARM_GCC_541\Debug\ec_prime_i31.o
arm-none-eabi-gcc.exe -mcpu=cortex-m0 -mthumb -I. -IGenerated_Source\PSoC4 -Wa,-alh=.\CortexM0\ARM_GCC_541\Debug/ec_secp256r1.lst -g -D DEBUG -D CY_CORE_ID=0 -Wall -ffunction-sections -ffat-lto-objects -Og -c src\ec\ec_secp256r1.c -o .\CortexM0\ARM_GCC_541\Debug\ec_secp256r1.o
arm-none-eabi-gcc.exe -mcpu=cortex-m0 -mthumb -I. -IGenerated_Source\PSoC4 -Wa,-alh=.\CortexM0\ARM_GCC_541\Debug/ec_secp384r1.lst -g -D DEBUG -D CY_CORE_ID=0 -Wall -ffunction-sections -ffat-lto-objects -Og -c src\ec\ec_secp384r1.c -o .\CortexM0\ARM_GCC_541\Debug\ec_secp384r1.o
arm-none-eabi-gcc.exe -mcpu=cortex-m0 -mthumb -I. -IGenerated_Source\PSoC4 -Wa,-alh=.\CortexM0\ARM_GCC_541\Debug/ec_secp521r1.lst -g -D DEBUG -D CY_CORE_ID=0 -Wall -ffunction-sections -ffat-lto-objects -Og -c src\ec\ec_secp521r1.c -o .\CortexM0\ARM_GCC_541\Debug\ec_secp521r1.o
arm-none-eabi-gcc.exe -mcpu=cortex-m0 -mthumb -I. -IGenerated_Source\PSoC4 -Wa,-alh=.\CortexM0\ARM_GCC_541\Debug/ecdsa_atr.lst -g -D DEBUG -D CY_CORE_ID=0 -Wall -ffunction-sections -ffat-lto-objects -Og -c src\ec\ecdsa_atr.c -o .\CortexM0\ARM_GCC_541\Debug\ecdsa_atr.o
arm-none-eabi-gcc.exe -mcpu=cortex-m0 -mthumb -I. -IGenerated_Source\PSoC4 -Wa,-alh=.\CortexM0\ARM_GCC_541\Debug/ecdsa_default_sign_asn1.lst -g -D DEBUG -D CY_CORE_ID=0 -Wall -ffunction-sections -ffat-lto-objects -Og -c src\ec\ecdsa_default_sign_asn1.c -o .\CortexM0\ARM_GCC_541\Debug\ecdsa_default_sign_asn1.o
arm-none-eabi-gcc.exe -mcpu=cortex-m0 -mthumb -I. -IGenerated_Source\PSoC4 -Wa,-alh=.\CortexM0\ARM_GCC_541\Debug/ecdsa_default_sign_raw.lst -g -D DEBUG -D CY_CORE_ID=0 -Wall -ffunction-sections -ffat-lto-objects -Og -c src\ec\ecdsa_default_sign_raw.c -o .\CortexM0\ARM_GCC_541\Debug\ecdsa_default_sign_raw.o
arm-none-eabi-gcc.exe -mcpu=cortex-m0 -mthumb -I. -IGenerated_Source\PSoC4 -Wa,-alh=.\CortexM0\ARM_GCC_541\Debug/ecdsa_default_vrfy_asn1.lst -g -D DEBUG -D CY_CORE_ID=0 -Wall -ffunction-sections -ffat-lto-objects -Og -c src\ec\ecdsa_default_vrfy_asn1.c -o .\CortexM0\ARM_GCC_541\Debug\ecdsa_default_vrfy_asn1.o
arm-none-eabi-gcc.exe -mcpu=cortex-m0 -mthumb -I. -IGenerated_Source\PSoC4 -Wa,-alh=.\CortexM0\ARM_GCC_541\Debug/ecdsa_default_vrfy_raw.lst -g -D DEBUG -D CY_CORE_ID=0 -Wall -ffunction-sections -ffat-lto-objects -Og -c src\ec\ecdsa_default_vrfy_raw.c -o .\CortexM0\ARM_GCC_541\Debug\ecdsa_default_vrfy_raw.o
arm-none-eabi-gcc.exe -mcpu=cortex-m0 -mthumb -I. -IGenerated_Source\PSoC4 -Wa,-alh=.\CortexM0\ARM_GCC_541\Debug/ecdsa_i15_bits.lst -g -D DEBUG -D CY_CORE_ID=0 -Wall -ffunction-sections -ffat-lto-objects -Og -c src\ec\ecdsa_i15_bits.c -o .\CortexM0\ARM_GCC_541\Debug\ecdsa_i15_bits.o
arm-none-eabi-gcc.exe -mcpu=cortex-m0 -mthumb -I. -IGenerated_Source\PSoC4 -Wa,-alh=.\CortexM0\ARM_GCC_541\Debug/ecdsa_i15_sign_asn1.lst -g -D DEBUG -D CY_CORE_ID=0 -Wall -ffunction-sections -ffat-lto-objects -Og -c src\ec\ecdsa_i15_sign_asn1.c -o .\CortexM0\ARM_GCC_541\Debug\ecdsa_i15_sign_asn1.o
arm-none-eabi-gcc.exe -mcpu=cortex-m0 -mthumb -I. -IGenerated_Source\PSoC4 -Wa,-alh=.\CortexM0\ARM_GCC_541\Debug/ecdsa_i15_sign_raw.lst -g -D DEBUG -D CY_CORE_ID=0 -Wall -ffunction-sections -ffat-lto-objects -Og -c src\ec\ecdsa_i15_sign_raw.c -o .\CortexM0\ARM_GCC_541\Debug\ecdsa_i15_sign_raw.o
arm-none-eabi-gcc.exe -mcpu=cortex-m0 -mthumb -I. -IGenerated_Source\PSoC4 -Wa,-alh=.\CortexM0\ARM_GCC_541\Debug/ecdsa_i15_vrfy_asn1.lst -g -D DEBUG -D CY_CORE_ID=0 -Wall -ffunction-sections -ffat-lto-objects -Og -c src\ec\ecdsa_i15_vrfy_asn1.c -o .\CortexM0\ARM_GCC_541\Debug\ecdsa_i15_vrfy_asn1.o
arm-none-eabi-gcc.exe -mcpu=cortex-m0 -mthumb -I. -IGenerated_Source\PSoC4 -Wa,-alh=.\CortexM0\ARM_GCC_541\Debug/ecdsa_i15_vrfy_raw.lst -g -D DEBUG -D CY_CORE_ID=0 -Wall -ffunction-sections -ffat-lto-objects -Og -c src\ec\ecdsa_i15_vrfy_raw.c -o .\CortexM0\ARM_GCC_541\Debug\ecdsa_i15_vrfy_raw.o
arm-none-eabi-gcc.exe -mcpu=cortex-m0 -mthumb -I. -IGenerated_Source\PSoC4 -Wa,-alh=.\CortexM0\ARM_GCC_541\Debug/ecdsa_i31_bits.lst -g -D DEBUG -D CY_CORE_ID=0 -Wall -ffunction-sections -ffat-lto-objects -Og -c src\ec\ecdsa_i31_bits.c -o .\CortexM0\ARM_GCC_541\Debug\ecdsa_i31_bits.o
arm-none-eabi-gcc.exe -mcpu=cortex-m0 -mthumb -I. -IGenerated_Source\PSoC4 -Wa,-alh=.\CortexM0\ARM_GCC_541\Debug/ecdsa_i31_sign_asn1.lst -g -D DEBUG -D CY_CORE_ID=0 -Wall -ffunction-sections -ffat-lto-objects -Og -c src\ec\ecdsa_i31_sign_asn1.c -o .\CortexM0\ARM_GCC_541\Debug\ecdsa_i31_sign_asn1.o
arm-none-eabi-gcc.exe -mcpu=cortex-m0 -mthumb -I. -IGenerated_Source\PSoC4 -Wa,-alh=.\CortexM0\ARM_GCC_541\Debug/ecdsa_i31_sign_raw.lst -g -D DEBUG -D CY_CORE_ID=0 -Wall -ffunction-sections -ffat-lto-objects -Og -c src\ec\ecdsa_i31_sign_raw.c -o .\CortexM0\ARM_GCC_541\Debug\ecdsa_i31_sign_raw.o
arm-none-eabi-gcc.exe -mcpu=cortex-m0 -mthumb -I. -IGenerated_Source\PSoC4 -Wa,-alh=.\CortexM0\ARM_GCC_541\Debug/ecdsa_i31_vrfy_asn1.lst -g -D DEBUG -D CY_CORE_ID=0 -Wall -ffunction-sections -ffat-lto-objects -Og -c src\ec\ecdsa_i31_vrfy_asn1.c -o .\CortexM0\ARM_GCC_541\Debug\ecdsa_i31_vrfy_asn1.o
arm-none-eabi-gcc.exe -mcpu=cortex-m0 -mthumb -I. -IGenerated_Source\PSoC4 -Wa,-alh=.\CortexM0\ARM_GCC_541\Debug/ecdsa_i31_vrfy_raw.lst -g -D DEBUG -D CY_CORE_ID=0 -Wall -ffunction-sections -ffat-lto-objects -Og -c src\ec\ecdsa_i31_vrfy_raw.c -o .\CortexM0\ARM_GCC_541\Debug\ecdsa_i31_vrfy_raw.o
arm-none-eabi-gcc.exe -mcpu=cortex-m0 -mthumb -I. -IGenerated_Source\PSoC4 -Wa,-alh=.\CortexM0\ARM_GCC_541\Debug/ecdsa_rta.lst -g -D DEBUG -D CY_CORE_ID=0 -Wall -ffunction-sections -ffat-lto-objects -Og -c src\ec\ecdsa_rta.c -o .\CortexM0\ARM_GCC_541\Debug\ecdsa_rta.o
arm-none-eabi-gcc.exe -mcpu=cortex-m0 -mthumb -I. -IGenerated_Source\PSoC4 -Wa,-alh=.\CortexM0\ARM_GCC_541\Debug/dig_oid.lst -g -D DEBUG -D CY_CORE_ID=0 -Wall -ffunction-sections -ffat-lto-objects -Og -c src\hash\dig_oid.c -o .\CortexM0\ARM_GCC_541\Debug\dig_oid.o
arm-none-eabi-gcc.exe -mcpu=cortex-m0 -mthumb -I. -IGenerated_Source\PSoC4 -Wa,-alh=.\CortexM0\ARM_GCC_541\Debug/dig_size.lst -g -D DEBUG -D CY_CORE_ID=0 -Wall -ffunction-sections -ffat-lto-objects -Og -c src\hash\dig_size.c -o .\CortexM0\ARM_GCC_541\Debug\dig_size.o
arm-none-eabi-gcc.exe -mcpu=cortex-m0 -mthumb -I. -IGenerated_Source\PSoC4 -Wa,-alh=.\CortexM0\ARM_GCC_541\Debug/ghash_ctmul.lst -g -D DEBUG -D CY_CORE_ID=0 -Wall -ffunction-sections -ffat-lto-objects -Og -c src\hash\ghash_ctmul.c -o .\CortexM0\ARM_GCC_541\Debug\ghash_ctmul.o
arm-none-eabi-gcc.exe -mcpu=cortex-m0 -mthumb -I. -IGenerated_Source\PSoC4 -Wa,-alh=.\CortexM0\ARM_GCC_541\Debug/ghash_ctmul32.lst -g -D DEBUG -D CY_CORE_ID=0 -Wall -ffunction-sections -ffat-lto-objects -Og -c src\hash\ghash_ctmul32.c -o .\CortexM0\ARM_GCC_541\Debug\ghash_ctmul32.o
arm-none-eabi-gcc.exe -mcpu=cortex-m0 -mthumb -I. -IGenerated_Source\PSoC4 -Wa,-alh=.\CortexM0\ARM_GCC_541\Debug/ghash_ctmul64.lst -g -D DEBUG -D CY_CORE_ID=0 -Wall -ffunction-sections -ffat-lto-objects -Og -c src\hash\ghash_ctmul64.c -o .\CortexM0\ARM_GCC_541\Debug\ghash_ctmul64.o
arm-none-eabi-gcc.exe -mcpu=cortex-m0 -mthumb -I. -IGenerated_Source\PSoC4 -Wa,-alh=.\CortexM0\ARM_GCC_541\Debug/ghash_pclmul.lst -g -D DEBUG -D CY_CORE_ID=0 -Wall -ffunction-sections -ffat-lto-objects -Og -c src\hash\ghash_pclmul.c -o .\CortexM0\ARM_GCC_541\Debug\ghash_pclmul.o
arm-none-eabi-gcc.exe -mcpu=cortex-m0 -mthumb -I. -IGenerated_Source\PSoC4 -Wa,-alh=.\CortexM0\ARM_GCC_541\Debug/ghash_pwr8.lst -g -D DEBUG -D CY_CORE_ID=0 -Wall -ffunction-sections -ffat-lto-objects -Og -c src\hash\ghash_pwr8.c -o .\CortexM0\ARM_GCC_541\Debug\ghash_pwr8.o
arm-none-eabi-gcc.exe -mcpu=cortex-m0 -mthumb -I. -IGenerated_Source\PSoC4 -Wa,-alh=.\CortexM0\ARM_GCC_541\Debug/md5.lst -g -D DEBUG -D CY_CORE_ID=0 -Wall -ffunction-sections -ffat-lto-objects -Og -c src\hash\md5.c -o .\CortexM0\ARM_GCC_541\Debug\md5.o
arm-none-eabi-gcc.exe -mcpu=cortex-m0 -mthumb -I. -IGenerated_Source\PSoC4 -Wa,-alh=.\CortexM0\ARM_GCC_541\Debug/md5sha1.lst -g -D DEBUG -D CY_CORE_ID=0 -Wall -ffunction-sections -ffat-lto-objects -Og -c src\hash\md5sha1.c -o .\CortexM0\ARM_GCC_541\Debug\md5sha1.o
arm-none-eabi-gcc.exe -mcpu=cortex-m0 -mthumb -I. -IGenerated_Source\PSoC4 -Wa,-alh=.\CortexM0\ARM_GCC_541\Debug/multihash.lst -g -D DEBUG -D CY_CORE_ID=0 -Wall -ffunction-sections -ffat-lto-objects -Og -c src\hash\multihash.c -o .\CortexM0\ARM_GCC_541\Debug\multihash.o
arm-none-eabi-gcc.exe -mcpu=cortex-m0 -mthumb -I. -IGenerated_Source\PSoC4 -Wa,-alh=.\CortexM0\ARM_GCC_541\Debug/sha1.lst -g -D DEBUG -D CY_CORE_ID=0 -Wall -ffunction-sections -ffat-lto-objects -Og -c src\hash\sha1.c -o .\CortexM0\ARM_GCC_541\Debug\sha1.o
arm-none-eabi-gcc.exe -mcpu=cortex-m0 -mthumb -I. -IGenerated_Source\PSoC4 -Wa,-alh=.\CortexM0\ARM_GCC_541\Debug/sha2big.lst -g -D DEBUG -D CY_CORE_ID=0 -Wall -ffunction-sections -ffat-lto-objects -Og -c src\hash\sha2big.c -o .\CortexM0\ARM_GCC_541\Debug\sha2big.o
arm-none-eabi-gcc.exe -mcpu=cortex-m0 -mthumb -I. -IGenerated_Source\PSoC4 -Wa,-alh=.\CortexM0\ARM_GCC_541\Debug/sha2small.lst -g -D DEBUG -D CY_CORE_ID=0 -Wall -ffunction-sections -ffat-lto-objects -Og -c src\hash\sha2small.c -o .\CortexM0\ARM_GCC_541\Debug\sha2small.o
arm-none-eabi-gcc.exe -mcpu=cortex-m0 -mthumb -I. -IGenerated_Source\PSoC4 -Wa,-alh=.\CortexM0\ARM_GCC_541\Debug/i15_add.lst -g -D DEBUG -D CY_CORE_ID=0 -Wall -ffunction-sections -ffat-lto-objects -Og -c src\int\i15_add.c -o .\CortexM0\ARM_GCC_541\Debug\i15_add.o
arm-none-eabi-gcc.exe -mcpu=cortex-m0 -mthumb -I. -IGenerated_Source\PSoC4 -Wa,-alh=.\CortexM0\ARM_GCC_541\Debug/i15_bitlen.lst -g -D DEBUG -D CY_CORE_ID=0 -Wall -ffunction-sections -ffat-lto-objects -Og -c src\int\i15_bitlen.c -o .\CortexM0\ARM_GCC_541\Debug\i15_bitlen.o
arm-none-eabi-gcc.exe -mcpu=cortex-m0 -mthumb -I. -IGenerated_Source\PSoC4 -Wa,-alh=.\CortexM0\ARM_GCC_541\Debug/i15_decmod.lst -g -D DEBUG -D CY_CORE_ID=0 -Wall -ffunction-sections -ffat-lto-objects -Og -c src\int\i15_decmod.c -o .\CortexM0\ARM_GCC_541\Debug\i15_decmod.o
arm-none-eabi-gcc.exe -mcpu=cortex-m0 -mthumb -I. -IGenerated_Source\PSoC4 -Wa,-alh=.\CortexM0\ARM_GCC_541\Debug/i15_decode.lst -g -D DEBUG -D CY_CORE_ID=0 -Wall -ffunction-sections -ffat-lto-objects -Og -c src\int\i15_decode.c -o .\CortexM0\ARM_GCC_541\Debug\i15_decode.o
arm-none-eabi-gcc.exe -mcpu=cortex-m0 -mthumb -I. -IGenerated_Source\PSoC4 -Wa,-alh=.\CortexM0\ARM_GCC_541\Debug/i15_decred.lst -g -D DEBUG -D CY_CORE_ID=0 -Wall -ffunction-sections -ffat-lto-objects -Og -c src\int\i15_decred.c -o .\CortexM0\ARM_GCC_541\Debug\i15_decred.o
arm-none-eabi-gcc.exe -mcpu=cortex-m0 -mthumb -I. -IGenerated_Source\PSoC4 -Wa,-alh=.\CortexM0\ARM_GCC_541\Debug/i15_encode.lst -g -D DEBUG -D CY_CORE_ID=0 -Wall -ffunction-sections -ffat-lto-objects -Og -c src\int\i15_encode.c -o .\CortexM0\ARM_GCC_541\Debug\i15_encode.o
arm-none-eabi-gcc.exe -mcpu=cortex-m0 -mthumb -I. -IGenerated_Source\PSoC4 -Wa,-alh=.\CortexM0\ARM_GCC_541\Debug/i15_fmont.lst -g -D DEBUG -D CY_CORE_ID=0 -Wall -ffunction-sections -ffat-lto-objects -Og -c src\int\i15_fmont.c -o .\CortexM0\ARM_GCC_541\Debug\i15_fmont.o
arm-none-eabi-gcc.exe -mcpu=cortex-m0 -mthumb -I. -IGenerated_Source\PSoC4 -Wa,-alh=.\CortexM0\ARM_GCC_541\Debug/i15_iszero.lst -g -D DEBUG -D CY_CORE_ID=0 -Wall -ffunction-sections -ffat-lto-objects -Og -c src\int\i15_iszero.c -o .\CortexM0\ARM_GCC_541\Debug\i15_iszero.o
arm-none-eabi-gcc.exe -mcpu=cortex-m0 -mthumb -I. -IGenerated_Source\PSoC4 -Wa,-alh=.\CortexM0\ARM_GCC_541\Debug/i15_modpow.lst -g -D DEBUG -D CY_CORE_ID=0 -Wall -ffunction-sections -ffat-lto-objects -Og -c src\int\i15_modpow.c -o .\CortexM0\ARM_GCC_541\Debug\i15_modpow.o
arm-none-eabi-gcc.exe -mcpu=cortex-m0 -mthumb -I. -IGenerated_Source\PSoC4 -Wa,-alh=.\CortexM0\ARM_GCC_541\Debug/i15_modpow2.lst -g -D DEBUG -D CY_CORE_ID=0 -Wall -ffunction-sections -ffat-lto-objects -Og -c src\int\i15_modpow2.c -o .\CortexM0\ARM_GCC_541\Debug\i15_modpow2.o
arm-none-eabi-gcc.exe -mcpu=cortex-m0 -mthumb -I. -IGenerated_Source\PSoC4 -Wa,-alh=.\CortexM0\ARM_GCC_541\Debug/i15_montmul.lst -g -D DEBUG -D CY_CORE_ID=0 -Wall -ffunction-sections -ffat-lto-objects -Og -c src\int\i15_montmul.c -o .\CortexM0\ARM_GCC_541\Debug\i15_montmul.o
arm-none-eabi-gcc.exe -mcpu=cortex-m0 -mthumb -I. -IGenerated_Source\PSoC4 -Wa,-alh=.\CortexM0\ARM_GCC_541\Debug/i15_mulacc.lst -g -D DEBUG -D CY_CORE_ID=0 -Wall -ffunction-sections -ffat-lto-objects -Og -c src\int\i15_mulacc.c -o .\CortexM0\ARM_GCC_541\Debug\i15_mulacc.o
arm-none-eabi-gcc.exe -mcpu=cortex-m0 -mthumb -I. -IGenerated_Source\PSoC4 -Wa,-alh=.\CortexM0\ARM_GCC_541\Debug/i15_muladd.lst -g -D DEBUG -D CY_CORE_ID=0 -Wall -ffunction-sections -ffat-lto-objects -Og -c src\int\i15_muladd.c -o .\CortexM0\ARM_GCC_541\Debug\i15_muladd.o
arm-none-eabi-gcc.exe -mcpu=cortex-m0 -mthumb -I. -IGenerated_Source\PSoC4 -Wa,-alh=.\CortexM0\ARM_GCC_541\Debug/i15_ninv15.lst -g -D DEBUG -D CY_CORE_ID=0 -Wall -ffunction-sections -ffat-lto-objects -Og -c src\int\i15_ninv15.c -o .\CortexM0\ARM_GCC_541\Debug\i15_ninv15.o
arm-none-eabi-gcc.exe -mcpu=cortex-m0 -mthumb -I. -IGenerated_Source\PSoC4 -Wa,-alh=.\CortexM0\ARM_GCC_541\Debug/i15_reduce.lst -g -D DEBUG -D CY_CORE_ID=0 -Wall -ffunction-sections -ffat-lto-objects -Og -c src\int\i15_reduce.c -o .\CortexM0\ARM_GCC_541\Debug\i15_reduce.o
arm-none-eabi-gcc.exe -mcpu=cortex-m0 -mthumb -I. -IGenerated_Source\PSoC4 -Wa,-alh=.\CortexM0\ARM_GCC_541\Debug/i15_rshift.lst -g -D DEBUG -D CY_CORE_ID=0 -Wall -ffunction-sections -ffat-lto-objects -Og -c src\int\i15_rshift.c -o .\CortexM0\ARM_GCC_541\Debug\i15_rshift.o
arm-none-eabi-gcc.exe -mcpu=cortex-m0 -mthumb -I. -IGenerated_Source\PSoC4 -Wa,-alh=.\CortexM0\ARM_GCC_541\Debug/i15_sub.lst -g -D DEBUG -D CY_CORE_ID=0 -Wall -ffunction-sections -ffat-lto-objects -Og -c src\int\i15_sub.c -o .\CortexM0\ARM_GCC_541\Debug\i15_sub.o
arm-none-eabi-gcc.exe -mcpu=cortex-m0 -mthumb -I. -IGenerated_Source\PSoC4 -Wa,-alh=.\CortexM0\ARM_GCC_541\Debug/i15_tmont.lst -g -D DEBUG -D CY_CORE_ID=0 -Wall -ffunction-sections -ffat-lto-objects -Og -c src\int\i15_tmont.c -o .\CortexM0\ARM_GCC_541\Debug\i15_tmont.o
arm-none-eabi-gcc.exe -mcpu=cortex-m0 -mthumb -I. -IGenerated_Source\PSoC4 -Wa,-alh=.\CortexM0\ARM_GCC_541\Debug/i31_add.lst -g -D DEBUG -D CY_CORE_ID=0 -Wall -ffunction-sections -ffat-lto-objects -Og -c src\int\i31_add.c -o .\CortexM0\ARM_GCC_541\Debug\i31_add.o
arm-none-eabi-gcc.exe -mcpu=cortex-m0 -mthumb -I. -IGenerated_Source\PSoC4 -Wa,-alh=.\CortexM0\ARM_GCC_541\Debug/i31_bitlen.lst -g -D DEBUG -D CY_CORE_ID=0 -Wall -ffunction-sections -ffat-lto-objects -Og -c src\int\i31_bitlen.c -o .\CortexM0\ARM_GCC_541\Debug\i31_bitlen.o
arm-none-eabi-gcc.exe -mcpu=cortex-m0 -mthumb -I. -IGenerated_Source\PSoC4 -Wa,-alh=.\CortexM0\ARM_GCC_541\Debug/i31_decmod.lst -g -D DEBUG -D CY_CORE_ID=0 -Wall -ffunction-sections -ffat-lto-objects -Og -c src\int\i31_decmod.c -o .\CortexM0\ARM_GCC_541\Debug\i31_decmod.o
arm-none-eabi-gcc.exe -mcpu=cortex-m0 -mthumb -I. -IGenerated_Source\PSoC4 -Wa,-alh=.\CortexM0\ARM_GCC_541\Debug/i31_decode.lst -g -D DEBUG -D CY_CORE_ID=0 -Wall -ffunction-sections -ffat-lto-objects -Og -c src\int\i31_decode.c -o .\CortexM0\ARM_GCC_541\Debug\i31_decode.o
arm-none-eabi-gcc.exe -mcpu=cortex-m0 -mthumb -I. -IGenerated_Source\PSoC4 -Wa,-alh=.\CortexM0\ARM_GCC_541\Debug/i31_decred.lst -g -D DEBUG -D CY_CORE_ID=0 -Wall -ffunction-sections -ffat-lto-objects -Og -c src\int\i31_decred.c -o .\CortexM0\ARM_GCC_541\Debug\i31_decred.o
arm-none-eabi-gcc.exe -mcpu=cortex-m0 -mthumb -I. -IGenerated_Source\PSoC4 -Wa,-alh=.\CortexM0\ARM_GCC_541\Debug/i31_encode.lst -g -D DEBUG -D CY_CORE_ID=0 -Wall -ffunction-sections -ffat-lto-objects -Og -c src\int\i31_encode.c -o .\CortexM0\ARM_GCC_541\Debug\i31_encode.o
arm-none-eabi-gcc.exe -mcpu=cortex-m0 -mthumb -I. -IGenerated_Source\PSoC4 -Wa,-alh=.\CortexM0\ARM_GCC_541\Debug/i31_fmont.lst -g -D DEBUG -D CY_CORE_ID=0 -Wall -ffunction-sections -ffat-lto-objects -Og -c src\int\i31_fmont.c -o .\CortexM0\ARM_GCC_541\Debug\i31_fmont.o
arm-none-eabi-gcc.exe -mcpu=cortex-m0 -mthumb -I. -IGenerated_Source\PSoC4 -Wa,-alh=.\CortexM0\ARM_GCC_541\Debug/i31_iszero.lst -g -D DEBUG -D CY_CORE_ID=0 -Wall -ffunction-sections -ffat-lto-objects -Og -c src\int\i31_iszero.c -o .\CortexM0\ARM_GCC_541\Debug\i31_iszero.o
arm-none-eabi-gcc.exe -mcpu=cortex-m0 -mthumb -I. -IGenerated_Source\PSoC4 -Wa,-alh=.\CortexM0\ARM_GCC_541\Debug/i31_modpow.lst -g -D DEBUG -D CY_CORE_ID=0 -Wall -ffunction-sections -ffat-lto-objects -Og -c src\int\i31_modpow.c -o .\CortexM0\ARM_GCC_541\Debug\i31_modpow.o
arm-none-eabi-gcc.exe -mcpu=cortex-m0 -mthumb -I. -IGenerated_Source\PSoC4 -Wa,-alh=.\CortexM0\ARM_GCC_541\Debug/i31_modpow2.lst -g -D DEBUG -D CY_CORE_ID=0 -Wall -ffunction-sections -ffat-lto-objects -Og -c src\int\i31_modpow2.c -o .\CortexM0\ARM_GCC_541\Debug\i31_modpow2.o
arm-none-eabi-gcc.exe -mcpu=cortex-m0 -mthumb -I. -IGenerated_Source\PSoC4 -Wa,-alh=.\CortexM0\ARM_GCC_541\Debug/i31_montmul.lst -g -D DEBUG -D CY_CORE_ID=0 -Wall -ffunction-sections -ffat-lto-objects -Og -c src\int\i31_montmul.c -o .\CortexM0\ARM_GCC_541\Debug\i31_montmul.o
arm-none-eabi-gcc.exe -mcpu=cortex-m0 -mthumb -I. -IGenerated_Source\PSoC4 -Wa,-alh=.\CortexM0\ARM_GCC_541\Debug/i31_mulacc.lst -g -D DEBUG -D CY_CORE_ID=0 -Wall -ffunction-sections -ffat-lto-objects -Og -c src\int\i31_mulacc.c -o .\CortexM0\ARM_GCC_541\Debug\i31_mulacc.o
arm-none-eabi-gcc.exe -mcpu=cortex-m0 -mthumb -I. -IGenerated_Source\PSoC4 -Wa,-alh=.\CortexM0\ARM_GCC_541\Debug/i31_muladd.lst -g -D DEBUG -D CY_CORE_ID=0 -Wall -ffunction-sections -ffat-lto-objects -Og -c src\int\i31_muladd.c -o .\CortexM0\ARM_GCC_541\Debug\i31_muladd.o
arm-none-eabi-gcc.exe -mcpu=cortex-m0 -mthumb -I. -IGenerated_Source\PSoC4 -Wa,-alh=.\CortexM0\ARM_GCC_541\Debug/i31_ninv31.lst -g -D DEBUG -D CY_CORE_ID=0 -Wall -ffunction-sections -ffat-lto-objects -Og -c src\int\i31_ninv31.c -o .\CortexM0\ARM_GCC_541\Debug\i31_ninv31.o
arm-none-eabi-gcc.exe -mcpu=cortex-m0 -mthumb -I. -IGenerated_Source\PSoC4 -Wa,-alh=.\CortexM0\ARM_GCC_541\Debug/i31_reduce.lst -g -D DEBUG -D CY_CORE_ID=0 -Wall -ffunction-sections -ffat-lto-objects -Og -c src\int\i31_reduce.c -o .\CortexM0\ARM_GCC_541\Debug\i31_reduce.o
arm-none-eabi-gcc.exe -mcpu=cortex-m0 -mthumb -I. -IGenerated_Source\PSoC4 -Wa,-alh=.\CortexM0\ARM_GCC_541\Debug/i31_rshift.lst -g -D DEBUG -D CY_CORE_ID=0 -Wall -ffunction-sections -ffat-lto-objects -Og -c src\int\i31_rshift.c -o .\CortexM0\ARM_GCC_541\Debug\i31_rshift.o
arm-none-eabi-gcc.exe -mcpu=cortex-m0 -mthumb -I. -IGenerated_Source\PSoC4 -Wa,-alh=.\CortexM0\ARM_GCC_541\Debug/i31_sub.lst -g -D DEBUG -D CY_CORE_ID=0 -Wall -ffunction-sections -ffat-lto-objects -Og -c src\int\i31_sub.c -o .\CortexM0\ARM_GCC_541\Debug\i31_sub.o
arm-none-eabi-gcc.exe -mcpu=cortex-m0 -mthumb -I. -IGenerated_Source\PSoC4 -Wa,-alh=.\CortexM0\ARM_GCC_541\Debug/i31_tmont.lst -g -D DEBUG -D CY_CORE_ID=0 -Wall -ffunction-sections -ffat-lto-objects -Og -c src\int\i31_tmont.c -o .\CortexM0\ARM_GCC_541\Debug\i31_tmont.o
arm-none-eabi-gcc.exe -mcpu=cortex-m0 -mthumb -I. -IGenerated_Source\PSoC4 -Wa,-alh=.\CortexM0\ARM_GCC_541\Debug/i32_add.lst -g -D DEBUG -D CY_CORE_ID=0 -Wall -ffunction-sections -ffat-lto-objects -Og -c src\int\i32_add.c -o .\CortexM0\ARM_GCC_541\Debug\i32_add.o
arm-none-eabi-gcc.exe -mcpu=cortex-m0 -mthumb -I. -IGenerated_Source\PSoC4 -Wa,-alh=.\CortexM0\ARM_GCC_541\Debug/i32_bitlen.lst -g -D DEBUG -D CY_CORE_ID=0 -Wall -ffunction-sections -ffat-lto-objects -Og -c src\int\i32_bitlen.c -o .\CortexM0\ARM_GCC_541\Debug\i32_bitlen.o
arm-none-eabi-gcc.exe -mcpu=cortex-m0 -mthumb -I. -IGenerated_Source\PSoC4 -Wa,-alh=.\CortexM0\ARM_GCC_541\Debug/i32_decmod.lst -g -D DEBUG -D CY_CORE_ID=0 -Wall -ffunction-sections -ffat-lto-objects -Og -c src\int\i32_decmod.c -o .\CortexM0\ARM_GCC_541\Debug\i32_decmod.o
arm-none-eabi-gcc.exe -mcpu=cortex-m0 -mthumb -I. -IGenerated_Source\PSoC4 -Wa,-alh=.\CortexM0\ARM_GCC_541\Debug/i32_decode.lst -g -D DEBUG -D CY_CORE_ID=0 -Wall -ffunction-sections -ffat-lto-objects -Og -c src\int\i32_decode.c -o .\CortexM0\ARM_GCC_541\Debug\i32_decode.o
arm-none-eabi-gcc.exe -mcpu=cortex-m0 -mthumb -I. -IGenerated_Source\PSoC4 -Wa,-alh=.\CortexM0\ARM_GCC_541\Debug/i32_decred.lst -g -D DEBUG -D CY_CORE_ID=0 -Wall -ffunction-sections -ffat-lto-objects -Og -c src\int\i32_decred.c -o .\CortexM0\ARM_GCC_541\Debug\i32_decred.o
arm-none-eabi-gcc.exe -mcpu=cortex-m0 -mthumb -I. -IGenerated_Source\PSoC4 -Wa,-alh=.\CortexM0\ARM_GCC_541\Debug/i32_div32.lst -g -D DEBUG -D CY_CORE_ID=0 -Wall -ffunction-sections -ffat-lto-objects -Og -c src\int\i32_div32.c -o .\CortexM0\ARM_GCC_541\Debug\i32_div32.o
arm-none-eabi-gcc.exe -mcpu=cortex-m0 -mthumb -I. -IGenerated_Source\PSoC4 -Wa,-alh=.\CortexM0\ARM_GCC_541\Debug/i32_encode.lst -g -D DEBUG -D CY_CORE_ID=0 -Wall -ffunction-sections -ffat-lto-objects -Og -c src\int\i32_encode.c -o .\CortexM0\ARM_GCC_541\Debug\i32_encode.o
arm-none-eabi-gcc.exe -mcpu=cortex-m0 -mthumb -I. -IGenerated_Source\PSoC4 -Wa,-alh=.\CortexM0\ARM_GCC_541\Debug/i32_fmont.lst -g -D DEBUG -D CY_CORE_ID=0 -Wall -ffunction-sections -ffat-lto-objects -Og -c src\int\i32_fmont.c -o .\CortexM0\ARM_GCC_541\Debug\i32_fmont.o
arm-none-eabi-gcc.exe -mcpu=cortex-m0 -mthumb -I. -IGenerated_Source\PSoC4 -Wa,-alh=.\CortexM0\ARM_GCC_541\Debug/i32_iszero.lst -g -D DEBUG -D CY_CORE_ID=0 -Wall -ffunction-sections -ffat-lto-objects -Og -c src\int\i32_iszero.c -o .\CortexM0\ARM_GCC_541\Debug\i32_iszero.o
arm-none-eabi-gcc.exe -mcpu=cortex-m0 -mthumb -I. -IGenerated_Source\PSoC4 -Wa,-alh=.\CortexM0\ARM_GCC_541\Debug/i32_modpow.lst -g -D DEBUG -D CY_CORE_ID=0 -Wall -ffunction-sections -ffat-lto-objects -Og -c src\int\i32_modpow.c -o .\CortexM0\ARM_GCC_541\Debug\i32_modpow.o
arm-none-eabi-gcc.exe -mcpu=cortex-m0 -mthumb -I. -IGenerated_Source\PSoC4 -Wa,-alh=.\CortexM0\ARM_GCC_541\Debug/i32_montmul.lst -g -D DEBUG -D CY_CORE_ID=0 -Wall -ffunction-sections -ffat-lto-objects -Og -c src\int\i32_montmul.c -o .\CortexM0\ARM_GCC_541\Debug\i32_montmul.o
arm-none-eabi-gcc.exe -mcpu=cortex-m0 -mthumb -I. -IGenerated_Source\PSoC4 -Wa,-alh=.\CortexM0\ARM_GCC_541\Debug/i32_mulacc.lst -g -D DEBUG -D CY_CORE_ID=0 -Wall -ffunction-sections -ffat-lto-objects -Og -c src\int\i32_mulacc.c -o .\CortexM0\ARM_GCC_541\Debug\i32_mulacc.o
arm-none-eabi-gcc.exe -mcpu=cortex-m0 -mthumb -I. -IGenerated_Source\PSoC4 -Wa,-alh=.\CortexM0\ARM_GCC_541\Debug/i32_muladd.lst -g -D DEBUG -D CY_CORE_ID=0 -Wall -ffunction-sections -ffat-lto-objects -Og -c src\int\i32_muladd.c -o .\CortexM0\ARM_GCC_541\Debug\i32_muladd.o
arm-none-eabi-gcc.exe -mcpu=cortex-m0 -mthumb -I. -IGenerated_Source\PSoC4 -Wa,-alh=.\CortexM0\ARM_GCC_541\Debug/i32_ninv32.lst -g -D DEBUG -D CY_CORE_ID=0 -Wall -ffunction-sections -ffat-lto-objects -Og -c src\int\i32_ninv32.c -o .\CortexM0\ARM_GCC_541\Debug\i32_ninv32.o
arm-none-eabi-gcc.exe -mcpu=cortex-m0 -mthumb -I. -IGenerated_Source\PSoC4 -Wa,-alh=.\CortexM0\ARM_GCC_541\Debug/i32_reduce.lst -g -D DEBUG -D CY_CORE_ID=0 -Wall -ffunction-sections -ffat-lto-objects -Og -c src\int\i32_reduce.c -o .\CortexM0\ARM_GCC_541\Debug\i32_reduce.o
arm-none-eabi-gcc.exe -mcpu=cortex-m0 -mthumb -I. -IGenerated_Source\PSoC4 -Wa,-alh=.\CortexM0\ARM_GCC_541\Debug/i32_sub.lst -g -D DEBUG -D CY_CORE_ID=0 -Wall -ffunction-sections -ffat-lto-objects -Og -c src\int\i32_sub.c -o .\CortexM0\ARM_GCC_541\Debug\i32_sub.o
arm-none-eabi-gcc.exe -mcpu=cortex-m0 -mthumb -I. -IGenerated_Source\PSoC4 -Wa,-alh=.\CortexM0\ARM_GCC_541\Debug/i32_tmont.lst -g -D DEBUG -D CY_CORE_ID=0 -Wall -ffunction-sections -ffat-lto-objects -Og -c src\int\i32_tmont.c -o .\CortexM0\ARM_GCC_541\Debug\i32_tmont.o
arm-none-eabi-gcc.exe -mcpu=cortex-m0 -mthumb -I. -IGenerated_Source\PSoC4 -Wa,-alh=.\CortexM0\ARM_GCC_541\Debug/i62_modpow2.lst -g -D DEBUG -D CY_CORE_ID=0 -Wall -ffunction-sections -ffat-lto-objects -Og -c src\int\i62_modpow2.c -o .\CortexM0\ARM_GCC_541\Debug\i62_modpow2.o
arm-none-eabi-gcc.exe -mcpu=cortex-m0 -mthumb -I. -IGenerated_Source\PSoC4 -Wa,-alh=.\CortexM0\ARM_GCC_541\Debug/hmac.lst -g -D DEBUG -D CY_CORE_ID=0 -Wall -ffunction-sections -ffat-lto-objects -Og -c src\mac\hmac.c -o .\CortexM0\ARM_GCC_541\Debug\hmac.o
arm-none-eabi-gcc.exe -mcpu=cortex-m0 -mthumb -I. -IGenerated_Source\PSoC4 -Wa,-alh=.\CortexM0\ARM_GCC_541\Debug/hmac_ct.lst -g -D DEBUG -D CY_CORE_ID=0 -Wall -ffunction-sections -ffat-lto-objects -Og -c src\mac\hmac_ct.c -o .\CortexM0\ARM_GCC_541\Debug\hmac_ct.o
arm-none-eabi-gcc.exe -mcpu=cortex-m0 -mthumb -I. -IGenerated_Source\PSoC4 -Wa,-alh=.\CortexM0\ARM_GCC_541\Debug/hmac_drbg.lst -g -D DEBUG -D CY_CORE_ID=0 -Wall -ffunction-sections -ffat-lto-objects -Og -c src\rand\hmac_drbg.c -o .\CortexM0\ARM_GCC_541\Debug\hmac_drbg.o
arm-none-eabi-gcc.exe -mcpu=cortex-m0 -mthumb -I. -IGenerated_Source\PSoC4 -Wa,-alh=.\CortexM0\ARM_GCC_541\Debug/rsa_default_pkcs1_sign.lst -g -D DEBUG -D CY_CORE_ID=0 -Wall -ffunction-sections -ffat-lto-objects -Og -c src\rsa\rsa_default_pkcs1_sign.c -o .\CortexM0\ARM_GCC_541\Debug\rsa_default_pkcs1_sign.o
arm-none-eabi-gcc.exe -mcpu=cortex-m0 -mthumb -I. -IGenerated_Source\PSoC4 -Wa,-alh=.\CortexM0\ARM_GCC_541\Debug/rsa_default_pkcs1_vrfy.lst -g -D DEBUG -D CY_CORE_ID=0 -Wall -ffunction-sections -ffat-lto-objects -Og -c src\rsa\rsa_default_pkcs1_vrfy.c -o .\CortexM0\ARM_GCC_541\Debug\rsa_default_pkcs1_vrfy.o
arm-none-eabi-gcc.exe -mcpu=cortex-m0 -mthumb -I. -IGenerated_Source\PSoC4 -Wa,-alh=.\CortexM0\ARM_GCC_541\Debug/rsa_default_priv.lst -g -D DEBUG -D CY_CORE_ID=0 -Wall -ffunction-sections -ffat-lto-objects -Og -c src\rsa\rsa_default_priv.c -o .\CortexM0\ARM_GCC_541\Debug\rsa_default_priv.o
arm-none-eabi-gcc.exe -mcpu=cortex-m0 -mthumb -I. -IGenerated_Source\PSoC4 -Wa,-alh=.\CortexM0\ARM_GCC_541\Debug/rsa_default_pub.lst -g -D DEBUG -D CY_CORE_ID=0 -Wall -ffunction-sections -ffat-lto-objects -Og -c src\rsa\rsa_default_pub.c -o .\CortexM0\ARM_GCC_541\Debug\rsa_default_pub.o
arm-none-eabi-gcc.exe -mcpu=cortex-m0 -mthumb -I. -IGenerated_Source\PSoC4 -Wa,-alh=.\CortexM0\ARM_GCC_541\Debug/rsa_i15_pkcs1_sign.lst -g -D DEBUG -D CY_CORE_ID=0 -Wall -ffunction-sections -ffat-lto-objects -Og -c src\rsa\rsa_i15_pkcs1_sign.c -o .\CortexM0\ARM_GCC_541\Debug\rsa_i15_pkcs1_sign.o
arm-none-eabi-gcc.exe -mcpu=cortex-m0 -mthumb -I. -IGenerated_Source\PSoC4 -Wa,-alh=.\CortexM0\ARM_GCC_541\Debug/rsa_i15_pkcs1_vrfy.lst -g -D DEBUG -D CY_CORE_ID=0 -Wall -ffunction-sections -ffat-lto-objects -Og -c src\rsa\rsa_i15_pkcs1_vrfy.c -o .\CortexM0\ARM_GCC_541\Debug\rsa_i15_pkcs1_vrfy.o
arm-none-eabi-gcc.exe -mcpu=cortex-m0 -mthumb -I. -IGenerated_Source\PSoC4 -Wa,-alh=.\CortexM0\ARM_GCC_541\Debug/rsa_i15_priv.lst -g -D DEBUG -D CY_CORE_ID=0 -Wall -ffunction-sections -ffat-lto-objects -Og -c src\rsa\rsa_i15_priv.c -o .\CortexM0\ARM_GCC_541\Debug\rsa_i15_priv.o
arm-none-eabi-gcc.exe -mcpu=cortex-m0 -mthumb -I. -IGenerated_Source\PSoC4 -Wa,-alh=.\CortexM0\ARM_GCC_541\Debug/rsa_i15_pub.lst -g -D DEBUG -D CY_CORE_ID=0 -Wall -ffunction-sections -ffat-lto-objects -Og -c src\rsa\rsa_i15_pub.c -o .\CortexM0\ARM_GCC_541\Debug\rsa_i15_pub.o
arm-none-eabi-gcc.exe -mcpu=cortex-m0 -mthumb -I. -IGenerated_Source\PSoC4 -Wa,-alh=.\CortexM0\ARM_GCC_541\Debug/rsa_i31_pkcs1_sign.lst -g -D DEBUG -D CY_CORE_ID=0 -Wall -ffunction-sections -ffat-lto-objects -Og -c src\rsa\rsa_i31_pkcs1_sign.c -o .\CortexM0\ARM_GCC_541\Debug\rsa_i31_pkcs1_sign.o
arm-none-eabi-gcc.exe -mcpu=cortex-m0 -mthumb -I. -IGenerated_Source\PSoC4 -Wa,-alh=.\CortexM0\ARM_GCC_541\Debug/rsa_i31_pkcs1_vrfy.lst -g -D DEBUG -D CY_CORE_ID=0 -Wall -ffunction-sections -ffat-lto-objects -Og -c src\rsa\rsa_i31_pkcs1_vrfy.c -o .\CortexM0\ARM_GCC_541\Debug\rsa_i31_pkcs1_vrfy.o
arm-none-eabi-gcc.exe -mcpu=cortex-m0 -mthumb -I. -IGenerated_Source\PSoC4 -Wa,-alh=.\CortexM0\ARM_GCC_541\Debug/rsa_i31_priv.lst -g -D DEBUG -D CY_CORE_ID=0 -Wall -ffunction-sections -ffat-lto-objects -Og -c src\rsa\rsa_i31_priv.c -o .\CortexM0\ARM_GCC_541\Debug\rsa_i31_priv.o
arm-none-eabi-gcc.exe -mcpu=cortex-m0 -mthumb -I. -IGenerated_Source\PSoC4 -Wa,-alh=.\CortexM0\ARM_GCC_541\Debug/rsa_i31_pub.lst -g -D DEBUG -D CY_CORE_ID=0 -Wall -ffunction-sections -ffat-lto-objects -Og -c src\rsa\rsa_i31_pub.c -o .\CortexM0\ARM_GCC_541\Debug\rsa_i31_pub.o
arm-none-eabi-gcc.exe -mcpu=cortex-m0 -mthumb -I. -IGenerated_Source\PSoC4 -Wa,-alh=.\CortexM0\ARM_GCC_541\Debug/rsa_i32_pkcs1_sign.lst -g -D DEBUG -D CY_CORE_ID=0 -Wall -ffunction-sections -ffat-lto-objects -Og -c src\rsa\rsa_i32_pkcs1_sign.c -o .\CortexM0\ARM_GCC_541\Debug\rsa_i32_pkcs1_sign.o
arm-none-eabi-gcc.exe -mcpu=cortex-m0 -mthumb -I. -IGenerated_Source\PSoC4 -Wa,-alh=.\CortexM0\ARM_GCC_541\Debug/rsa_i32_pkcs1_vrfy.lst -g -D DEBUG -D CY_CORE_ID=0 -Wall -ffunction-sections -ffat-lto-objects -Og -c src\rsa\rsa_i32_pkcs1_vrfy.c -o .\CortexM0\ARM_GCC_541\Debug\rsa_i32_pkcs1_vrfy.o
arm-none-eabi-gcc.exe -mcpu=cortex-m0 -mthumb -I. -IGenerated_Source\PSoC4 -Wa,-alh=.\CortexM0\ARM_GCC_541\Debug/rsa_i32_priv.lst -g -D DEBUG -D CY_CORE_ID=0 -Wall -ffunction-sections -ffat-lto-objects -Og -c src\rsa\rsa_i32_priv.c -o .\CortexM0\ARM_GCC_541\Debug\rsa_i32_priv.o
arm-none-eabi-gcc.exe -mcpu=cortex-m0 -mthumb -I. -IGenerated_Source\PSoC4 -Wa,-alh=.\CortexM0\ARM_GCC_541\Debug/rsa_i32_pub.lst -g -D DEBUG -D CY_CORE_ID=0 -Wall -ffunction-sections -ffat-lto-objects -Og -c src\rsa\rsa_i32_pub.c -o .\CortexM0\ARM_GCC_541\Debug\rsa_i32_pub.o
arm-none-eabi-gcc.exe -mcpu=cortex-m0 -mthumb -I. -IGenerated_Source\PSoC4 -Wa,-alh=.\CortexM0\ARM_GCC_541\Debug/rsa_i62_pkcs1_sign.lst -g -D DEBUG -D CY_CORE_ID=0 -Wall -ffunction-sections -ffat-lto-objects -Og -c src\rsa\rsa_i62_pkcs1_sign.c -o .\CortexM0\ARM_GCC_541\Debug\rsa_i62_pkcs1_sign.o
arm-none-eabi-gcc.exe -mcpu=cortex-m0 -mthumb -I. -IGenerated_Source\PSoC4 -Wa,-alh=.\CortexM0\ARM_GCC_541\Debug/rsa_i62_pkcs1_vrfy.lst -g -D DEBUG -D CY_CORE_ID=0 -Wall -ffunction-sections -ffat-lto-objects -Og -c src\rsa\rsa_i62_pkcs1_vrfy.c -o .\CortexM0\ARM_GCC_541\Debug\rsa_i62_pkcs1_vrfy.o
arm-none-eabi-gcc.exe -mcpu=cortex-m0 -mthumb -I. -IGenerated_Source\PSoC4 -Wa,-alh=.\CortexM0\ARM_GCC_541\Debug/rsa_i62_priv.lst -g -D DEBUG -D CY_CORE_ID=0 -Wall -ffunction-sections -ffat-lto-objects -Og -c src\rsa\rsa_i62_priv.c -o .\CortexM0\ARM_GCC_541\Debug\rsa_i62_priv.o
arm-none-eabi-gcc.exe -mcpu=cortex-m0 -mthumb -I. -IGenerated_Source\PSoC4 -Wa,-alh=.\CortexM0\ARM_GCC_541\Debug/rsa_i62_pub.lst -g -D DEBUG -D CY_CORE_ID=0 -Wall -ffunction-sections -ffat-lto-objects -Og -c src\rsa\rsa_i62_pub.c -o .\CortexM0\ARM_GCC_541\Debug\rsa_i62_pub.o
arm-none-eabi-gcc.exe -mcpu=cortex-m0 -mthumb -I. -IGenerated_Source\PSoC4 -Wa,-alh=.\CortexM0\ARM_GCC_541\Debug/rsa_pkcs1_sig_pad.lst -g -D DEBUG -D CY_CORE_ID=0 -Wall -ffunction-sections -ffat-lto-objects -Og -c src\rsa\rsa_pkcs1_sig_pad.c -o .\CortexM0\ARM_GCC_541\Debug\rsa_pkcs1_sig_pad.o
arm-none-eabi-gcc.exe -mcpu=cortex-m0 -mthumb -I. -IGenerated_Source\PSoC4 -Wa,-alh=.\CortexM0\ARM_GCC_541\Debug/rsa_pkcs1_sig_unpad.lst -g -D DEBUG -D CY_CORE_ID=0 -Wall -ffunction-sections -ffat-lto-objects -Og -c src\rsa\rsa_pkcs1_sig_unpad.c -o .\CortexM0\ARM_GCC_541\Debug\rsa_pkcs1_sig_unpad.o
arm-none-eabi-gcc.exe -mcpu=cortex-m0 -mthumb -I. -IGenerated_Source\PSoC4 -Wa,-alh=.\CortexM0\ARM_GCC_541\Debug/rsa_ssl_decrypt.lst -g -D DEBUG -D CY_CORE_ID=0 -Wall -ffunction-sections -ffat-lto-objects -Og -c src\rsa\rsa_ssl_decrypt.c -o .\CortexM0\ARM_GCC_541\Debug\rsa_ssl_decrypt.o
arm-none-eabi-gcc.exe -mcpu=cortex-m0 -mthumb -I. -IGenerated_Source\PSoC4 -Wa,-alh=.\CortexM0\ARM_GCC_541\Debug/prf.lst -g -D DEBUG -D CY_CORE_ID=0 -Wall -ffunction-sections -ffat-lto-objects -Og -c src\ssl\prf.c -o .\CortexM0\ARM_GCC_541\Debug\prf.o
arm-none-eabi-gcc.exe -mcpu=cortex-m0 -mthumb -I. -IGenerated_Source\PSoC4 -Wa,-alh=.\CortexM0\ARM_GCC_541\Debug/prf_md5sha1.lst -g -D DEBUG -D CY_CORE_ID=0 -Wall -ffunction-sections -ffat-lto-objects -Og -c src\ssl\prf_md5sha1.c -o .\CortexM0\ARM_GCC_541\Debug\prf_md5sha1.o
arm-none-eabi-gcc.exe -mcpu=cortex-m0 -mthumb -I. -IGenerated_Source\PSoC4 -Wa,-alh=.\CortexM0\ARM_GCC_541\Debug/prf_sha256.lst -g -D DEBUG -D CY_CORE_ID=0 -Wall -ffunction-sections -ffat-lto-objects -Og -c src\ssl\prf_sha256.c -o .\CortexM0\ARM_GCC_541\Debug\prf_sha256.o
arm-none-eabi-gcc.exe -mcpu=cortex-m0 -mthumb -I. -IGenerated_Source\PSoC4 -Wa,-alh=.\CortexM0\ARM_GCC_541\Debug/prf_sha384.lst -g -D DEBUG -D CY_CORE_ID=0 -Wall -ffunction-sections -ffat-lto-objects -Og -c src\ssl\prf_sha384.c -o .\CortexM0\ARM_GCC_541\Debug\prf_sha384.o
arm-none-eabi-gcc.exe -mcpu=cortex-m0 -mthumb -I. -IGenerated_Source\PSoC4 -Wa,-alh=.\CortexM0\ARM_GCC_541\Debug/ssl_ccert_single_ec.lst -g -D DEBUG -D CY_CORE_ID=0 -Wall -ffunction-sections -ffat-lto-objects -Og -c src\ssl\ssl_ccert_single_ec.c -o .\CortexM0\ARM_GCC_541\Debug\ssl_ccert_single_ec.o
arm-none-eabi-gcc.exe -mcpu=cortex-m0 -mthumb -I. -IGenerated_Source\PSoC4 -Wa,-alh=.\CortexM0\ARM_GCC_541\Debug/ssl_ccert_single_rsa.lst -g -D DEBUG -D CY_CORE_ID=0 -Wall -ffunction-sections -ffat-lto-objects -Og -c src\ssl\ssl_ccert_single_rsa.c -o .\CortexM0\ARM_GCC_541\Debug\ssl_ccert_single_rsa.o
arm-none-eabi-gcc.exe -mcpu=cortex-m0 -mthumb -I. -IGenerated_Source\PSoC4 -Wa,-alh=.\CortexM0\ARM_GCC_541\Debug/ssl_client.lst -g -D DEBUG -D CY_CORE_ID=0 -Wall -ffunction-sections -ffat-lto-objects -Og -c src\ssl\ssl_client.c -o .\CortexM0\ARM_GCC_541\Debug\ssl_client.o
arm-none-eabi-gcc.exe -mcpu=cortex-m0 -mthumb -I. -IGenerated_Source\PSoC4 -Wa,-alh=.\CortexM0\ARM_GCC_541\Debug/ssl_client_default_rsapub.lst -g -D DEBUG -D CY_CORE_ID=0 -Wall -ffunction-sections -ffat-lto-objects -Og -c src\ssl\ssl_client_default_rsapub.c -o .\CortexM0\ARM_GCC_541\Debug\ssl_client_default_rsapub.o
arm-none-eabi-gcc.exe -mcpu=cortex-m0 -mthumb -I. -IGenerated_Source\PSoC4 -Wa,-alh=.\CortexM0\ARM_GCC_541\Debug/ssl_client_full.lst -g -D DEBUG -D CY_CORE_ID=0 -Wall -ffunction-sections -ffat-lto-objects -Og -c src\ssl\ssl_client_full.c -o .\CortexM0\ARM_GCC_541\Debug\ssl_client_full.o
arm-none-eabi-gcc.exe -mcpu=cortex-m0 -mthumb -I. -IGenerated_Source\PSoC4 -Wa,-alh=.\CortexM0\ARM_GCC_541\Debug/ssl_engine.lst -g -D DEBUG -D CY_CORE_ID=0 -Wall -ffunction-sections -ffat-lto-objects -Og -c src\ssl\ssl_engine.c -o .\CortexM0\ARM_GCC_541\Debug\ssl_engine.o
arm-none-eabi-gcc.exe -mcpu=cortex-m0 -mthumb -I. -IGenerated_Source\PSoC4 -Wa,-alh=.\CortexM0\ARM_GCC_541\Debug/ssl_engine_default_aescbc.lst -g -D DEBUG -D CY_CORE_ID=0 -Wall -ffunction-sections -ffat-lto-objects -Og -c src\ssl\ssl_engine_default_aescbc.c -o .\CortexM0\ARM_GCC_541\Debug\ssl_engine_default_aescbc.o
arm-none-eabi-gcc.exe -mcpu=cortex-m0 -mthumb -I. -IGenerated_Source\PSoC4 -Wa,-alh=.\CortexM0\ARM_GCC_541\Debug/ssl_engine_default_aesgcm.lst -g -D DEBUG -D CY_CORE_ID=0 -Wall -ffunction-sections -ffat-lto-objects -Og -c src\ssl\ssl_engine_default_aesgcm.c -o .\CortexM0\ARM_GCC_541\Debug\ssl_engine_default_aesgcm.o
arm-none-eabi-gcc.exe -mcpu=cortex-m0 -mthumb -I. -IGenerated_Source\PSoC4 -Wa,-alh=.\CortexM0\ARM_GCC_541\Debug/ssl_engine_default_chapol.lst -g -D DEBUG -D CY_CORE_ID=0 -Wall -ffunction-sections -ffat-lto-objects -Og -c src\ssl\ssl_engine_default_chapol.c -o .\CortexM0\ARM_GCC_541\Debug\ssl_engine_default_chapol.o
arm-none-eabi-gcc.exe -mcpu=cortex-m0 -mthumb -I. -IGenerated_Source\PSoC4 -Wa,-alh=.\CortexM0\ARM_GCC_541\Debug/ssl_engine_default_descbc.lst -g -D DEBUG -D CY_CORE_ID=0 -Wall -ffunction-sections -ffat-lto-objects -Og -c src\ssl\ssl_engine_default_descbc.c -o .\CortexM0\ARM_GCC_541\Debug\ssl_engine_default_descbc.o
arm-none-eabi-gcc.exe -mcpu=cortex-m0 -mthumb -I. -IGenerated_Source\PSoC4 -Wa,-alh=.\CortexM0\ARM_GCC_541\Debug/ssl_engine_default_ec.lst -g -D DEBUG -D CY_CORE_ID=0 -Wall -ffunction-sections -ffat-lto-objects -Og -c src\ssl\ssl_engine_default_ec.c -o .\CortexM0\ARM_GCC_541\Debug\ssl_engine_default_ec.o
arm-none-eabi-gcc.exe -mcpu=cortex-m0 -mthumb -I. -IGenerated_Source\PSoC4 -Wa,-alh=.\CortexM0\ARM_GCC_541\Debug/ssl_engine_default_ecdsa.lst -g -D DEBUG -D CY_CORE_ID=0 -Wall -ffunction-sections -ffat-lto-objects -Og -c src\ssl\ssl_engine_default_ecdsa.c -o .\CortexM0\ARM_GCC_541\Debug\ssl_engine_default_ecdsa.o
arm-none-eabi-gcc.exe -mcpu=cortex-m0 -mthumb -I. -IGenerated_Source\PSoC4 -Wa,-alh=.\CortexM0\ARM_GCC_541\Debug/ssl_engine_default_rsavrfy.lst -g -D DEBUG -D CY_CORE_ID=0 -Wall -ffunction-sections -ffat-lto-objects -Og -c src\ssl\ssl_engine_default_rsavrfy.c -o .\CortexM0\ARM_GCC_541\Debug\ssl_engine_default_rsavrfy.o
arm-none-eabi-gcc.exe -mcpu=cortex-m0 -mthumb -I. -IGenerated_Source\PSoC4 -Wa,-alh=.\CortexM0\ARM_GCC_541\Debug/ssl_hashes.lst -g -D DEBUG -D CY_CORE_ID=0 -Wall -ffunction-sections -ffat-lto-objects -Og -c src\ssl\ssl_hashes.c -o .\CortexM0\ARM_GCC_541\Debug\ssl_hashes.o
arm-none-eabi-gcc.exe -mcpu=cortex-m0 -mthumb -I. -IGenerated_Source\PSoC4 -Wa,-alh=.\CortexM0\ARM_GCC_541\Debug/ssl_hs_client.lst -g -D DEBUG -D CY_CORE_ID=0 -Wall -ffunction-sections -ffat-lto-objects -Og -c src\ssl\ssl_hs_client.c -o .\CortexM0\ARM_GCC_541\Debug\ssl_hs_client.o
arm-none-eabi-gcc.exe -mcpu=cortex-m0 -mthumb -I. -IGenerated_Source\PSoC4 -Wa,-alh=.\CortexM0\ARM_GCC_541\Debug/ssl_hs_server.lst -g -D DEBUG -D CY_CORE_ID=0 -Wall -ffunction-sections -ffat-lto-objects -Og -c src\ssl\ssl_hs_server.c -o .\CortexM0\ARM_GCC_541\Debug\ssl_hs_server.o
arm-none-eabi-gcc.exe -mcpu=cortex-m0 -mthumb -I. -IGenerated_Source\PSoC4 -Wa,-alh=.\CortexM0\ARM_GCC_541\Debug/ssl_io.lst -g -D DEBUG -D CY_CORE_ID=0 -Wall -ffunction-sections -ffat-lto-objects -Og -c src\ssl\ssl_io.c -o .\CortexM0\ARM_GCC_541\Debug\ssl_io.o
arm-none-eabi-gcc.exe -mcpu=cortex-m0 -mthumb -I. -IGenerated_Source\PSoC4 -Wa,-alh=.\CortexM0\ARM_GCC_541\Debug/ssl_keyexport.lst -g -D DEBUG -D CY_CORE_ID=0 -Wall -ffunction-sections -ffat-lto-objects -Og -c src\ssl\ssl_keyexport.c -o .\CortexM0\ARM_GCC_541\Debug\ssl_keyexport.o
arm-none-eabi-gcc.exe -mcpu=cortex-m0 -mthumb -I. -IGenerated_Source\PSoC4 -Wa,-alh=.\CortexM0\ARM_GCC_541\Debug/ssl_lru.lst -g -D DEBUG -D CY_CORE_ID=0 -Wall -ffunction-sections -ffat-lto-objects -Og -c src\ssl\ssl_lru.c -o .\CortexM0\ARM_GCC_541\Debug\ssl_lru.o
arm-none-eabi-gcc.exe -mcpu=cortex-m0 -mthumb -I. -IGenerated_Source\PSoC4 -Wa,-alh=.\CortexM0\ARM_GCC_541\Debug/ssl_rec_cbc.lst -g -D DEBUG -D CY_CORE_ID=0 -Wall -ffunction-sections -ffat-lto-objects -Og -c src\ssl\ssl_rec_cbc.c -o .\CortexM0\ARM_GCC_541\Debug\ssl_rec_cbc.o
arm-none-eabi-gcc.exe -mcpu=cortex-m0 -mthumb -I. -IGenerated_Source\PSoC4 -Wa,-alh=.\CortexM0\ARM_GCC_541\Debug/ssl_rec_chapol.lst -g -D DEBUG -D CY_CORE_ID=0 -Wall -ffunction-sections -ffat-lto-objects -Og -c src\ssl\ssl_rec_chapol.c -o .\CortexM0\ARM_GCC_541\Debug\ssl_rec_chapol.o
arm-none-eabi-gcc.exe -mcpu=cortex-m0 -mthumb -I. -IGenerated_Source\PSoC4 -Wa,-alh=.\CortexM0\ARM_GCC_541\Debug/ssl_rec_gcm.lst -g -D DEBUG -D CY_CORE_ID=0 -Wall -ffunction-sections -ffat-lto-objects -Og -c src\ssl\ssl_rec_gcm.c -o .\CortexM0\ARM_GCC_541\Debug\ssl_rec_gcm.o
arm-none-eabi-gcc.exe -mcpu=cortex-m0 -mthumb -I. -IGenerated_Source\PSoC4 -Wa,-alh=.\CortexM0\ARM_GCC_541\Debug/ssl_scert_single_ec.lst -g -D DEBUG -D CY_CORE_ID=0 -Wall -ffunction-sections -ffat-lto-objects -Og -c src\ssl\ssl_scert_single_ec.c -o .\CortexM0\ARM_GCC_541\Debug\ssl_scert_single_ec.o
arm-none-eabi-gcc.exe -mcpu=cortex-m0 -mthumb -I. -IGenerated_Source\PSoC4 -Wa,-alh=.\CortexM0\ARM_GCC_541\Debug/ssl_scert_single_rsa.lst -g -D DEBUG -D CY_CORE_ID=0 -Wall -ffunction-sections -ffat-lto-objects -Og -c src\ssl\ssl_scert_single_rsa.c -o .\CortexM0\ARM_GCC_541\Debug\ssl_scert_single_rsa.o
arm-none-eabi-gcc.exe -mcpu=cortex-m0 -mthumb -I. -IGenerated_Source\PSoC4 -Wa,-alh=.\CortexM0\ARM_GCC_541\Debug/ssl_server.lst -g -D DEBUG -D CY_CORE_ID=0 -Wall -ffunction-sections -ffat-lto-objects -Og -c src\ssl\ssl_server.c -o .\CortexM0\ARM_GCC_541\Debug\ssl_server.o
arm-none-eabi-gcc.exe -mcpu=cortex-m0 -mthumb -I. -IGenerated_Source\PSoC4 -Wa,-alh=.\CortexM0\ARM_GCC_541\Debug/ssl_server_full_ec.lst -g -D DEBUG -D CY_CORE_ID=0 -Wall -ffunction-sections -ffat-lto-objects -Og -c src\ssl\ssl_server_full_ec.c -o .\CortexM0\ARM_GCC_541\Debug\ssl_server_full_ec.o
arm-none-eabi-gcc.exe -mcpu=cortex-m0 -mthumb -I. -IGenerated_Source\PSoC4 -Wa,-alh=.\CortexM0\ARM_GCC_541\Debug/ssl_server_full_rsa.lst -g -D DEBUG -D CY_CORE_ID=0 -Wall -ffunction-sections -ffat-lto-objects -Og -c src\ssl\ssl_server_full_rsa.c -o .\CortexM0\ARM_GCC_541\Debug\ssl_server_full_rsa.o
arm-none-eabi-gcc.exe -mcpu=cortex-m0 -mthumb -I. -IGenerated_Source\PSoC4 -Wa,-alh=.\CortexM0\ARM_GCC_541\Debug/ssl_server_mine2c.lst -g -D DEBUG -D CY_CORE_ID=0 -Wall -ffunction-sections -ffat-lto-objects -Og -c src\ssl\ssl_server_mine2c.c -o .\CortexM0\ARM_GCC_541\Debug\ssl_server_mine2c.o
arm-none-eabi-gcc.exe -mcpu=cortex-m0 -mthumb -I. -IGenerated_Source\PSoC4 -Wa,-alh=.\CortexM0\ARM_GCC_541\Debug/ssl_server_mine2g.lst -g -D DEBUG -D CY_CORE_ID=0 -Wall -ffunction-sections -ffat-lto-objects -Og -c src\ssl\ssl_server_mine2g.c -o .\CortexM0\ARM_GCC_541\Debug\ssl_server_mine2g.o
arm-none-eabi-gcc.exe -mcpu=cortex-m0 -mthumb -I. -IGenerated_Source\PSoC4 -Wa,-alh=.\CortexM0\ARM_GCC_541\Debug/ssl_server_minf2c.lst -g -D DEBUG -D CY_CORE_ID=0 -Wall -ffunction-sections -ffat-lto-objects -Og -c src\ssl\ssl_server_minf2c.c -o .\CortexM0\ARM_GCC_541\Debug\ssl_server_minf2c.o
arm-none-eabi-gcc.exe -mcpu=cortex-m0 -mthumb -I. -IGenerated_Source\PSoC4 -Wa,-alh=.\CortexM0\ARM_GCC_541\Debug/ssl_server_minf2g.lst -g -D DEBUG -D CY_CORE_ID=0 -Wall -ffunction-sections -ffat-lto-objects -Og -c src\ssl\ssl_server_minf2g.c -o .\CortexM0\ARM_GCC_541\Debug\ssl_server_minf2g.o
arm-none-eabi-gcc.exe -mcpu=cortex-m0 -mthumb -I. -IGenerated_Source\PSoC4 -Wa,-alh=.\CortexM0\ARM_GCC_541\Debug/ssl_server_minr2g.lst -g -D DEBUG -D CY_CORE_ID=0 -Wall -ffunction-sections -ffat-lto-objects -Og -c src\ssl\ssl_server_minr2g.c -o .\CortexM0\ARM_GCC_541\Debug\ssl_server_minr2g.o
arm-none-eabi-gcc.exe -mcpu=cortex-m0 -mthumb -I. -IGenerated_Source\PSoC4 -Wa,-alh=.\CortexM0\ARM_GCC_541\Debug/ssl_server_minu2g.lst -g -D DEBUG -D CY_CORE_ID=0 -Wall -ffunction-sections -ffat-lto-objects -Og -c src\ssl\ssl_server_minu2g.c -o .\CortexM0\ARM_GCC_541\Debug\ssl_server_minu2g.o
arm-none-eabi-gcc.exe -mcpu=cortex-m0 -mthumb -I. -IGenerated_Source\PSoC4 -Wa,-alh=.\CortexM0\ARM_GCC_541\Debug/ssl_server_minv2g.lst -g -D DEBUG -D CY_CORE_ID=0 -Wall -ffunction-sections -ffat-lto-objects -Og -c src\ssl\ssl_server_minv2g.c -o .\CortexM0\ARM_GCC_541\Debug\ssl_server_minv2g.o
arm-none-eabi-gcc.exe -mcpu=cortex-m0 -mthumb -I. -IGenerated_Source\PSoC4 -Wa,-alh=.\CortexM0\ARM_GCC_541\Debug/aes_big_cbcdec.lst -g -D DEBUG -D CY_CORE_ID=0 -Wall -ffunction-sections -ffat-lto-objects -Og -c src\symcipher\aes_big_cbcdec.c -o .\CortexM0\ARM_GCC_541\Debug\aes_big_cbcdec.o
arm-none-eabi-gcc.exe -mcpu=cortex-m0 -mthumb -I. -IGenerated_Source\PSoC4 -Wa,-alh=.\CortexM0\ARM_GCC_541\Debug/aes_big_cbcenc.lst -g -D DEBUG -D CY_CORE_ID=0 -Wall -ffunction-sections -ffat-lto-objects -Og -c src\symcipher\aes_big_cbcenc.c -o .\CortexM0\ARM_GCC_541\Debug\aes_big_cbcenc.o
arm-none-eabi-gcc.exe -mcpu=cortex-m0 -mthumb -I. -IGenerated_Source\PSoC4 -Wa,-alh=.\CortexM0\ARM_GCC_541\Debug/aes_big_ctr.lst -g -D DEBUG -D CY_CORE_ID=0 -Wall -ffunction-sections -ffat-lto-objects -Og -c src\symcipher\aes_big_ctr.c -o .\CortexM0\ARM_GCC_541\Debug\aes_big_ctr.o
arm-none-eabi-gcc.exe -mcpu=cortex-m0 -mthumb -I. -IGenerated_Source\PSoC4 -Wa,-alh=.\CortexM0\ARM_GCC_541\Debug/aes_big_dec.lst -g -D DEBUG -D CY_CORE_ID=0 -Wall -ffunction-sections -ffat-lto-objects -Og -c src\symcipher\aes_big_dec.c -o .\CortexM0\ARM_GCC_541\Debug\aes_big_dec.o
arm-none-eabi-gcc.exe -mcpu=cortex-m0 -mthumb -I. -IGenerated_Source\PSoC4 -Wa,-alh=.\CortexM0\ARM_GCC_541\Debug/aes_big_enc.lst -g -D DEBUG -D CY_CORE_ID=0 -Wall -ffunction-sections -ffat-lto-objects -Og -c src\symcipher\aes_big_enc.c -o .\CortexM0\ARM_GCC_541\Debug\aes_big_enc.o
arm-none-eabi-gcc.exe -mcpu=cortex-m0 -mthumb -I. -IGenerated_Source\PSoC4 -Wa,-alh=.\CortexM0\ARM_GCC_541\Debug/aes_common.lst -g -D DEBUG -D CY_CORE_ID=0 -Wall -ffunction-sections -ffat-lto-objects -Og -c src\symcipher\aes_common.c -o .\CortexM0\ARM_GCC_541\Debug\aes_common.o
arm-none-eabi-gcc.exe -mcpu=cortex-m0 -mthumb -I. -IGenerated_Source\PSoC4 -Wa,-alh=.\CortexM0\ARM_GCC_541\Debug/aes_ct.lst -g -D DEBUG -D CY_CORE_ID=0 -Wall -ffunction-sections -ffat-lto-objects -Og -c src\symcipher\aes_ct.c -o .\CortexM0\ARM_GCC_541\Debug\aes_ct.o
arm-none-eabi-gcc.exe -mcpu=cortex-m0 -mthumb -I. -IGenerated_Source\PSoC4 -Wa,-alh=.\CortexM0\ARM_GCC_541\Debug/aes_ct_cbcdec.lst -g -D DEBUG -D CY_CORE_ID=0 -Wall -ffunction-sections -ffat-lto-objects -Og -c src\symcipher\aes_ct_cbcdec.c -o .\CortexM0\ARM_GCC_541\Debug\aes_ct_cbcdec.o
arm-none-eabi-gcc.exe -mcpu=cortex-m0 -mthumb -I. -IGenerated_Source\PSoC4 -Wa,-alh=.\CortexM0\ARM_GCC_541\Debug/aes_ct_cbcenc.lst -g -D DEBUG -D CY_CORE_ID=0 -Wall -ffunction-sections -ffat-lto-objects -Og -c src\symcipher\aes_ct_cbcenc.c -o .\CortexM0\ARM_GCC_541\Debug\aes_ct_cbcenc.o
arm-none-eabi-gcc.exe -mcpu=cortex-m0 -mthumb -I. -IGenerated_Source\PSoC4 -Wa,-alh=.\CortexM0\ARM_GCC_541\Debug/aes_ct_ctr.lst -g -D DEBUG -D CY_CORE_ID=0 -Wall -ffunction-sections -ffat-lto-objects -Og -c src\symcipher\aes_ct_ctr.c -o .\CortexM0\ARM_GCC_541\Debug\aes_ct_ctr.o
arm-none-eabi-gcc.exe -mcpu=cortex-m0 -mthumb -I. -IGenerated_Source\PSoC4 -Wa,-alh=.\CortexM0\ARM_GCC_541\Debug/aes_ct_dec.lst -g -D DEBUG -D CY_CORE_ID=0 -Wall -ffunction-sections -ffat-lto-objects -Og -c src\symcipher\aes_ct_dec.c -o .\CortexM0\ARM_GCC_541\Debug\aes_ct_dec.o
arm-none-eabi-gcc.exe -mcpu=cortex-m0 -mthumb -I. -IGenerated_Source\PSoC4 -Wa,-alh=.\CortexM0\ARM_GCC_541\Debug/aes_ct_enc.lst -g -D DEBUG -D CY_CORE_ID=0 -Wall -ffunction-sections -ffat-lto-objects -Og -c src\symcipher\aes_ct_enc.c -o .\CortexM0\ARM_GCC_541\Debug\aes_ct_enc.o
arm-none-eabi-gcc.exe -mcpu=cortex-m0 -mthumb -I. -IGenerated_Source\PSoC4 -Wa,-alh=.\CortexM0\ARM_GCC_541\Debug/aes_ct64.lst -g -D DEBUG -D CY_CORE_ID=0 -Wall -ffunction-sections -ffat-lto-objects -Og -c src\symcipher\aes_ct64.c -o .\CortexM0\ARM_GCC_541\Debug\aes_ct64.o
arm-none-eabi-gcc.exe -mcpu=cortex-m0 -mthumb -I. -IGenerated_Source\PSoC4 -Wa,-alh=.\CortexM0\ARM_GCC_541\Debug/aes_ct64_cbcdec.lst -g -D DEBUG -D CY_CORE_ID=0 -Wall -ffunction-sections -ffat-lto-objects -Og -c src\symcipher\aes_ct64_cbcdec.c -o .\CortexM0\ARM_GCC_541\Debug\aes_ct64_cbcdec.o
arm-none-eabi-gcc.exe -mcpu=cortex-m0 -mthumb -I. -IGenerated_Source\PSoC4 -Wa,-alh=.\CortexM0\ARM_GCC_541\Debug/aes_ct64_cbcenc.lst -g -D DEBUG -D CY_CORE_ID=0 -Wall -ffunction-sections -ffat-lto-objects -Og -c src\symcipher\aes_ct64_cbcenc.c -o .\CortexM0\ARM_GCC_541\Debug\aes_ct64_cbcenc.o
arm-none-eabi-gcc.exe -mcpu=cortex-m0 -mthumb -I. -IGenerated_Source\PSoC4 -Wa,-alh=.\CortexM0\ARM_GCC_541\Debug/aes_ct64_ctr.lst -g -D DEBUG -D CY_CORE_ID=0 -Wall -ffunction-sections -ffat-lto-objects -Og -c src\symcipher\aes_ct64_ctr.c -o .\CortexM0\ARM_GCC_541\Debug\aes_ct64_ctr.o
arm-none-eabi-gcc.exe -mcpu=cortex-m0 -mthumb -I. -IGenerated_Source\PSoC4 -Wa,-alh=.\CortexM0\ARM_GCC_541\Debug/aes_ct64_dec.lst -g -D DEBUG -D CY_CORE_ID=0 -Wall -ffunction-sections -ffat-lto-objects -Og -c src\symcipher\aes_ct64_dec.c -o .\CortexM0\ARM_GCC_541\Debug\aes_ct64_dec.o
arm-none-eabi-gcc.exe -mcpu=cortex-m0 -mthumb -I. -IGenerated_Source\PSoC4 -Wa,-alh=.\CortexM0\ARM_GCC_541\Debug/aes_ct64_enc.lst -g -D DEBUG -D CY_CORE_ID=0 -Wall -ffunction-sections -ffat-lto-objects -Og -c src\symcipher\aes_ct64_enc.c -o .\CortexM0\ARM_GCC_541\Debug\aes_ct64_enc.o
arm-none-eabi-gcc.exe -mcpu=cortex-m0 -mthumb -I. -IGenerated_Source\PSoC4 -Wa,-alh=.\CortexM0\ARM_GCC_541\Debug/aes_pwr8.lst -g -D DEBUG -D CY_CORE_ID=0 -Wall -ffunction-sections -ffat-lto-objects -Og -c src\symcipher\aes_pwr8.c -o .\CortexM0\ARM_GCC_541\Debug\aes_pwr8.o
arm-none-eabi-gcc.exe -mcpu=cortex-m0 -mthumb -I. -IGenerated_Source\PSoC4 -Wa,-alh=.\CortexM0\ARM_GCC_541\Debug/aes_pwr8_cbcdec.lst -g -D DEBUG -D CY_CORE_ID=0 -Wall -ffunction-sections -ffat-lto-objects -Og -c src\symcipher\aes_pwr8_cbcdec.c -o .\CortexM0\ARM_GCC_541\Debug\aes_pwr8_cbcdec.o
arm-none-eabi-gcc.exe -mcpu=cortex-m0 -mthumb -I. -IGenerated_Source\PSoC4 -Wa,-alh=.\CortexM0\ARM_GCC_541\Debug/aes_pwr8_cbcenc.lst -g -D DEBUG -D CY_CORE_ID=0 -Wall -ffunction-sections -ffat-lto-objects -Og -c src\symcipher\aes_pwr8_cbcenc.c -o .\CortexM0\ARM_GCC_541\Debug\aes_pwr8_cbcenc.o
arm-none-eabi-gcc.exe -mcpu=cortex-m0 -mthumb -I. -IGenerated_Source\PSoC4 -Wa,-alh=.\CortexM0\ARM_GCC_541\Debug/aes_pwr8_ctr.lst -g -D DEBUG -D CY_CORE_ID=0 -Wall -ffunction-sections -ffat-lto-objects -Og -c src\symcipher\aes_pwr8_ctr.c -o .\CortexM0\ARM_GCC_541\Debug\aes_pwr8_ctr.o
arm-none-eabi-gcc.exe -mcpu=cortex-m0 -mthumb -I. -IGenerated_Source\PSoC4 -Wa,-alh=.\CortexM0\ARM_GCC_541\Debug/aes_small_cbcdec.lst -g -D DEBUG -D CY_CORE_ID=0 -Wall -ffunction-sections -ffat-lto-objects -Og -c src\symcipher\aes_small_cbcdec.c -o .\CortexM0\ARM_GCC_541\Debug\aes_small_cbcdec.o
arm-none-eabi-gcc.exe -mcpu=cortex-m0 -mthumb -I. -IGenerated_Source\PSoC4 -Wa,-alh=.\CortexM0\ARM_GCC_541\Debug/aes_small_cbcenc.lst -g -D DEBUG -D CY_CORE_ID=0 -Wall -ffunction-sections -ffat-lto-objects -Og -c src\symcipher\aes_small_cbcenc.c -o .\CortexM0\ARM_GCC_541\Debug\aes_small_cbcenc.o
arm-none-eabi-gcc.exe -mcpu=cortex-m0 -mthumb -I. -IGenerated_Source\PSoC4 -Wa,-alh=.\CortexM0\ARM_GCC_541\Debug/aes_small_ctr.lst -g -D DEBUG -D CY_CORE_ID=0 -Wall -ffunction-sections -ffat-lto-objects -Og -c src\symcipher\aes_small_ctr.c -o .\CortexM0\ARM_GCC_541\Debug\aes_small_ctr.o
arm-none-eabi-gcc.exe -mcpu=cortex-m0 -mthumb -I. -IGenerated_Source\PSoC4 -Wa,-alh=.\CortexM0\ARM_GCC_541\Debug/aes_small_dec.lst -g -D DEBUG -D CY_CORE_ID=0 -Wall -ffunction-sections -ffat-lto-objects -Og -c src\symcipher\aes_small_dec.c -o .\CortexM0\ARM_GCC_541\Debug\aes_small_dec.o
arm-none-eabi-gcc.exe -mcpu=cortex-m0 -mthumb -I. -IGenerated_Source\PSoC4 -Wa,-alh=.\CortexM0\ARM_GCC_541\Debug/aes_small_enc.lst -g -D DEBUG -D CY_CORE_ID=0 -Wall -ffunction-sections -ffat-lto-objects -Og -c src\symcipher\aes_small_enc.c -o .\CortexM0\ARM_GCC_541\Debug\aes_small_enc.o
arm-none-eabi-gcc.exe -mcpu=cortex-m0 -mthumb -I. -IGenerated_Source\PSoC4 -Wa,-alh=.\CortexM0\ARM_GCC_541\Debug/aes_x86ni.lst -g -D DEBUG -D CY_CORE_ID=0 -Wall -ffunction-sections -ffat-lto-objects -Og -c src\symcipher\aes_x86ni.c -o .\CortexM0\ARM_GCC_541\Debug\aes_x86ni.o
arm-none-eabi-gcc.exe -mcpu=cortex-m0 -mthumb -I. -IGenerated_Source\PSoC4 -Wa,-alh=.\CortexM0\ARM_GCC_541\Debug/aes_x86ni_cbcdec.lst -g -D DEBUG -D CY_CORE_ID=0 -Wall -ffunction-sections -ffat-lto-objects -Og -c src\symcipher\aes_x86ni_cbcdec.c -o .\CortexM0\ARM_GCC_541\Debug\aes_x86ni_cbcdec.o
arm-none-eabi-gcc.exe -mcpu=cortex-m0 -mthumb -I. -IGenerated_Source\PSoC4 -Wa,-alh=.\CortexM0\ARM_GCC_541\Debug/aes_x86ni_cbcenc.lst -g -D DEBUG -D CY_CORE_ID=0 -Wall -ffunction-sections -ffat-lto-objects -Og -c src\symcipher\aes_x86ni_cbcenc.c -o .\CortexM0\ARM_GCC_541\Debug\aes_x86ni_cbcenc.o
arm-none-eabi-gcc.exe -mcpu=cortex-m0 -mthumb -I. -IGenerated_Source\PSoC4 -Wa,-alh=.\CortexM0\ARM_GCC_541\Debug/aes_x86ni_ctr.lst -g -D DEBUG -D CY_CORE_ID=0 -Wall -ffunction-sections -ffat-lto-objects -Og -c src\symcipher\aes_x86ni_ctr.c -o .\CortexM0\ARM_GCC_541\Debug\aes_x86ni_ctr.o
arm-none-eabi-gcc.exe -mcpu=cortex-m0 -mthumb -I. -IGenerated_Source\PSoC4 -Wa,-alh=.\CortexM0\ARM_GCC_541\Debug/chacha20_ct.lst -g -D DEBUG -D CY_CORE_ID=0 -Wall -ffunction-sections -ffat-lto-objects -Og -c src\symcipher\chacha20_ct.c -o .\CortexM0\ARM_GCC_541\Debug\chacha20_ct.o
arm-none-eabi-gcc.exe -mcpu=cortex-m0 -mthumb -I. -IGenerated_Source\PSoC4 -Wa,-alh=.\CortexM0\ARM_GCC_541\Debug/chacha20_sse2.lst -g -D DEBUG -D CY_CORE_ID=0 -Wall -ffunction-sections -ffat-lto-objects -Og -c src\symcipher\chacha20_sse2.c -o .\CortexM0\ARM_GCC_541\Debug\chacha20_sse2.o
arm-none-eabi-gcc.exe -mcpu=cortex-m0 -mthumb -I. -IGenerated_Source\PSoC4 -Wa,-alh=.\CortexM0\ARM_GCC_541\Debug/des_ct.lst -g -D DEBUG -D CY_CORE_ID=0 -Wall -ffunction-sections -ffat-lto-objects -Og -c src\symcipher\des_ct.c -o .\CortexM0\ARM_GCC_541\Debug\des_ct.o
arm-none-eabi-gcc.exe -mcpu=cortex-m0 -mthumb -I. -IGenerated_Source\PSoC4 -Wa,-alh=.\CortexM0\ARM_GCC_541\Debug/des_ct_cbcdec.lst -g -D DEBUG -D CY_CORE_ID=0 -Wall -ffunction-sections -ffat-lto-objects -Og -c src\symcipher\des_ct_cbcdec.c -o .\CortexM0\ARM_GCC_541\Debug\des_ct_cbcdec.o
arm-none-eabi-gcc.exe -mcpu=cortex-m0 -mthumb -I. -IGenerated_Source\PSoC4 -Wa,-alh=.\CortexM0\ARM_GCC_541\Debug/des_ct_cbcenc.lst -g -D DEBUG -D CY_CORE_ID=0 -Wall -ffunction-sections -ffat-lto-objects -Og -c src\symcipher\des_ct_cbcenc.c -o .\CortexM0\ARM_GCC_541\Debug\des_ct_cbcenc.o
arm-none-eabi-gcc.exe -mcpu=cortex-m0 -mthumb -I. -IGenerated_Source\PSoC4 -Wa,-alh=.\CortexM0\ARM_GCC_541\Debug/des_support.lst -g -D DEBUG -D CY_CORE_ID=0 -Wall -ffunction-sections -ffat-lto-objects -Og -c src\symcipher\des_support.c -o .\CortexM0\ARM_GCC_541\Debug\des_support.o
arm-none-eabi-gcc.exe -mcpu=cortex-m0 -mthumb -I. -IGenerated_Source\PSoC4 -Wa,-alh=.\CortexM0\ARM_GCC_541\Debug/des_tab.lst -g -D DEBUG -D CY_CORE_ID=0 -Wall -ffunction-sections -ffat-lto-objects -Og -c src\symcipher\des_tab.c -o .\CortexM0\ARM_GCC_541\Debug\des_tab.o
arm-none-eabi-gcc.exe -mcpu=cortex-m0 -mthumb -I. -IGenerated_Source\PSoC4 -Wa,-alh=.\CortexM0\ARM_GCC_541\Debug/des_tab_cbcdec.lst -g -D DEBUG -D CY_CORE_ID=0 -Wall -ffunction-sections -ffat-lto-objects -Og -c src\symcipher\des_tab_cbcdec.c -o .\CortexM0\ARM_GCC_541\Debug\des_tab_cbcdec.o
arm-none-eabi-gcc.exe -mcpu=cortex-m0 -mthumb -I. -IGenerated_Source\PSoC4 -Wa,-alh=.\CortexM0\ARM_GCC_541\Debug/des_tab_cbcenc.lst -g -D DEBUG -D CY_CORE_ID=0 -Wall -ffunction-sections -ffat-lto-objects -Og -c src\symcipher\des_tab_cbcenc.c -o .\CortexM0\ARM_GCC_541\Debug\des_tab_cbcenc.o
arm-none-eabi-gcc.exe -mcpu=cortex-m0 -mthumb -I. -IGenerated_Source\PSoC4 -Wa,-alh=.\CortexM0\ARM_GCC_541\Debug/poly1305_ctmul.lst -g -D DEBUG -D CY_CORE_ID=0 -Wall -ffunction-sections -ffat-lto-objects -Og -c src\symcipher\poly1305_ctmul.c -o .\CortexM0\ARM_GCC_541\Debug\poly1305_ctmul.o
arm-none-eabi-gcc.exe -mcpu=cortex-m0 -mthumb -I. -IGenerated_Source\PSoC4 -Wa,-alh=.\CortexM0\ARM_GCC_541\Debug/poly1305_ctmul32.lst -g -D DEBUG -D CY_CORE_ID=0 -Wall -ffunction-sections -ffat-lto-objects -Og -c src\symcipher\poly1305_ctmul32.c -o .\CortexM0\ARM_GCC_541\Debug\poly1305_ctmul32.o
arm-none-eabi-gcc.exe -mcpu=cortex-m0 -mthumb -I. -IGenerated_Source\PSoC4 -Wa,-alh=.\CortexM0\ARM_GCC_541\Debug/poly1305_ctmulq.lst -g -D DEBUG -D CY_CORE_ID=0 -Wall -ffunction-sections -ffat-lto-objects -Og -c src\symcipher\poly1305_ctmulq.c -o .\CortexM0\ARM_GCC_541\Debug\poly1305_ctmulq.o
arm-none-eabi-gcc.exe -mcpu=cortex-m0 -mthumb -I. -IGenerated_Source\PSoC4 -Wa,-alh=.\CortexM0\ARM_GCC_541\Debug/poly1305_i15.lst -g -D DEBUG -D CY_CORE_ID=0 -Wall -ffunction-sections -ffat-lto-objects -Og -c src\symcipher\poly1305_i15.c -o .\CortexM0\ARM_GCC_541\Debug\poly1305_i15.o
arm-none-eabi-gcc.exe -mcpu=cortex-m0 -mthumb -I. -IGenerated_Source\PSoC4 -Wa,-alh=.\CortexM0\ARM_GCC_541\Debug/skey_decoder.lst -g -D DEBUG -D CY_CORE_ID=0 -Wall -ffunction-sections -ffat-lto-objects -Og -c src\x509\skey_decoder.c -o .\CortexM0\ARM_GCC_541\Debug\skey_decoder.o
arm-none-eabi-gcc.exe -mcpu=cortex-m0 -mthumb -I. -IGenerated_Source\PSoC4 -Wa,-alh=.\CortexM0\ARM_GCC_541\Debug/x509_decoder.lst -g -D DEBUG -D CY_CORE_ID=0 -Wall -ffunction-sections -ffat-lto-objects -Og -c src\x509\x509_decoder.c -o .\CortexM0\ARM_GCC_541\Debug\x509_decoder.o
arm-none-eabi-gcc.exe -mcpu=cortex-m0 -mthumb -I. -IGenerated_Source\PSoC4 -Wa,-alh=.\CortexM0\ARM_GCC_541\Debug/x509_knownkey.lst -g -D DEBUG -D CY_CORE_ID=0 -Wall -ffunction-sections -ffat-lto-objects -Og -c src\x509\x509_knownkey.c -o .\CortexM0\ARM_GCC_541\Debug\x509_knownkey.o
arm-none-eabi-gcc.exe -mcpu=cortex-m0 -mthumb -I. -IGenerated_Source\PSoC4 -Wa,-alh=.\CortexM0\ARM_GCC_541\Debug/x509_minimal.lst -g -D DEBUG -D CY_CORE_ID=0 -Wall -ffunction-sections -ffat-lto-objects -Og -c src\x509\x509_minimal.c -o .\CortexM0\ARM_GCC_541\Debug\x509_minimal.o
arm-none-eabi-gcc.exe -mcpu=cortex-m0 -mthumb -I. -IGenerated_Source\PSoC4 -Wa,-alh=.\CortexM0\ARM_GCC_541\Debug/x509_minimal_full.lst -g -D DEBUG -D CY_CORE_ID=0 -Wall -ffunction-sections -ffat-lto-objects -Og -c src\x509\x509_minimal_full.c -o .\CortexM0\ARM_GCC_541\Debug\x509_minimal_full.o
arm-none-eabi-gcc.exe -mcpu=cortex-m0 -mthumb -I. -IGenerated_Source\PSoC4 -Wa,-alh=.\CortexM0\ARM_GCC_541\Debug/cyfitter_cfg.lst -g -D DEBUG -D CY_CORE_ID=0 -Wall -ffunction-sections -ffat-lto-objects -Og -c Generated_Source\PSoC4\cyfitter_cfg.c -o .\CortexM0\ARM_GCC_541\Debug\cyfitter_cfg.o
arm-none-eabi-gcc.exe -mcpu=cortex-m0 -mthumb -I. -IGenerated_Source\PSoC4 -Wa,-alh=.\CortexM0\ARM_GCC_541\Debug/cymetadata.lst -g -D DEBUG -D CY_CORE_ID=0 -Wall -ffunction-sections -ffat-lto-objects -Og -c Generated_Source\PSoC4\cymetadata.c -o .\CortexM0\ARM_GCC_541\Debug\cymetadata.o
arm-none-eabi-gcc.exe -mcpu=cortex-m0 -mthumb -I. -IGenerated_Source\PSoC4 -Wa,-alh=.\CortexM0\ARM_GCC_541\Debug/UART.lst -g -D DEBUG -D CY_CORE_ID=0 -Wall -ffunction-sections -ffat-lto-objects -Og -c Generated_Source\PSoC4\UART.c -o .\CortexM0\ARM_GCC_541\Debug\UART.o
arm-none-eabi-gcc.exe -mcpu=cortex-m0 -mthumb -I. -IGenerated_Source\PSoC4 -Wa,-alh=.\CortexM0\ARM_GCC_541\Debug/UART_PM.lst -g -D DEBUG -D CY_CORE_ID=0 -Wall -ffunction-sections -ffat-lto-objects -Og -c Generated_Source\PSoC4\UART_PM.c -o .\CortexM0\ARM_GCC_541\Debug\UART_PM.o
arm-none-eabi-gcc.exe -mcpu=cortex-m0 -mthumb -I. -IGenerated_Source\PSoC4 -Wa,-alh=.\CortexM0\ARM_GCC_541\Debug/UART_INT.lst -g -D DEBUG -D CY_CORE_ID=0 -Wall -ffunction-sections -ffat-lto-objects -Og -c Generated_Source\PSoC4\UART_INT.c -o .\CortexM0\ARM_GCC_541\Debug\UART_INT.o
arm-none-eabi-gcc.exe -mcpu=cortex-m0 -mthumb -I. -IGenerated_Source\PSoC4 -Wa,-alh=.\CortexM0\ARM_GCC_541\Debug/UART_BOOT.lst -g -D DEBUG -D CY_CORE_ID=0 -Wall -ffunction-sections -ffat-lto-objects -Og -c Generated_Source\PSoC4\UART_BOOT.c -o .\CortexM0\ARM_GCC_541\Debug\UART_BOOT.o
arm-none-eabi-gcc.exe -mcpu=cortex-m0 -mthumb -I. -IGenerated_Source\PSoC4 -Wa,-alh=.\CortexM0\ARM_GCC_541\Debug/EEPROM.lst -g -D DEBUG -D CY_CORE_ID=0 -Wall -ffunction-sections -ffat-lto-objects -Og -c Generated_Source\PSoC4\EEPROM.c -o .\CortexM0\ARM_GCC_541\Debug\EEPROM.o
arm-none-eabi-gcc.exe -mcpu=cortex-m0 -mthumb -I. -IGenerated_Source\PSoC4 -Wa,-alh=.\CortexM0\ARM_GCC_541\Debug/UART_IntClock.lst -g -D DEBUG -D CY_CORE_ID=0 -Wall -ffunction-sections -ffat-lto-objects -Og -c Generated_Source\PSoC4\UART_IntClock.c -o .\CortexM0\ARM_GCC_541\Debug\UART_IntClock.o
arm-none-eabi-gcc.exe -mcpu=cortex-m0 -mthumb -I. -IGenerated_Source\PSoC4 -Wa,-alh=.\CortexM0\ARM_GCC_541\Debug/cy_em_eeprom.lst -g -D DEBUG -D CY_CORE_ID=0 -Wall -ffunction-sections -ffat-lto-objects -Og -c Generated_Source\PSoC4\cy_em_eeprom.c -o .\CortexM0\ARM_GCC_541\Debug\cy_em_eeprom.o
arm-none-eabi-gcc.exe -mcpu=cortex-m0 -mthumb -I. -IGenerated_Source\PSoC4 -Wa,-alh=.\CortexM0\ARM_GCC_541\Debug/Cm0Start.lst -g -D DEBUG -D CY_CORE_ID=0 -Wall -ffunction-sections -ffat-lto-objects -Og -c Generated_Source\PSoC4\Cm0Start.c -o .\CortexM0\ARM_GCC_541\Debug\Cm0Start.o
arm-none-eabi-gcc.exe -mcpu=cortex-m0 -mthumb -I. -IGenerated_Source\PSoC4 -Wa,-alh=.\CortexM0\ARM_GCC_541\Debug/CyFlash.lst -g -D DEBUG -D CY_CORE_ID=0 -Wall -ffunction-sections -ffat-lto-objects -Og -c Generated_Source\PSoC4\CyFlash.c -o .\CortexM0\ARM_GCC_541\Debug\CyFlash.o
arm-none-eabi-gcc.exe -mcpu=cortex-m0 -mthumb -I. -IGenerated_Source\PSoC4 -Wa,-alh=.\CortexM0\ARM_GCC_541\Debug/CyLib.lst -g -D DEBUG -D CY_CORE_ID=0 -Wall -ffunction-sections -ffat-lto-objects -Og -c Generated_Source\PSoC4\CyLib.c -o .\CortexM0\ARM_GCC_541\Debug\CyLib.o
arm-none-eabi-gcc.exe -mcpu=cortex-m0 -mthumb -I. -IGenerated_Source\PSoC4 -Wa,-alh=.\CortexM0\ARM_GCC_541\Debug/cyPm.lst -g -D DEBUG -D CY_CORE_ID=0 -Wall -ffunction-sections -ffat-lto-objects -Og -c Generated_Source\PSoC4\cyPm.c -o .\CortexM0\ARM_GCC_541\Debug\cyPm.o
arm-none-eabi-gcc.exe -mcpu=cortex-m0 -mthumb -I. -IGenerated_Source\PSoC4 -Wa,-alh=.\CortexM0\ARM_GCC_541\Debug/cyutils.lst -g -D DEBUG -D CY_CORE_ID=0 -Wall -ffunction-sections -ffat-lto-objects -Og -c Generated_Source\PSoC4\cyutils.c -o .\CortexM0\ARM_GCC_541\Debug\cyutils.o
arm-none-eabi-gcc.exe -mcpu=cortex-m0 -mthumb -I. -IGenerated_Source\PSoC4 -Wa,-alh=.\CortexM0\ARM_GCC_541\Debug/CyLFClk.lst -g -D DEBUG -D CY_CORE_ID=0 -Wall -ffunction-sections -ffat-lto-objects -Og -c Generated_Source\PSoC4\CyLFClk.c -o .\CortexM0\ARM_GCC_541\Debug\CyLFClk.o
arm-none-eabi-as.exe -mcpu=cortex-m0 -mthumb -I. -IGenerated_Source\PSoC4 -alh=.\CortexM0\ARM_GCC_541\Debug/CyBootAsmGnu.lst -g -W -o .\CortexM0\ARM_GCC_541\Debug\CyBootAsmGnu.o Generated_Source\PSoC4\CyBootAsmGnu.s
arm-none-eabi-ar.exe -rs .\CortexM0\ARM_GCC_541\Debug\CARD-rev2.a .\CortexM0\ARM_GCC_541\Debug\UART.o .\CortexM0\ARM_GCC_541\Debug\UART_PM.o .\CortexM0\ARM_GCC_541\Debug\UART_INT.o .\CortexM0\ARM_GCC_541\Debug\UART_BOOT.o .\CortexM0\ARM_GCC_541\Debug\EEPROM.o .\CortexM0\ARM_GCC_541\Debug\UART_IntClock.o .\CortexM0\ARM_GCC_541\Debug\cy_em_eeprom.o .\CortexM0\ARM_GCC_541\Debug\CyFlash.o .\CortexM0\ARM_GCC_541\Debug\CyLib.o .\CortexM0\ARM_GCC_541\Debug\cyPm.o .\CortexM0\ARM_GCC_541\Debug\cyutils.o .\CortexM0\ARM_GCC_541\Debug\CyLFClk.o .\CortexM0\ARM_GCC_541\Debug\CyBootAsmGnu.o
arm-none-eabi-ar.exe: creating .\CortexM0\ARM_GCC_541\Debug\CARD-rev2.a
arm-none-eabi-gcc.exe -Wl,--start-group -o "C:\Users\Larry\Documents\PSoC Creator\bwsi\bank-protocol\CARD-rev2.cydsn\CortexM0\ARM_GCC_541\Debug\CARD-rev2.elf" .\CortexM0\ARM_GCC_541\Debug\main.o .\CortexM0\ARM_GCC_541\Debug\usbserialprotocol.o .\CortexM0\ARM_GCC_541\Debug\gcm.o .\CortexM0\ARM_GCC_541\Debug\ccopy.o .\CortexM0\ARM_GCC_541\Debug\dec16be.o .\CortexM0\ARM_GCC_541\Debug\dec16le.o .\CortexM0\ARM_GCC_541\Debug\dec32be.o .\CortexM0\ARM_GCC_541\Debug\dec32le.o .\CortexM0\ARM_GCC_541\Debug\dec64be.o .\CortexM0\ARM_GCC_541\Debug\dec64le.o .\CortexM0\ARM_GCC_541\Debug\enc16be.o .\CortexM0\ARM_GCC_541\Debug\enc16le.o .\CortexM0\ARM_GCC_541\Debug\enc32be.o .\CortexM0\ARM_GCC_541\Debug\enc32le.o .\CortexM0\ARM_GCC_541\Debug\enc64be.o .\CortexM0\ARM_GCC_541\Debug\enc64le.o .\CortexM0\ARM_GCC_541\Debug\pemdec.o .\CortexM0\ARM_GCC_541\Debug\ec_all_m15.o .\CortexM0\ARM_GCC_541\Debug\ec_all_m31.o .\CortexM0\ARM_GCC_541\Debug\ec_c25519_i15.o .\CortexM0\ARM_GCC_541\Debug\ec_c25519_i31.o .\CortexM0\ARM_GCC_541\Debug\ec_c25519_m15.o .\CortexM0\ARM_GCC_541\Debug\ec_c25519_m31.o .\CortexM0\ARM_GCC_541\Debug\ec_curve25519.o .\CortexM0\ARM_GCC_541\Debug\ec_default.o .\CortexM0\ARM_GCC_541\Debug\ec_p256_m15.o .\CortexM0\ARM_GCC_541\Debug\ec_p256_m31.o .\CortexM0\ARM_GCC_541\Debug\ec_prime_i15.o .\CortexM0\ARM_GCC_541\Debug\ec_prime_i31.o .\CortexM0\ARM_GCC_541\Debug\ec_secp256r1.o .\CortexM0\ARM_GCC_541\Debug\ec_secp384r1.o .\CortexM0\ARM_GCC_541\Debug\ec_secp521r1.o .\CortexM0\ARM_GCC_541\Debug\ecdsa_atr.o .\CortexM0\ARM_GCC_541\Debug\ecdsa_default_sign_asn1.o .\CortexM0\ARM_GCC_541\Debug\ecdsa_default_sign_raw.o .\CortexM0\ARM_GCC_541\Debug\ecdsa_default_vrfy_asn1.o .\CortexM0\ARM_GCC_541\Debug\ecdsa_default_vrfy_raw.o .\CortexM0\ARM_GCC_541\Debug\ecdsa_i15_bits.o .\CortexM0\ARM_GCC_541\Debug\ecdsa_i15_sign_asn1.o .\CortexM0\ARM_GCC_541\Debug\ecdsa_i15_sign_raw.o .\CortexM0\ARM_GCC_541\Debug\ecdsa_i15_vrfy_asn1.o .\CortexM0\ARM_GCC_541\Debug\ecdsa_i15_vrfy_raw.o .\CortexM0\ARM_GCC_541\Debug\ecdsa_i31_bits.o .\CortexM0\ARM_GCC_541\Debug\ecdsa_i31_sign_asn1.o .\CortexM0\ARM_GCC_541\Debug\ecdsa_i31_sign_raw.o .\CortexM0\ARM_GCC_541\Debug\ecdsa_i31_vrfy_asn1.o .\CortexM0\ARM_GCC_541\Debug\ecdsa_i31_vrfy_raw.o .\CortexM0\ARM_GCC_541\Debug\ecdsa_rta.o .\CortexM0\ARM_GCC_541\Debug\dig_oid.o .\CortexM0\ARM_GCC_541\Debug\dig_size.o .\CortexM0\ARM_GCC_541\Debug\ghash_ctmul.o .\CortexM0\ARM_GCC_541\Debug\ghash_ctmul32.o .\CortexM0\ARM_GCC_541\Debug\ghash_ctmul64.o .\CortexM0\ARM_GCC_541\Debug\ghash_pclmul.o .\CortexM0\ARM_GCC_541\Debug\ghash_pwr8.o .\CortexM0\ARM_GCC_541\Debug\md5.o .\CortexM0\ARM_GCC_541\Debug\md5sha1.o .\CortexM0\ARM_GCC_541\Debug\multihash.o .\CortexM0\ARM_GCC_541\Debug\sha1.o .\CortexM0\ARM_GCC_541\Debug\sha2big.o .\CortexM0\ARM_GCC_541\Debug\sha2small.o .\CortexM0\ARM_GCC_541\Debug\i15_add.o .\CortexM0\ARM_GCC_541\Debug\i15_bitlen.o .\CortexM0\ARM_GCC_541\Debug\i15_decmod.o .\CortexM0\ARM_GCC_541\Debug\i15_decode.o .\CortexM0\ARM_GCC_541\Debug\i15_decred.o .\CortexM0\ARM_GCC_541\Debug\i15_encode.o .\CortexM0\ARM_GCC_541\Debug\i15_fmont.o .\CortexM0\ARM_GCC_541\Debug\i15_iszero.o .\CortexM0\ARM_GCC_541\Debug\i15_modpow.o .\CortexM0\ARM_GCC_541\Debug\i15_modpow2.o .\CortexM0\ARM_GCC_541\Debug\i15_montmul.o .\CortexM0\ARM_GCC_541\Debug\i15_mulacc.o .\CortexM0\ARM_GCC_541\Debug\i15_muladd.o .\CortexM0\ARM_GCC_541\Debug\i15_ninv15.o .\CortexM0\ARM_GCC_541\Debug\i15_reduce.o .\CortexM0\ARM_GCC_541\Debug\i15_rshift.o .\CortexM0\ARM_GCC_541\Debug\i15_sub.o .\CortexM0\ARM_GCC_541\Debug\i15_tmont.o .\CortexM0\ARM_GCC_541\Debug\i31_add.o .\CortexM0\ARM_GCC_541\Debug\i31_bitlen.o .\CortexM0\ARM_GCC_541\Debug\i31_decmod.o .\CortexM0\ARM_GCC_541\Debug\i31_decode.o .\CortexM0\ARM_GCC_541\Debug\i31_decred.o .\CortexM0\ARM_GCC_541\Debug\i31_encode.o .\CortexM0\ARM_GCC_541\Debug\i31_fmont.o .\CortexM0\ARM_GCC_541\Debug\i31_iszero.o .\CortexM0\ARM_GCC_541\Debug\i31_modpow.o .\CortexM0\ARM_GCC_541\Debug\i31_modpow2.o .\CortexM0\ARM_GCC_541\Debug\i31_montmul.o .\CortexM0\ARM_GCC_541\Debug\i31_mulacc.o .\CortexM0\ARM_GCC_541\Debug\i31_muladd.o .\CortexM0\ARM_GCC_541\Debug\i31_ninv31.o .\CortexM0\ARM_GCC_541\Debug\i31_reduce.o .\CortexM0\ARM_GCC_541\Debug\i31_rshift.o .\CortexM0\ARM_GCC_541\Debug\i31_sub.o .\CortexM0\ARM_GCC_541\Debug\i31_tmont.o .\CortexM0\ARM_GCC_541\Debug\i32_add.o .\CortexM0\ARM_GCC_541\Debug\i32_bitlen.o .\CortexM0\ARM_GCC_541\Debug\i32_decmod.o .\CortexM0\ARM_GCC_541\Debug\i32_decode.o .\CortexM0\ARM_GCC_541\Debug\i32_decred.o .\CortexM0\ARM_GCC_541\Debug\i32_div32.o .\CortexM0\ARM_GCC_541\Debug\i32_encode.o .\CortexM0\ARM_GCC_541\Debug\i32_fmont.o .\CortexM0\ARM_GCC_541\Debug\i32_iszero.o .\CortexM0\ARM_GCC_541\Debug\i32_modpow.o .\CortexM0\ARM_GCC_541\Debug\i32_montmul.o .\CortexM0\ARM_GCC_541\Debug\i32_mulacc.o .\CortexM0\ARM_GCC_541\Debug\i32_muladd.o .\CortexM0\ARM_GCC_541\Debug\i32_ninv32.o .\CortexM0\ARM_GCC_541\Debug\i32_reduce.o .\CortexM0\ARM_GCC_541\Debug\i32_sub.o .\CortexM0\ARM_GCC_541\Debug\i32_tmont.o .\CortexM0\ARM_GCC_541\Debug\i62_modpow2.o .\CortexM0\ARM_GCC_541\Debug\hmac.o .\CortexM0\ARM_GCC_541\Debug\hmac_ct.o .\CortexM0\ARM_GCC_541\Debug\hmac_drbg.o .\CortexM0\ARM_GCC_541\Debug\rsa_default_pkcs1_sign.o .\CortexM0\ARM_GCC_541\Debug\rsa_default_pkcs1_vrfy.o .\CortexM0\ARM_GCC_541\Debug\rsa_default_priv.o .\CortexM0\ARM_GCC_541\Debug\rsa_default_pub.o .\CortexM0\ARM_GCC_541\Debug\rsa_i15_pkcs1_sign.o .\CortexM0\ARM_GCC_541\Debug\rsa_i15_pkcs1_vrfy.o .\CortexM0\ARM_GCC_541\Debug\rsa_i15_priv.o .\CortexM0\ARM_GCC_541\Debug\rsa_i15_pub.o .\CortexM0\ARM_GCC_541\Debug\rsa_i31_pkcs1_sign.o .\CortexM0\ARM_GCC_541\Debug\rsa_i31_pkcs1_vrfy.o .\CortexM0\ARM_GCC_541\Debug\rsa_i31_priv.o .\CortexM0\ARM_GCC_541\Debug\rsa_i31_pub.o .\CortexM0\ARM_GCC_541\Debug\rsa_i32_pkcs1_sign.o .\CortexM0\ARM_GCC_541\Debug\rsa_i32_pkcs1_vrfy.o .\CortexM0\ARM_GCC_541\Debug\rsa_i32_priv.o .\CortexM0\ARM_GCC_541\Debug\rsa_i32_pub.o .\CortexM0\ARM_GCC_541\Debug\rsa_i62_pkcs1_sign.o .\CortexM0\ARM_GCC_541\Debug\rsa_i62_pkcs1_vrfy.o .\CortexM0\ARM_GCC_541\Debug\rsa_i62_priv.o .\CortexM0\ARM_GCC_541\Debug\rsa_i62_pub.o .\CortexM0\ARM_GCC_541\Debug\rsa_pkcs1_sig_pad.o .\CortexM0\ARM_GCC_541\Debug\rsa_pkcs1_sig_unpad.o .\CortexM0\ARM_GCC_541\Debug\rsa_ssl_decrypt.o .\CortexM0\ARM_GCC_541\Debug\prf.o .\CortexM0\ARM_GCC_541\Debug\prf_md5sha1.o .\CortexM0\ARM_GCC_541\Debug\prf_sha256.o .\CortexM0\ARM_GCC_541\Debug\prf_sha384.o .\CortexM0\ARM_GCC_541\Debug\ssl_ccert_single_ec.o .\CortexM0\ARM_GCC_541\Debug\ssl_ccert_single_rsa.o .\CortexM0\ARM_GCC_541\Debug\ssl_client.o .\CortexM0\ARM_GCC_541\Debug\ssl_client_default_rsapub.o .\CortexM0\ARM_GCC_541\Debug\ssl_client_full.o .\CortexM0\ARM_GCC_541\Debug\ssl_engine.o .\CortexM0\ARM_GCC_541\Debug\ssl_engine_default_aescbc.o .\CortexM0\ARM_GCC_541\Debug\ssl_engine_default_aesgcm.o .\CortexM0\ARM_GCC_541\Debug\ssl_engine_default_chapol.o .\CortexM0\ARM_GCC_541\Debug\ssl_engine_default_descbc.o .\CortexM0\ARM_GCC_541\Debug\ssl_engine_default_ec.o .\CortexM0\ARM_GCC_541\Debug\ssl_engine_default_ecdsa.o .\CortexM0\ARM_GCC_541\Debug\ssl_engine_default_rsavrfy.o .\CortexM0\ARM_GCC_541\Debug\ssl_hashes.o .\CortexM0\ARM_GCC_541\Debug\ssl_hs_client.o .\CortexM0\ARM_GCC_541\Debug\ssl_hs_server.o .\CortexM0\ARM_GCC_541\Debug\ssl_io.o .\CortexM0\ARM_GCC_541\Debug\ssl_keyexport.o .\CortexM0\ARM_GCC_541\Debug\ssl_lru.o .\CortexM0\ARM_GCC_541\Debug\ssl_rec_cbc.o .\CortexM0\ARM_GCC_541\Debug\ssl_rec_chapol.o .\CortexM0\ARM_GCC_541\Debug\ssl_rec_gcm.o .\CortexM0\ARM_GCC_541\Debug\ssl_scert_single_ec.o .\CortexM0\ARM_GCC_541\Debug\ssl_scert_single_rsa.o .\CortexM0\ARM_GCC_541\Debug\ssl_server.o .\CortexM0\ARM_GCC_541\Debug\ssl_server_full_ec.o .\CortexM0\ARM_GCC_541\Debug\ssl_server_full_rsa.o .\CortexM0\ARM_GCC_541\Debug\ssl_server_mine2c.o .\CortexM0\ARM_GCC_541\Debug\ssl_server_mine2g.o .\CortexM0\ARM_GCC_541\Debug\ssl_server_minf2c.o .\CortexM0\ARM_GCC_541\Debug\ssl_server_minf2g.o .\CortexM0\ARM_GCC_541\Debug\ssl_server_minr2g.o .\CortexM0\ARM_GCC_541\Debug\ssl_server_minu2g.o .\CortexM0\ARM_GCC_541\Debug\ssl_server_minv2g.o .\CortexM0\ARM_GCC_541\Debug\aes_big_cbcdec.o .\CortexM0\ARM_GCC_541\Debug\aes_big_cbcenc.o .\CortexM0\ARM_GCC_541\Debug\aes_big_ctr.o .\CortexM0\ARM_GCC_541\Debug\aes_big_dec.o .\CortexM0\ARM_GCC_541\Debug\aes_big_enc.o .\CortexM0\ARM_GCC_541\Debug\aes_common.o .\CortexM0\ARM_GCC_541\Debug\aes_ct.o .\CortexM0\ARM_GCC_541\Debug\aes_ct_cbcdec.o .\CortexM0\ARM_GCC_541\Debug\aes_ct_cbcenc.o .\CortexM0\ARM_GCC_541\Debug\aes_ct_ctr.o .\CortexM0\ARM_GCC_541\Debug\aes_ct_dec.o .\CortexM0\ARM_GCC_541\Debug\aes_ct_enc.o .\CortexM0\ARM_GCC_541\Debug\aes_ct64.o .\CortexM0\ARM_GCC_541\Debug\aes_ct64_cbcdec.o .\CortexM0\ARM_GCC_541\Debug\aes_ct64_cbcenc.o .\CortexM0\ARM_GCC_541\Debug\aes_ct64_ctr.o .\CortexM0\ARM_GCC_541\Debug\aes_ct64_dec.o .\CortexM0\ARM_GCC_541\Debug\aes_ct64_enc.o .\CortexM0\ARM_GCC_541\Debug\aes_pwr8.o .\CortexM0\ARM_GCC_541\Debug\aes_pwr8_cbcdec.o .\CortexM0\ARM_GCC_541\Debug\aes_pwr8_cbcenc.o .\CortexM0\ARM_GCC_541\Debug\aes_pwr8_ctr.o .\CortexM0\ARM_GCC_541\Debug\aes_small_cbcdec.o .\CortexM0\ARM_GCC_541\Debug\aes_small_cbcenc.o .\CortexM0\ARM_GCC_541\Debug\aes_small_ctr.o .\CortexM0\ARM_GCC_541\Debug\aes_small_dec.o .\CortexM0\ARM_GCC_541\Debug\aes_small_enc.o .\CortexM0\ARM_GCC_541\Debug\aes_x86ni.o .\CortexM0\ARM_GCC_541\Debug\aes_x86ni_cbcdec.o .\CortexM0\ARM_GCC_541\Debug\aes_x86ni_cbcenc.o .\CortexM0\ARM_GCC_541\Debug\aes_x86ni_ctr.o .\CortexM0\ARM_GCC_541\Debug\chacha20_ct.o .\CortexM0\ARM_GCC_541\Debug\chacha20_sse2.o .\CortexM0\ARM_GCC_541\Debug\des_ct.o .\CortexM0\ARM_GCC_541\Debug\des_ct_cbcdec.o .\CortexM0\ARM_GCC_541\Debug\des_ct_cbcenc.o .\CortexM0\ARM_GCC_541\Debug\des_support.o .\CortexM0\ARM_GCC_541\Debug\des_tab.o .\CortexM0\ARM_GCC_541\Debug\des_tab_cbcdec.o .\CortexM0\ARM_GCC_541\Debug\des_tab_cbcenc.o .\CortexM0\ARM_GCC_541\Debug\poly1305_ctmul.o .\CortexM0\ARM_GCC_541\Debug\poly1305_ctmul32.o .\CortexM0\ARM_GCC_541\Debug\poly1305_ctmulq.o .\CortexM0\ARM_GCC_541\Debug\poly1305_i15.o .\CortexM0\ARM_GCC_541\Debug\skey_decoder.o .\CortexM0\ARM_GCC_541\Debug\x509_decoder.o .\CortexM0\ARM_GCC_541\Debug\x509_knownkey.o .\CortexM0\ARM_GCC_541\Debug\x509_minimal.o .\CortexM0\ARM_GCC_541\Debug\x509_minimal_full.o .\CortexM0\ARM_GCC_541\Debug\cyfitter_cfg.o .\CortexM0\ARM_GCC_541\Debug\cymetadata.o .\CortexM0\ARM_GCC_541\Debug\Cm0Start.o .\CortexM0\ARM_GCC_541\Debug\CARD-rev2.a -mcpu=cortex-m0 -mthumb -L Generated_Source\PSoC4 -Wl,-Map,.\CortexM0\ARM_GCC_541\Debug/CARD-rev2.map -T Generated_Source\PSoC4\cm0gcc.ld -specs=nano.specs -Wl,--gc-sections -g -ffunction-sections -Og -ffat-lto-objects -Wl,--end-group
cyelftool.exe -C "C:\Users\Larry\Documents\PSoC Creator\bwsi\bank-protocol\CARD-rev2.cydsn\CortexM0\ARM_GCC_541\Debug\CARD-rev2.elf" --flash_row_size 128 --flash_size 32768 --flash_offset 0x00000000
No ELF section .cychecksum found, creating one
Application checksum calculated and stored in ELF section .cychecksum
Checksum calculated and stored in ELF section .cymeta
cyelftool.exe -S "C:\Users\Larry\Documents\PSoC Creator\bwsi\bank-protocol\CARD-rev2.cydsn\CortexM0\ARM_GCC_541\Debug\CARD-rev2.elf"
Flash used: 4688 of 32768 bytes (14.3%).
SRAM used: 1568 of 4096 bytes (38.3%). Stack: 1024 bytes. Heap: 128 bytes.
--------------- Rebuild Succeeded: 07/20/2018 16:19:02 ---------------
